1 2
1 3
1 4
1 5
1 6
1 7
1 8
1 14
1 17
1 24
1 26
1 31
1 32
1 33
1 35
1 39
1 44
1 50
1 51
1 57
1 61
1 64
1 74
1 81
1 101
1 106
1 109
1 122
1 141
1 148
1 152
2 3
2 4
2 5
2 6
2 12
2 24
2 32
2 33
2 35
2 39
2 56
2 66
2 106
2 124
2 127
2 131
2 135
2 148
3 4
3 8
3 13
3 17
3 26
3 51
3 55
3 64
3 81
3 93
3 106
3 109
3 133
4 6
4 8
4 11
4 32
4 44
4 55
4 64
4 76
4 81
4 82
4 106
4 124
4 127
5 6
5 7
5 9
5 35
5 39
5 50
5 57
5 68
5 73
5 74
5 96
5 136
5 141
5 148
6 7
6 10
6 33
6 35
6 39
6 52
6 68
6 69
6 70
6 99
6 106
6 119
6 148
7 14
7 15
7 39
7 50
7 61
7 74
7 87
7 105
7 141
7 148
8 16
8 26
8 51
8 81
8 94
8 101
8 109
8 112
9 20
9 37
9 39
9 50
9 57
9 68
9 73
9 96
9 114
9 115
9 136
9 143
9 148
10 18
10 33
10 35
10 39
10 52
10 63
10 68
10 69
10 70
10 99
10 119
10 129
10 130
10 156
11 21
11 32
11 44
11 55
11 76
11 82
11 88
11 95
11 106
11 124
12 19
12 24
12 28
12 32
12 33
12 45
12 56
12 66
12 113
12 127
12 131
12 135
13 17
13 22
13 38
13 51
13 64
13 93
13 118
13 133
14 30
14 31
14 61
14 105
14 122
15 23
15 50
15 61
15 74
15 87
15 105
15 141
15 142
16 25
16 51
16 94
16 101
16 109
16 112
16 140
17 22
17 38
17 51
17 64
17 81
17 93
17 109
17 133
17 158
18 27
18 52
18 63
18 69
18 70
18 99
18 119
18 130
18 156
19 28
19 45
19 56
19 65
19 66
19 113
20 37
20 41
20 47
20 96
20 103
20 114
21 29
21 44
21 72
21 76
21 82
21 88
21 95
22 38
22 46
22 93
22 118
22 134
22 158
23 34
23 85
23 87
23 142
24 32
24 33
24 35
24 45
24 56
24 66
24 106
24 113
24 127
24 131
24 135
25 43
25 94
25 112
25 140
26 40
26 101
26 152
27 42
27 52
27 63
27 83
27 99
27 107
27 130
27 156
28 45
28 49
28 65
28 90
29 48
29 72
29 95
29 102
30 36
30 61
30 122
31 77
31 122
32 33
32 44
32 56
32 76
32 82
32 106
32 113
32 124
32 127
33 35
33 39
33 56
33 66
33 70
33 119
33 129
33 131
33 135
34 62
34 85
35 39
35 52
35 68
35 69
35 70
35 119
35 129
35 131
35 148
36 78
36 91
36 100
37 41
37 57
37 73
37 96
37 103
37 114
37 115
37 143
38 46
38 64
38 93
38 118
38 133
38 158
39 50
39 57
39 68
39 69
39 73
39 96
39 119
39 148
40 116
41 47
41 53
41 80
41 103
41 114
41 125
42 54
42 63
42 83
42 97
42 107
43 60
43 111
43 140
44 55
44 76
44 81
44 82
44 88
44 95
44 106
44 124
44 127
45 56
45 66
45 90
45 113
45 135
46 59
46 108
46 118
46 134
46 147
47 53
47 80
47 125
47 155
48 58
48 72
48 102
48 132
49 65
49 67
49 90
49 98
49 110
49 144
50 57
50 74
50 136
50 141
50 148
51 64
51 81
51 93
51 94
51 101
51 109
51 112
52 63
52 69
52 70
52 99
52 119
52 130
52 156
53 80
53 89
53 120
53 125
53 155
54 79
54 83
54 97
54 137
55 64
55 76
55 81
55 95
55 106
55 133
56 66
56 82
56 106
56 113
56 124
56 127
56 131
57 68
57 73
57 96
57 114
57 115
57 136
57 143
57 148
58 71
58 102
58 123
58 132
58 138
59 75
59 108
59 134
59 147
60 92
60 111
61 74
61 105
61 122
61 141
61 142
62 85
62 86
63 107
63 130
63 156
64 76
64 81
64 93
64 106
64 109
64 133
65 90
65 110
66 113
66 129
66 131
66 135
67 98
67 110
67 121
67 144
67 145
68 69
68 73
68 96
68 99
69 70
69 73
69 99
69 119
69 148
70 99
70 119
70 129
70 130
71 123
71 138
71 149
71 157
72 88
72 132
73 96
73 115
73 143
73 148
74 87
74 105
74 136
74 141
75 108
75 117
76 81
76 82
76 88
76 95
76 106
76 124
76 133
78 91
78 100
78 104
79 97
79 128
79 137
79 151
80 89
80 120
80 125
80 155
81 106
81 109
81 133
82 88
82 95
82 106
82 124
82 127
84 116
85 87
86 126
86 153
87 105
87 141
87 142
88 95
88 124
89 120
89 150
89 155
90 98
91 100
92 111
92 139
93 109
94 109
94 112
96 114
96 115
96 143
97 107
97 137
98 110
98 144
99 156
101 112
102 123
103 114
103 115
103 125
105 142
106 124
106 127
108 117
108 134
108 146
108 147
109 112
110 121
111 139
112 140
113 127
113 135
114 115
114 136
114 143
115 143
115 148
117 146
117 154
118 134
118 158
120 150
120 155
121 144
121 145
123 149
124 127
126 153
128 137
128 151
129 130
129 131
129 135
131 135
132 138
133 158
134 147
134 158
136 141
138 157
144 145
146 147
