1 2
1 3
1 4
1 5
1 6
1 7
1 8
1 9
1 10
1 15
1 16
1 17
1 18
1 19
1 20
1 21
1 31
1 45
1 50
1 51
1 53
1 59
1 61
1 74
1 77
1 78
1 93
1 107
1 145
1 175
1 181
1 203
1 209
1 218
1 221
1 246
1 268
1 323
2 3
2 4
2 10
2 11
2 13
2 20
2 21
2 22
2 31
2 45
2 48
2 77
2 157
2 175
2 203
2 218
2 221
2 226
2 246
2 268
2 286
2 323
3 4
3 7
3 12
3 13
3 17
3 18
3 19
3 20
3 25
3 31
3 32
3 48
3 51
3 77
3 106
3 107
3 203
3 221
3 268
3 286
4 5
4 8
4 10
4 14
4 16
4 21
4 27
4 31
4 45
4 68
4 77
4 90
4 103
4 134
4 157
4 175
4 218
4 246
4 251
4 323
5 6
5 8
5 9
5 15
5 16
5 23
5 28
5 30
5 53
5 68
5 102
5 134
5 145
5 152
5 160
5 175
5 201
5 238
5 246
5 323
5 375
6 9
6 15
6 26
6 33
6 53
6 59
6 74
6 102
6 118
6 145
6 160
6 168
6 175
6 213
6 323
6 352
7 17
7 18
7 19
7 24
7 51
7 65
7 75
7 106
7 107
7 127
7 178
7 181
7 221
8 15
8 16
8 23
8 28
8 30
8 68
8 85
8 90
8 134
8 175
8 184
8 201
8 238
8 246
8 251
8 323
8 375
9 15
9 29
9 53
9 59
9 74
9 78
9 89
9 93
9 145
9 168
9 214
9 323
9 352
10 14
10 16
10 21
10 27
10 45
10 58
10 103
10 113
10 157
10 218
10 246
10 251
10 360
11 13
11 21
11 22
11 36
11 45
11 49
11 54
11 77
11 84
11 103
11 156
11 157
11 211
11 218
11 226
11 286
11 337
12 18
12 20
12 25
12 32
12 34
12 48
12 51
12 57
12 62
12 96
12 106
12 189
12 203
12 221
13 20
13 21
13 22
13 31
13 35
13 43
13 45
13 48
13 77
13 82
13 157
13 172
13 198
13 203
13 226
13 268
13 286
14 16
14 27
14 39
14 42
14 68
14 73
14 103
14 134
14 143
14 215
14 237
14 241
14 251
15 28
15 33
15 53
15 59
15 88
15 145
15 160
15 175
15 201
15 213
15 238
15 277
15 323
16 68
16 73
16 134
16 143
16 175
16 196
16 241
16 246
16 251
16 323
16 375
17 19
17 50
17 52
17 61
17 107
17 127
17 181
17 206
17 221
17 223
17 273
18 20
18 31
18 32
18 51
18 86
18 96
18 106
18 107
18 178
18 199
18 200
18 203
18 221
18 268
19 24
19 50
19 51
19 52
19 61
19 75
19 107
19 127
19 176
19 181
19 206
19 223
19 273
19 298
20 25
20 31
20 48
20 51
20 62
20 77
20 106
20 189
20 197
20 198
20 203
20 221
20 268
20 286
21 22
21 31
21 45
21 49
21 54
21 77
21 84
21 103
21 157
21 211
21 218
21 226
21 251
21 286
22 31
22 35
22 36
22 43
22 48
22 49
22 54
22 82
22 99
22 157
22 198
22 226
22 286
23 28
23 30
23 37
23 40
23 41
23 68
23 71
23 134
23 152
23 160
23 184
23 201
23 332
23 375
24 51
24 55
24 56
24 65
24 75
24 106
24 107
24 127
24 178
24 181
24 200
25 34
25 48
25 62
25 66
25 133
25 135
25 173
25 189
25 203
26 33
26 44
26 47
26 59
26 72
26 74
26 109
26 118
26 168
26 213
26 288
27 42
27 46
27 58
27 87
27 103
27 113
27 149
27 248
27 251
28 40
28 41
28 53
28 102
28 152
28 160
28 175
28 201
28 224
28 323
28 375
29 59
29 60
29 74
29 78
29 89
29 116
29 132
29 168
29 214
29 352
30 37
30 40
30 68
30 71
30 85
30 90
30 134
30 139
30 184
30 201
30 215
30 375
31 45
31 48
31 77
31 82
31 172
31 198
31 203
31 221
31 268
31 286
32 34
32 57
32 86
32 96
32 106
32 189
32 199
32 200
32 203
32 297
33 47
33 79
33 88
33 92
33 145
33 160
33 213
33 238
33 277
33 296
34 57
34 64
34 66
34 133
34 167
34 189
34 281
34 333
35 36
35 43
35 67
35 99
35 111
35 124
35 180
35 191
35 198
35 226
35 267
36 49
36 54
36 63
36 69
36 99
36 156
36 157
36 180
36 207
36 220
36 226
36 233
36 286
36 337
37 40
37 71
37 76
37 81
37 97
37 120
37 153
37 184
37 332
37 362
38 39
38 42
38 46
38 70
38 83
38 115
38 128
38 237
38 248
38 255
38 262
38 287
39 42
39 73
39 115
39 126
39 140
39 143
39 196
39 215
39 237
39 241
39 287
39 289
40 41
40 76
40 81
40 94
40 152
40 153
40 164
40 201
40 227
40 294
40 332
41 76
41 94
41 102
41 152
41 159
41 160
41 164
41 201
41 224
41 227
41 290
42 46
42 70
42 73
42 103
42 215
42 237
42 248
42 251
42 287
43 82
43 124
43 136
43 172
43 191
43 198
43 230
43 267
43 320
44 72
44 101
44 109
44 118
44 137
44 239
44 288
45 58
45 77
45 103
45 113
45 157
45 226
45 246
45 251
45 360
46 58
46 70
46 87
46 103
46 123
46 149
46 240
46 248
46 274
47 72
47 79
47 92
47 100
47 213
47 242
47 277
48 62
48 77
48 82
48 135
48 172
48 189
48 197
48 198
48 203
48 221
48 225
48 268
48 286
49 54
49 63
49 69
49 84
49 103
49 156
49 157
49 163
49 211
49 226
49 233
49 286
49 337
50 61
50 171
50 190
50 209
51 56
51 65
51 106
51 107
51 178
51 200
51 203
51 221
52 61
52 127
52 165
52 169
52 181
52 206
52 212
52 223
52 273
53 102
53 145
53 160
53 175
53 201
53 213
53 323
54 63
54 69
54 84
54 156
54 157
54 163
54 211
54 226
54 233
54 257
54 337
55 56
55 75
55 80
55 105
55 154
55 170
56 65
56 75
56 105
56 174
56 178
56 228
57 64
57 86
57 96
57 167
57 185
57 189
57 199
57 281
57 297
58 87
58 103
58 113
58 146
58 149
58 157
58 194
58 211
58 251
58 274
58 291
59 74
59 89
59 118
59 132
59 145
59 168
59 213
59 288
59 352
60 116
60 129
60 132
60 258
60 338
61 127
61 171
61 182
61 190
61 206
61 223
62 66
62 77
62 135
62 173
62 189
62 197
62 198
62 203
62 225
62 286
63 69
63 99
63 104
63 112
63 156
63 163
63 207
63 220
63 233
63 245
63 257
63 337
64 110
64 167
64 185
64 186
64 281
64 297
64 318
65 106
65 174
65 178
66 122
66 133
66 135
66 173
66 189
66 225
66 271
66 333
67 99
67 108
67 111
67 124
67 180
67 191
67 208
67 260
68 71
68 73
68 85
68 90
68 134
68 143
68 175
68 184
68 215
68 241
68 246
68 251
68 347
68 375
69 95
69 99
69 112
69 180
69 207
69 220
69 245
69 260
69 337
70 83
70 87
70 98
70 123
70 128
70 166
70 240
70 248
70 262
70 274
71 81
71 85
71 97
71 120
71 139
71 184
71 215
71 254
71 332
71 362
71 375
72 100
72 101
72 138
72 213
72 239
72 288
73 126
73 134
73 143
73 175
73 184
73 196
73 215
73 241
73 251
73 375
74 78
74 118
74 145
74 168
74 269
75 127
75 154
75 170
75 176
75 178
75 298
76 81
76 94
76 114
76 119
76 153
76 164
76 227
76 294
76 332
77 197
77 198
77 203
77 221
77 286
78 93
78 116
78 214
78 236
78 244
78 346
79 91
79 92
79 100
79 150
79 161
79 242
79 277
80 105
80 125
80 170
80 193
80 243
80 373
81 97
81 114
81 120
81 153
81 235
81 332
81 362
81 363
82 136
82 172
82 198
82 203
82 267
82 268
82 286
82 320
83 98
83 115
83 128
83 141
83 237
83 255
83 262
83 280
83 364
84 103
84 156
84 157
84 163
84 211
84 218
84 328
85 90
85 139
85 184
85 215
85 347
85 375
86 96
86 185
86 199
86 204
86 252
86 297
87 113
87 123
87 146
87 149
87 194
87 234
87 274
87 291
88 92
88 152
88 160
88 161
88 201
88 238
88 277
88 323
88 361
89 132
89 168
89 188
89 352
90 139
90 215
90 246
90 251
90 323
90 347
90 375
91 92
91 150
91 161
91 242
91 277
91 321
91 330
92 161
92 277
92 361
93 145
93 214
93 236
93 342
93 346
94 152
94 159
94 164
94 224
94 227
94 290
94 294
94 309
95 99
95 108
95 112
95 142
95 179
95 180
95 207
95 220
95 245
95 260
95 310
95 371
96 106
96 107
96 178
96 199
96 200
96 252
96 297
97 120
97 139
97 254
97 292
97 362
97 363
98 117
98 123
98 128
98 155
98 166
98 195
98 240
98 259
98 262
98 280
98 364
99 180
99 207
99 226
99 337
100 101
100 138
100 242
101 121
101 138
101 239
101 316
102 152
102 159
102 160
102 201
102 224
102 296
103 113
103 149
103 157
103 211
103 218
103 251
104 112
104 156
104 163
104 207
104 220
104 233
104 245
104 257
104 307
104 368
105 125
105 174
105 228
105 373
106 107
106 178
106 199
106 200
106 203
106 221
106 297
107 178
107 181
107 200
107 203
107 221
108 111
108 179
108 180
108 192
108 208
108 260
108 306
109 118
109 137
109 168
110 167
110 202
110 232
110 275
110 318
110 334
111 124
111 147
111 191
111 208
111 230
111 340
112 142
112 207
112 220
112 245
112 300
112 310
112 371
113 146
113 149
113 157
113 194
113 360
114 119
114 144
114 153
114 235
114 261
114 284
114 299
114 366
115 126
115 140
115 141
115 210
115 237
115 255
115 287
115 289
115 335
116 132
116 214
116 244
116 258
116 346
117 128
117 259
117 265
117 280
117 311
117 315
117 364
118 168
118 269
118 288
119 153
119 162
119 164
119 253
119 261
119 294
119 299
120 153
120 158
120 235
120 254
120 292
120 319
120 362
120 363
121 138
121 239
121 278
121 372
122 130
122 133
122 135
122 151
122 173
122 271
122 369
123 146
123 155
123 166
123 234
123 240
123 270
123 274
123 291
124 136
124 191
124 230
124 267
124 340
125 283
125 373
126 140
126 143
126 196
126 237
126 287
126 289
126 302
126 335
127 176
127 181
127 206
127 223
127 273
127 298
128 166
128 240
128 255
128 259
128 262
128 280
128 364
129 132
129 188
129 293
129 338
129 355
129 357
130 133
130 167
130 187
130 232
130 271
130 272
130 334
131 250
131 258
131 293
131 338
131 339
132 188
132 338
132 352
133 167
133 189
133 271
133 333
133 334
134 143
134 175
134 184
134 196
134 201
134 215
134 241
134 375
135 172
135 173
135 189
135 198
135 225
135 267
135 333
136 172
136 230
136 267
136 320
137 239
137 336
138 205
138 231
138 242
138 316
139 254
139 347
140 210
140 237
140 255
140 287
140 289
140 302
140 304
140 335
141 148
141 210
141 249
141 255
141 280
141 335
142 263
142 300
142 310
142 371
143 184
143 196
143 215
143 241
143 289
143 375
144 235
144 261
144 279
144 284
144 299
144 303
144 354
144 366
144 367
145 160
145 213
145 238
145 323
145 352
146 149
146 194
146 234
146 291
146 329
146 331
147 208
147 306
147 314
147 340
147 376
148 249
148 313
149 157
149 194
149 211
149 274
149 291
150 231
150 242
150 330
150 345
151 187
151 271
151 369
152 159
152 160
152 201
152 224
152 227
152 277
152 290
152 296
153 235
153 261
153 284
153 294
153 332
154 170
154 176
154 298
155 166
155 195
155 234
155 240
155 259
155 270
155 326
156 163
156 211
156 233
156 257
156 328
156 337
156 368
157 194
157 211
157 218
157 226
157 251
157 286
157 360
158 222
158 235
158 284
158 292
158 319
158 363
158 366
159 164
159 224
159 227
159 290
159 309
160 175
160 201
160 213
160 238
160 277
160 296
160 323
161 277
161 321
161 361
162 253
162 261
162 299
162 305
163 257
163 328
163 368
164 227
164 253
164 294
165 169
165 212
165 273
166 195
166 234
166 240
166 259
166 270
166 274
167 189
167 232
167 281
167 318
167 334
168 288
168 352
169 177
169 212
169 276
170 193
170 243
171 182
171 190
172 198
172 203
172 267
172 268
172 320
173 189
173 225
173 369
174 178
174 228
174 282
175 201
175 241
175 246
175 323
175 375
176 183
176 206
176 223
176 298
177 276
178 199
178 200
179 180
179 192
179 217
179 260
179 306
179 310
179 324
180 207
180 260
181 273
184 215
184 362
184 375
185 186
185 281
185 297
185 301
186 219
186 301
186 350
187 271
187 272
187 308
187 334
188 355
189 203
189 281
189 333
190 209
191 267
191 340
192 217
192 260
192 306
192 324
193 229
193 243
193 256
193 285
194 211
194 226
194 360
195 240
195 259
195 270
195 311
195 326
195 343
196 241
196 302
197 225
197 286
198 203
198 226
198 267
198 286
199 200
199 252
199 297
200 252
201 238
201 277
201 323
201 375
202 232
202 275
202 312
202 341
203 221
203 268
203 286
204 252
204 350
205 231
205 316
205 345
205 348
205 374
206 223
207 220
207 245
207 337
208 306
208 340
210 249
210 255
210 287
210 335
211 226
211 233
212 276
212 370
213 277
213 288
214 236
214 342
214 346
215 237
215 251
215 289
215 375
216 217
216 324
216 353
217 260
217 310
217 324
218 251
218 328
219 301
219 351
220 245
220 337
220 371
222 319
222 349
222 366
224 296
226 286
226 337
227 290
227 294
227 332
228 282
228 373
229 256
229 285
230 358
231 242
231 316
231 330
231 345
232 275
232 334
232 341
233 337
234 240
234 270
234 274
234 329
234 331
235 261
235 284
235 363
235 366
236 264
236 342
236 346
237 248
237 287
237 289
237 335
238 323
239 372
240 259
240 262
240 274
241 375
242 330
243 285
244 346
245 257
245 300
246 251
246 323
246 347
247 330
247 345
248 262
248 274
250 327
250 339
253 261
254 292
255 280
255 287
255 335
256 285
257 307
257 368
258 338
258 339
259 311
260 310
261 284
261 299
261 303
262 364
263 300
264 295
265 280
265 311
265 315
266 359
268 320
270 326
271 272
271 369
272 308
272 334
273 298
274 291
275 312
275 318
276 370
277 296
278 372
279 303
279 354
279 366
279 367
280 364
281 297
281 318
283 344
283 373
284 366
284 367
287 289
287 335
289 335
290 296
293 317
293 338
293 357
294 332
299 303
300 371
301 350
301 351
302 304
303 354
303 367
304 335
306 314
306 340
309 322
310 371
311 315
311 343
314 376
316 374
317 357
317 377
318 334
319 366
323 375
325 326
325 343
328 368
329 331
330 345
332 362
338 357
354 367
357 377
362 363
366 367
