1 2
1 3
1 4
1 5
1 6
1 7
1 8
1 9
1 10
1 11
1 12
1 13
1 14
1 15
1 16
1 17
1 18
1 19
1 20
1 21
1 22
1 23
1 25
1 30
1 31
1 32
1 35
1 56
1 60
1 65
1 68
1 70
1 72
1 76
1 79
1 80
1 81
1 84
1 92
1 100
1 109
1 111
1 118
1 121
1 125
1 148
1 157
1 178
1 182
1 187
1 195
1 200
1 205
1 214
1 216
1 224
1 244
1 290
1 291
1 301
1 306
1 311
2 15
2 16
2 18
2 20
2 21
2 22
2 23
2 26
2 35
2 41
2 65
2 72
2 76
2 79
2 80
2 81
2 92
2 111
2 169
2 178
2 186
2 195
2 203
2 220
2 244
2 273
2 290
3 4
3 5
3 6
3 7
3 11
4 7
4 10
5 6
5 11
5 12
5 13
6 7
6 11
6 13
7 10
8 10
8 14
9 14
10 14
11 13
12 13
15 17
15 20
15 22
15 24
15 30
15 32
15 40
15 42
15 72
15 80
15 100
15 118
15 125
15 187
15 221
15 244
15 290
15 306
16 18
16 19
16 21
16 23
16 27
16 36
16 47
16 65
16 80
16 81
16 92
16 111
16 143
16 148
16 178
16 185
16 195
16 219
16 273
17 30
17 31
17 32
17 33
17 67
17 118
17 157
17 182
17 187
17 194
17 244
17 290
17 306
18 19
18 21
18 25
18 29
18 37
18 47
18 56
18 60
18 65
18 80
18 84
18 114
18 121
18 148
18 178
18 195
18 200
18 214
18 237
18 291
19 21
19 25
19 29
19 37
19 39
19 56
19 65
19 82
19 121
19 135
19 148
19 219
19 237
20 22
20 28
20 38
20 43
20 49
20 72
20 76
20 79
20 80
20 92
20 125
20 134
20 220
20 235
20 244
21 23
21 25
21 27
21 47
21 56
21 65
21 80
21 81
21 111
21 121
21 148
21 178
21 195
21 200
21 212
21 219
21 273
22 28
22 38
22 55
22 72
22 76
22 80
22 92
22 102
22 125
22 220
22 231
22 244
22 301
23 26
23 35
23 41
23 58
23 76
23 80
23 92
23 111
23 169
23 178
23 195
23 203
23 273
24 32
24 40
24 42
24 44
24 53
24 62
24 72
24 74
24 100
24 118
24 125
24 221
24 293
25 34
25 56
25 60
25 65
25 71
25 84
25 86
25 121
25 132
25 214
25 237
25 281
25 291
26 35
26 41
26 46
26 58
26 59
26 63
26 76
26 111
26 169
26 203
26 262
27 36
27 45
27 47
27 51
27 64
27 81
27 94
27 111
27 148
27 178
27 185
27 212
27 273
28 38
28 43
28 49
28 52
28 55
28 72
28 76
28 79
28 125
28 220
28 231
29 37
29 48
29 57
29 101
29 114
29 121
29 237
30 31
30 32
30 33
30 67
30 68
30 69
30 70
30 118
30 153
30 157
30 182
30 194
30 216
30 244
30 290
30 306
31 66
31 68
31 70
31 119
31 157
31 182
31 216
31 290
31 306
32 42
32 72
32 107
32 118
32 177
32 194
32 244
32 288
32 290
32 306
33 50
33 67
33 69
33 73
33 75
33 105
33 118
33 153
33 157
33 187
33 194
33 306
34 54
34 56
34 71
34 84
34 86
34 96
34 121
34 132
34 214
35 41
35 63
35 76
35 78
35 92
35 158
35 186
35 195
35 220
36 45
36 64
36 81
36 90
36 111
36 143
36 185
36 195
36 273
36 299
37 39
37 48
37 57
37 82
37 148
37 237
38 49
38 52
38 55
38 61
38 102
38 231
38 319
39 57
39 65
39 82
39 116
39 135
39 148
39 219
40 53
40 62
40 72
40 100
40 125
40 201
40 221
40 244
40 293
41 46
41 59
41 63
41 76
41 78
41 186
41 203
42 44
42 74
42 107
42 118
42 172
42 177
42 194
42 288
42 306
43 49
43 76
43 79
43 80
43 112
43 133
43 134
43 220
43 235
43 255
44 53
44 74
44 89
44 95
44 108
44 123
44 172
44 293
45 51
45 64
45 88
45 93
45 204
45 212
45 273
46 59
46 63
46 87
46 97
46 104
46 117
46 129
47 51
47 94
47 148
47 200
47 212
48 57
48 82
48 98
48 101
48 141
48 225
48 237
49 52
49 77
49 85
49 112
49 133
49 155
49 220
49 255
50 67
50 73
50 75
50 105
50 115
50 120
50 128
50 188
51 93
51 94
51 140
51 204
51 212
51 223
51 246
52 61
52 77
52 85
52 122
52 155
52 319
53 62
53 74
53 89
53 147
53 221
53 293
54 71
54 84
54 86
54 96
54 99
54 132
54 210
55 72
55 102
55 125
55 231
55 234
55 284
55 301
56 60
56 65
56 71
56 84
56 121
56 146
56 214
56 237
56 281
56 291
57 82
57 98
57 106
57 110
57 141
58 59
58 111
58 126
58 169
58 199
58 203
58 254
58 262
59 87
59 117
59 126
59 203
59 227
59 262
60 84
60 91
60 109
60 144
60 214
60 291
60 311
61 77
61 102
61 122
61 159
61 191
61 231
61 319
62 89
62 100
62 147
62 201
62 206
62 221
62 293
63 78
63 97
63 145
63 186
63 222
64 88
64 90
64 103
64 136
64 185
64 257
64 273
64 299
65 80
65 135
65 148
65 178
65 195
65 219
66 68
66 83
66 119
66 157
66 175
66 182
66 213
67 115
67 118
67 187
67 194
67 290
68 70
68 83
68 157
68 175
68 216
68 249
69 73
69 153
69 157
69 198
69 287
70 171
70 182
70 205
70 216
70 224
70 290
70 306
71 86
71 121
71 146
71 210
71 281
72 80
72 92
72 100
72 125
72 221
72 231
72 234
72 244
72 290
72 301
72 306
73 75
73 105
73 153
74 95
74 107
74 108
74 172
74 177
74 264
74 288
75 105
75 120
75 128
75 153
75 174
75 218
76 78
76 79
76 80
76 92
76 134
76 158
76 186
76 195
76 220
76 244
77 85
77 122
77 131
77 150
77 155
78 92
78 145
78 158
78 186
78 222
79 80
79 112
79 134
79 220
79 235
80 92
80 100
80 134
80 178
80 195
80 220
80 235
80 244
80 290
81 90
81 111
81 143
81 178
81 185
81 195
81 273
82 110
82 116
82 135
83 119
83 175
83 196
83 213
84 121
84 132
84 214
84 241
84 291
85 133
85 137
85 155
85 314
86 96
86 121
86 146
86 192
86 210
87 104
87 113
87 117
87 126
87 227
87 243
87 254
87 262
88 93
88 103
88 124
88 151
88 152
88 204
88 239
89 95
89 123
89 139
89 147
89 217
89 293
89 318
90 103
90 136
90 143
90 185
90 257
90 273
90 299
91 109
91 144
91 240
92 158
92 186
92 195
92 220
92 244
93 124
93 140
93 164
93 204
93 223
93 261
94 140
94 148
94 200
94 212
94 223
94 246
95 108
95 123
95 130
95 160
95 172
96 99
96 154
96 192
96 210
97 104
97 129
97 145
97 156
97 258
97 289
98 101
98 106
98 141
98 168
98 225
99 132
99 142
99 154
99 226
99 229
100 125
100 201
100 221
100 244
100 290
101 114
101 225
101 237
101 312
102 159
102 231
102 234
102 284
102 313
102 319
103 136
103 152
103 163
103 190
104 117
104 127
104 129
104 161
105 153
105 174
105 198
105 218
106 110
106 138
106 141
106 165
106 215
107 172
107 177
107 264
107 288
108 130
108 172
108 173
108 264
109 144
109 214
109 274
109 311
110 116
110 138
110 166
110 170
111 169
111 178
111 185
111 195
111 203
111 273
112 133
112 134
112 235
112 255
112 278
113 117
113 227
113 243
113 247
113 270
114 121
114 237
115 128
115 187
115 188
115 283
116 135
116 166
116 170
116 276
117 127
117 227
117 243
118 177
118 187
118 194
118 288
118 290
118 306
119 182
119 213
120 128
120 149
120 183
120 218
120 315
121 237
121 281
122 150
122 159
122 191
122 296
123 130
123 139
123 160
123 217
124 151
124 152
124 164
124 204
124 261
125 201
125 221
125 231
125 244
125 290
126 169
126 199
126 227
126 254
126 262
126 277
127 161
127 180
127 243
127 307
128 183
128 188
128 218
129 156
129 161
129 258
129 307
129 317
130 160
130 173
130 184
130 259
131 150
131 155
131 179
131 232
131 314
132 214
132 230
132 241
133 137
133 155
133 255
133 278
134 186
134 220
134 235
134 255
135 170
135 219
135 276
136 163
136 257
136 299
137 155
137 167
137 278
137 314
138 166
138 215
138 233
139 147
139 209
139 217
139 318
140 164
140 204
140 223
140 246
141 165
141 168
141 215
141 225
142 229
142 248
143 185
143 195
143 257
143 273
143 299
144 214
144 291
145 156
145 222
145 289
146 210
146 279
146 281
147 201
147 206
147 209
147 293
147 318
148 200
148 212
148 219
149 211
149 218
149 315
150 181
150 191
150 232
150 296
151 152
151 162
151 239
151 256
151 261
151 267
152 190
152 239
153 157
153 198
154 192
154 226
154 260
155 179
155 314
156 258
156 285
156 289
157 182
157 287
157 290
157 306
158 186
158 220
158 222
159 191
159 284
159 313
159 319
160 184
160 202
160 217
160 308
161 250
161 307
161 317
162 239
162 256
162 261
162 267
162 269
163 190
163 282
164 261
164 298
165 168
165 215
165 252
165 286
166 170
166 280
167 314
168 225
168 245
169 178
169 199
169 203
170 276
171 189
171 205
171 216
172 173
172 264
173 259
173 264
174 197
174 218
174 275
175 208
175 216
175 249
176 196
176 228
177 194
177 264
177 288
177 306
178 195
178 203
178 244
178 273
179 232
179 238
179 314
180 243
180 297
180 307
181 232
181 271
181 296
181 302
182 290
183 188
183 315
184 259
184 265
184 308
185 195
185 203
185 273
185 299
186 220
186 222
187 194
187 290
187 306
188 283
190 239
190 251
190 267
190 282
191 272
191 296
191 313
192 210
192 260
192 279
193 240
194 288
194 290
194 306
195 203
195 244
195 273
196 207
197 218
197 253
197 275
199 254
199 262
199 277
201 206
201 221
202 217
202 300
202 308
202 309
203 262
203 273
204 223
205 224
205 236
206 318
209 217
209 294
209 318
210 279
212 223
214 241
214 291
215 233
215 242
215 252
215 292
216 224
216 249
217 300
220 255
221 231
221 293
222 289
223 246
225 245
225 312
226 260
226 263
227 247
227 254
227 277
230 241
231 234
231 319
232 238
232 302
233 242
233 280
234 284
234 301
235 255
238 268
239 251
239 267
242 292
242 316
243 247
244 290
244 306
247 270
250 305
250 307
250 317
251 267
251 304
252 286
252 292
254 262
254 277
256 261
256 269
257 299
258 285
258 317
259 310
263 295
264 288
265 308
266 286
267 304
271 302
272 296
280 303
284 313
290 306
292 316
294 300
300 309
