1 2
1 3
1 4
1 5
1 6
1 7
1 14
1 15
1 17
1 18
1 48
1 59
1 63
1 79
1 80
1 198
1 204
1 206
1 207
1 594
1 595
1 599
1 600
1 601
1 602
1 603
1 604
1 605
1 610
1 611
1 614
1 623
1 624
1 625
1 628
1 633
2 3
2 4
2 5
2 6
2 7
2 8
2 17
2 20
2 22
2 63
2 79
2 80
2 198
2 206
2 207
2 594
2 599
2 600
2 602
2 603
2 605
2 610
2 611
2 614
2 625
2 628
2 633
3 4
3 5
3 6
3 7
3 9
3 12
3 14
3 48
3 57
3 198
3 594
3 595
3 598
3 600
3 601
3 602
3 603
3 605
3 610
3 614
3 624
3 626
4 5
4 10
4 14
4 17
4 36
4 63
4 79
4 80
4 206
4 595
4 598
4 599
4 600
4 601
4 602
4 603
4 605
4 611
4 614
4 625
4 628
4 633
5 11
5 13
5 15
5 20
5 23
5 79
5 198
5 204
5 595
5 601
5 602
5 604
5 607
5 614
5 628
5 633
6 18
6 22
6 24
6 63
6 79
6 80
6 206
6 207
6 595
6 600
6 602
6 603
6 605
6 610
6 614
6 625
7 16
7 21
7 48
7 59
7 79
7 198
7 594
7 604
7 605
7 615
7 623
7 624
7 628
8 20
8 22
8 26
8 27
8 51
8 66
8 79
8 207
8 594
8 611
9 12
9 19
9 29
9 40
9 48
9 57
9 602
9 605
9 624
10 14
10 25
10 28
10 36
10 47
10 55
10 78
10 599
11 13
11 20
11 23
11 32
11 37
11 44
11 79
11 204
11 601
11 607
11 628
11 633
12 14
12 19
12 40
12 48
12 50
12 55
12 595
12 598
12 600
12 602
12 626
12 627
13 15
13 23
13 32
13 37
13 42
13 79
13 85
13 204
13 210
13 628
14 25
14 36
14 55
14 595
14 598
14 599
14 600
14 601
14 614
14 626
15 35
15 85
15 198
15 204
15 205
15 210
15 472
15 602
15 605
16 21
16 30
16 43
16 48
16 59
16 103
16 615
17 36
17 39
17 71
17 80
17 185
17 574
17 599
17 603
17 611
17 625
18 24
18 33
18 62
18 63
18 186
18 207
18 208
18 600
19 29
19 31
19 40
19 50
19 87
19 626
20 22
20 26
20 27
20 32
20 66
20 79
20 594
20 607
20 611
20 633
21 30
21 48
21 57
21 61
21 594
21 605
21 624
22 24
22 26
22 27
22 51
22 65
22 207
22 603
22 608
23 32
23 37
23 42
23 44
23 64
23 607
24 33
24 38
24 65
24 207
24 608
24 610
25 28
25 41
25 46
25 47
25 55
25 73
26 27
26 34
26 45
26 66
26 74
26 132
27 34
27 49
27 51
27 255
27 608
28 36
28 47
28 60
28 78
28 148
28 160
29 31
29 40
29 52
29 53
29 72
29 580
30 43
30 61
30 82
30 104
31 50
31 52
31 72
31 87
31 100
31 196
32 44
32 66
32 94
32 124
32 607
33 38
33 54
33 62
33 65
33 186
34 45
34 49
34 58
34 74
34 86
34 132
35 56
35 85
35 135
35 198
35 205
35 287
35 472
35 606
36 39
36 78
36 148
36 599
36 611
37 42
37 64
37 85
37 146
37 204
37 210
38 54
38 65
38 67
38 125
38 141
38 153
39 71
39 78
39 101
39 148
39 185
39 462
39 599
40 53
40 57
40 77
40 624
41 46
41 47
41 55
41 70
41 73
41 121
41 181
42 44
42 64
42 69
42 76
42 105
43 75
43 82
43 103
43 106
43 116
43 615
44 69
44 76
44 94
44 124
45 58
45 66
45 74
45 109
45 132
46 47
46 60
46 68
46 70
46 83
46 97
47 60
47 70
47 83
48 57
48 59
48 61
48 594
48 602
48 605
48 623
48 624
49 51
49 58
49 81
49 86
49 129
49 244
49 255
50 55
50 73
50 87
50 100
50 598
50 626
50 627
51 65
51 129
51 207
51 255
51 608
52 53
52 72
52 84
52 90
52 233
52 580
53 57
53 77
53 90
53 114
53 258
53 580
54 62
54 67
54 98
54 108
54 144
54 153
55 73
55 100
55 598
55 626
55 627
56 85
56 102
56 135
56 264
56 281
56 287
57 61
57 77
57 143
57 605
57 624
58 74
58 86
58 107
58 216
59 103
59 118
59 594
59 604
59 612
59 615
59 628
60 78
60 83
60 89
60 156
60 160
61 77
61 104
61 143
62 108
62 144
62 186
62 304
62 613
63 119
63 186
63 206
63 208
63 600
63 614
63 621
63 625
64 69
64 105
64 111
64 146
64 210
65 67
65 129
65 141
65 207
65 608
66 94
66 132
66 607
67 92
67 125
67 141
67 153
68 70
68 83
68 93
68 97
68 152
68 174
69 76
69 95
69 105
69 126
69 440
70 73
70 97
70 121
70 137
71 101
71 120
71 148
71 185
71 209
71 462
71 629
72 84
72 87
72 88
72 196
73 100
73 121
73 181
73 627
74 107
74 109
74 132
75 82
75 106
75 116
75 265
75 609
76 95
76 99
76 124
76 126
76 225
77 114
77 143
77 258
78 148
78 156
78 160
78 462
79 198
79 594
79 599
79 601
79 602
79 603
79 607
79 611
79 614
79 628
79 633
80 185
80 574
80 599
80 603
80 611
80 620
80 625
81 86
81 131
81 173
81 189
81 226
81 244
81 255
82 96
82 104
82 265
82 283
83 89
83 93
83 160
83 174
84 88
84 112
84 212
84 218
84 233
85 135
85 204
85 205
85 210
86 91
86 131
86 189
86 216
87 88
87 100
87 171
87 196
87 358
88 168
88 171
88 196
88 212
88 239
88 358
89 160
89 162
89 174
89 229
89 572
90 110
90 114
90 145
90 184
90 233
90 580
91 128
91 133
91 189
91 216
91 219
91 236
92 98
92 125
92 127
92 149
92 153
92 177
92 268
93 140
93 152
93 174
93 214
93 221
94 124
94 132
94 172
94 188
94 607
95 105
95 115
95 123
95 126
95 154
95 215
95 440
96 158
96 217
96 265
96 278
96 283
97 121
97 122
97 137
97 152
97 175
97 450
98 108
98 130
98 149
98 153
98 438
99 123
99 124
99 126
99 151
99 172
99 225
100 171
100 181
100 196
100 627
101 120
101 134
101 142
101 148
101 178
101 209
101 462
102 113
102 264
102 281
102 286
102 287
103 106
103 118
103 615
104 117
104 143
104 194
104 283
105 111
105 115
105 136
105 146
105 282
105 440
106 116
106 291
107 109
107 133
107 165
107 216
107 228
108 130
108 144
108 153
108 193
108 438
108 613
109 132
109 165
109 188
109 326
110 155
110 184
110 190
110 218
110 233
110 261
110 266
111 136
111 146
111 282
111 317
111 379
112 138
112 212
112 218
112 222
112 233
112 261
112 329
113 147
113 279
113 286
114 145
114 258
114 580
115 161
115 215
115 282
115 440
116 159
116 291
116 454
116 609
117 143
117 157
117 194
117 278
117 283
117 318
118 164
118 406
118 612
118 615
118 619
119 186
119 208
119 304
119 352
119 613
119 616
120 142
120 209
120 377
120 597
121 137
121 181
121 311
122 152
122 175
122 179
122 221
122 252
122 274
122 341
122 450
123 126
123 151
123 154
123 223
123 350
124 172
124 225
125 141
125 153
125 177
125 183
125 303
126 151
126 440
127 149
127 180
127 267
127 268
127 298
127 310
128 167
128 189
128 211
128 219
128 220
128 236
128 245
129 141
129 173
129 183
129 244
129 255
129 608
130 149
130 150
130 193
130 235
130 267
130 272
130 438
131 169
131 189
131 219
131 226
131 240
131 244
132 188
132 326
133 139
133 216
133 228
133 236
133 262
134 142
134 178
134 234
134 301
134 302
134 462
135 210
135 264
135 376
136 282
136 307
136 317
136 379
136 632
137 175
137 308
137 311
137 450
138 166
138 218
138 222
138 224
138 227
138 329
139 197
139 220
139 228
139 236
139 262
139 269
139 295
140 213
140 214
140 221
140 249
140 299
140 324
141 183
142 191
142 234
142 342
142 377
143 194
143 258
144 193
144 304
144 438
144 458
144 613
145 184
145 258
145 322
145 367
145 481
145 580
146 210
146 317
146 376
147 195
147 279
147 286
147 448
148 156
148 178
148 462
149 153
149 180
149 267
149 268
150 180
150 235
150 267
150 272
150 300
150 496
151 202
151 223
151 225
151 248
151 350
152 175
152 221
152 252
152 450
154 163
154 215
154 223
154 243
155 170
155 184
155 190
155 261
155 266
155 275
155 329
155 349
156 160
156 178
156 462
156 572
157 256
157 278
157 283
157 318
157 319
157 339
158 217
158 237
158 265
158 278
158 284
158 339
158 386
158 634
159 192
159 291
159 321
159 454
159 609
160 229
160 572
161 215
161 243
161 282
161 289
161 320
161 383
162 174
162 187
162 214
162 229
162 324
162 442
163 215
163 223
163 243
163 260
163 316
164 280
164 406
164 619
165 182
165 228
165 305
165 326
166 224
166 227
166 241
166 246
166 330
166 451
166 453
167 211
167 219
167 220
167 245
167 276
168 212
168 222
168 239
168 254
168 431
169 189
169 219
169 226
169 240
169 335
169 473
170 190
170 227
170 238
170 275
170 306
170 349
170 476
171 181
171 196
171 311
171 358
171 474
171 520
172 188
172 225
172 471
173 183
173 226
173 244
173 255
173 504
174 214
175 252
175 308
175 450
175 492
176 234
176 273
176 296
176 301
176 302
176 444
176 445
176 564
177 200
177 268
177 303
177 310
177 312
178 301
178 462
178 505
178 572
179 199
179 221
179 249
179 274
179 299
180 250
180 267
180 298
180 300
180 343
180 496
181 311
181 474
181 627
182 228
182 262
182 305
182 392
182 503
183 303
183 504
184 266
184 322
184 481
185 209
185 574
185 629
186 208
186 304
186 352
186 613
187 214
187 271
187 324
187 442
188 326
188 471
189 216
189 219
190 218
190 227
190 261
190 275
190 329
191 234
191 296
191 342
191 351
191 357
192 321
192 549
193 272
193 430
193 438
193 458
193 555
194 258
194 318
194 367
195 279
195 285
195 315
195 448
196 239
196 358
197 201
197 220
197 247
197 269
197 295
197 334
198 204
198 205
198 472
198 602
198 605
198 623
199 249
199 274
199 277
199 337
199 405
199 475
200 268
200 303
200 310
200 312
200 411
200 463
200 477
201 247
201 269
201 309
201 334
201 360
201 482
202 203
202 223
202 248
202 323
202 350
202 362
202 413
203 362
203 413
203 418
204 210
204 602
205 287
205 472
205 606
206 208
206 599
206 611
206 614
206 621
207 600
207 603
207 608
207 610
208 614
208 616
208 621
209 377
209 574
209 597
209 629
210 376
211 219
211 245
211 328
211 335
212 222
212 239
213 214
213 242
213 263
213 299
213 324
214 324
215 243
215 282
215 383
215 440
216 236
217 237
217 265
217 386
217 609
217 631
217 634
218 222
218 233
218 261
218 329
219 335
220 236
220 247
220 269
220 276
221 249
221 299
222 224
223 260
223 323
223 350
224 241
224 453
225 248
225 471
226 240
226 244
226 504
226 519
227 238
227 329
227 330
227 451
228 262
229 442
229 505
229 572
230 251
230 264
230 347
230 376
230 480
230 618
231 237
231 259
231 270
231 388
231 550
231 634
232 257
232 260
232 323
232 338
233 261
233 580
234 296
234 301
234 342
235 272
235 293
235 331
236 269
237 259
237 386
237 388
237 634
238 294
238 330
238 412
238 451
238 476
239 358
239 431
239 520
240 335
240 366
240 473
240 519
240 586
241 246
241 356
241 453
242 263
242 324
242 375
242 533
243 316
243 325
243 355
243 383
244 255
244 504
245 253
245 328
245 335
246 356
246 394
246 453
246 494
247 269
247 276
247 292
247 360
247 414
247 539
248 350
248 413
249 299
249 333
249 405
250 300
250 343
250 354
250 496
251 347
251 385
251 618
252 274
252 341
252 450
252 492
253 328
253 361
253 449
254 368
254 431
254 490
254 523
256 314
256 319
256 339
256 387
256 469
257 260
257 316
257 338
257 371
258 367
259 270
259 388
260 316
260 323
261 275
261 329
262 295
262 503
263 363
263 375
263 533
264 376
264 480
264 618
265 283
265 609
265 631
266 275
266 322
266 349
266 481
267 268
267 300
268 310
269 276
270 408
270 467
270 550
270 591
271 442
271 488
272 331
272 438
273 296
273 378
273 444
273 456
273 530
274 277
274 341
274 416
274 432
274 475
275 306
275 349
276 292
276 539
277 337
277 341
277 416
277 432
277 475
278 283
278 284
278 339
279 285
279 286
279 448
280 332
280 406
281 286
281 287
281 606
282 289
282 440
282 632
284 288
284 314
284 339
284 429
284 634
285 315
285 448
287 472
287 606
288 314
288 372
288 429
288 551
289 320
289 434
289 632
290 325
290 346
290 355
290 396
290 437
290 518
291 454
292 327
292 360
292 414
292 511
292 539
293 331
293 384
293 460
293 496
293 556
294 330
294 369
294 412
294 543
295 334
295 391
295 503
296 444
297 333
297 345
297 390
297 405
298 310
298 343
298 365
298 463
298 464
298 573
299 333
300 496
301 302
301 445
301 462
301 505
302 381
302 445
302 564
303 312
303 504
303 519
304 352
304 458
304 613
305 326
305 392
305 503
305 534
306 349
306 370
306 468
306 476
306 513
307 379
307 459
307 632
308 311
308 380
308 492
308 559
309 334
309 391
309 399
309 433
309 482
310 365
310 463
311 474
311 559
312 411
312 477
313 320
313 397
313 434
313 524
314 339
314 429
315 336
315 395
315 448
316 325
316 355
317 376
317 379
317 480
318 319
318 367
319 469
320 383
320 434
320 524
321 435
321 454
321 549
322 367
322 400
322 481
322 517
323 350
325 355
325 383
325 396
325 518
326 471
326 534
327 360
327 401
327 414
327 441
327 511
328 335
328 449
330 412
330 451
331 460
331 556
332 382
333 345
333 405
334 391
334 433
334 482
335 473
336 348
336 395
337 389
337 416
337 432
337 475
337 479
337 509
338 371
338 527
339 634
340 352
340 407
340 458
340 622
341 416
341 492
342 357
342 377
342 596
342 630
343 354
343 359
343 573
344 384
344 457
344 460
344 536
345 390
345 405
345 420
346 396
346 398
346 437
346 518
346 545
347 480
347 618
348 395
348 455
348 461
350 413
351 357
351 410
352 458
352 616
352 622
353 354
353 359
353 403
353 424
353 585
354 359
354 496
354 573
355 518
356 453
356 494
357 596
357 630
358 431
358 474
358 520
359 403
359 424
359 585
360 414
361 425
361 449
361 546
361 557
362 413
362 418
363 375
363 447
364 394
364 443
364 494
365 374
365 419
365 463
365 464
365 573
366 473
366 495
366 586
367 517
368 431
368 490
368 523
369 402
369 412
369 470
369 543
370 468
370 476
370 498
370 513
371 409
371 527
372 393
372 429
372 551
373 390
373 420
373 421
373 515
374 419
374 422
374 464
374 562
375 533
376 480
377 596
377 597
378 404
378 444
378 456
378 530
378 564
379 480
379 632
380 478
380 492
380 579
381 427
381 445
381 554
381 564
384 460
384 496
384 556
386 388
386 631
386 634
387 469
387 540
389 415
389 432
389 479
389 509
389 521
390 420
392 499
392 503
393 551
393 592
394 494
395 455
396 437
396 518
397 452
397 500
397 524
397 542
398 437
398 545
399 433
399 484
400 436
400 481
400 507
400 517
401 414
401 439
401 441
401 491
401 493
401 511
402 417
402 470
402 483
402 543
403 424
403 585
404 456
404 502
406 619
408 467
409 465
409 527
410 466
410 530
411 477
411 532
414 441
415 479
415 521
415 570
416 432
417 470
417 483
417 568
418 575
419 464
419 573
420 421
421 426
421 515
422 446
422 514
422 562
423 425
423 541
423 546
423 569
424 535
424 585
425 449
425 541
425 546
425 557
426 515
426 544
427 512
427 554
428 535
430 555
431 520
432 475
433 482
433 484
433 538
435 516
435 549
436 481
436 507
437 545
439 491
439 493
439 501
443 547
444 530
444 564
445 564
446 514
449 557
452 500
452 542
455 461
456 530
457 536
457 552
458 508
458 613
459 632
460 536
460 556
461 558
463 477
464 562
464 573
465 489
465 527
466 525
466 530
467 591
468 476
468 513
470 483
470 543
471 534
472 606
473 586
474 520
474 559
475 509
476 513
477 510
477 532
477 561
478 492
478 506
478 537
478 579
479 509
479 521
481 507
482 538
483 568
484 529
484 538
484 577
485 501
487 568
487 578
490 523
490 587
491 493
491 511
493 501
495 581
498 513
498 548
499 503
499 531
500 542
500 576
500 588
504 519
505 572
506 537
506 579
507 528
509 521
510 532
510 561
512 554
514 562
516 549
516 567
520 559
521 522
521 570
522 570
522 583
524 542
525 563
529 577
532 561
537 566
537 579
540 571
541 546
546 557
547 584
550 591
553 561
554 564
555 560
574 617
574 620
574 625
574 629
576 588
594 603
594 605
594 611
594 623
594 628
595 598
595 599
595 600
595 601
595 602
595 605
595 614
595 626
595 628
596 597
596 630
597 629
598 600
598 601
598 626
598 627
599 601
599 603
599 611
599 614
600 601
600 602
600 605
600 610
600 614
600 625
600 626
601 602
601 614
601 628
601 633
602 604
602 605
602 610
602 614
602 624
602 628
603 605
603 610
603 611
603 625
604 612
604 615
604 628
605 610
605 614
605 623
605 624
607 633
609 631
611 614
611 633
612 615
612 619
614 625
614 628
615 628
616 621
616 622
617 629
620 625
620 629
626 627
628 633
