1 2
1 3
1 4
1 5
1 6
1 7
1 8
1 9
1 10
1 11
1 12
1 13
1 14
1 15
1 16
1 17
1 18
1 20
1 22
1 23
1 24
1 25
1 26
1 27
1 28
1 29
1 30
1 34
1 35
1 37
1 47
1 48
1 53
1 55
1 56
1 58
1 63
1 70
1 73
1 77
1 80
1 82
1 93
1 101
1 103
1 104
1 105
1 106
1 107
1 113
1 116
1 129
1 131
1 150
1 152
1 153
1 154
1 158
1 189
1 208
1 276
1 317
1 331
1 357
1 370
1 386
1 388
1 395
1 397
1 398
1 417
1 496
1 514
1 515
1 523
1 527
1 534
1 535
1 569
1 575
1 576
1 686
1 733
1 750
1 751
1 754
1 764
1 780
2 3
2 4
2 5
2 6
2 7
2 8
2 9
2 10
2 11
2 12
2 13
2 15
2 17
2 19
2 22
2 25
2 33
2 34
2 46
2 52
2 55
2 63
2 70
2 91
2 103
2 104
2 113
2 141
2 150
2 158
2 208
2 368
2 370
2 388
2 394
2 496
2 516
2 523
2 527
2 534
2 536
2 569
2 575
2 590
2 686
2 733
2 751
2 780
3 4
3 5
3 6
3 7
3 8
3 9
3 10
3 11
3 12
3 13
3 14
3 16
3 17
3 20
3 21
3 22
3 25
3 26
3 36
3 37
3 38
3 40
3 45
3 47
3 55
3 82
3 88
3 103
3 104
3 113
3 152
3 158
3 189
3 331
3 350
3 357
3 367
3 370
3 386
3 397
3 415
3 515
3 523
3 534
3 575
3 702
3 733
3 754
4 5
4 6
4 7
4 8
4 9
4 10
4 11
4 14
4 16
4 17
4 18
4 25
4 26
4 32
4 36
4 37
4 42
4 51
4 53
4 73
4 82
4 101
4 103
4 113
4 129
4 150
4 152
4 158
4 173
4 189
4 331
4 386
4 395
4 418
4 514
4 515
4 535
4 575
4 733
5 6
5 7
5 8
5 9
5 10
5 11
5 12
5 14
5 15
5 16
5 17
5 25
5 27
5 30
5 31
5 34
5 55
5 56
5 68
5 83
5 93
5 101
5 103
5 105
5 113
5 150
5 158
5 208
5 245
5 275
5 300
5 384
5 443
5 496
5 514
5 527
5 534
5 565
5 569
5 575
5 686
5 780
6 7
6 8
6 9
6 10
6 11
6 14
6 16
6 17
6 27
6 28
6 29
6 57
6 61
6 72
6 77
6 80
6 81
6 93
6 101
6 102
6 103
6 105
6 129
6 150
6 152
6 158
6 356
6 370
6 527
6 534
6 535
6 569
6 575
6 686
6 750
7 8
7 10
7 11
7 12
7 14
7 15
7 17
7 22
7 23
7 24
7 25
7 39
7 44
7 51
7 55
7 56
7 58
7 101
7 112
7 113
7 116
7 131
7 150
7 152
7 158
7 191
7 205
7 261
7 267
7 395
7 458
7 514
7 534
7 569
7 686
7 733
8 9
8 10
8 11
8 14
8 15
8 16
8 25
8 27
8 28
8 29
8 31
8 41
8 56
8 61
8 78
8 93
8 101
8 103
8 105
8 113
8 127
8 129
8 150
8 152
8 158
8 205
8 275
8 364
8 514
8 527
8 534
8 535
8 557
8 565
8 569
8 575
8 686
8 765
9 10
9 11
9 12
9 14
9 16
9 17
9 22
9 26
9 32
9 37
9 47
9 53
9 64
9 73
9 103
9 107
9 113
9 150
9 152
9 158
9 173
9 189
9 206
9 317
9 331
9 418
9 441
9 515
9 534
9 575
9 733
9 754
9 764
10 11
10 14
10 16
10 17
10 25
10 35
10 48
10 55
10 77
10 80
10 103
10 104
10 113
10 150
10 152
10 154
10 158
10 208
10 231
10 276
10 278
10 357
10 370
10 387
10 417
10 496
10 515
10 534
10 535
10 575
10 576
10 740
10 750
10 751
11 14
11 16
11 17
11 25
11 28
11 35
11 48
11 55
11 61
11 77
11 80
11 81
11 82
11 93
11 103
11 105
11 129
11 149
11 150
11 152
11 158
11 278
11 327
11 357
11 370
11 417
11 496
11 515
11 534
11 535
11 569
11 575
11 576
11 686
11 740
11 750
12 13
12 16
12 17
12 21
12 22
12 25
12 34
12 37
12 38
12 45
12 47
12 55
12 67
12 70
12 131
12 142
12 158
12 350
12 397
12 534
12 579
12 702
12 717
12 754
12 780
13 15
13 17
13 19
13 33
13 34
13 46
13 59
13 60
13 63
13 91
13 98
13 99
13 158
13 394
13 516
13 523
13 590
14 15
14 16
14 18
14 22
14 23
14 24
14 32
14 42
14 51
14 55
14 58
14 73
14 101
14 113
14 116
14 117
14 129
14 150
14 152
14 155
14 158
14 205
14 395
14 514
14 515
14 535
14 569
14 686
14 733
14 746
15 17
15 19
15 25
15 34
15 52
15 55
15 56
15 63
15 71
15 101
15 113
15 141
15 150
15 158
15 197
15 205
15 223
15 255
15 368
15 388
15 394
15 516
15 534
15 536
15 569
15 686
15 725
15 780
16 17
16 20
16 36
16 37
16 45
16 50
16 61
16 82
16 120
16 129
16 152
16 260
16 298
16 364
16 386
16 515
16 535
16 557
16 756
17 22
17 25
17 34
17 37
17 46
17 48
17 55
17 59
17 60
17 63
17 77
17 99
17 103
17 104
17 113
17 150
17 152
17 158
17 208
17 357
17 370
17 417
17 496
17 515
17 516
17 523
17 534
17 575
17 733
17 740
17 751
17 754
18 26
18 32
18 42
18 43
18 51
18 73
18 76
18 143
18 151
18 155
18 173
18 265
18 395
18 421
18 502
18 514
18 515
18 680
18 746
19 33
19 34
19 52
19 63
19 66
19 91
19 98
19 111
19 141
19 158
19 223
19 319
19 358
19 368
19 388
19 394
19 466
19 516
19 536
19 590
19 747
19 780
20 21
20 36
20 37
20 40
20 45
20 50
20 62
20 69
20 82
20 84
20 88
20 109
20 140
20 367
20 386
20 397
20 415
20 515
20 525
20 754
21 37
21 38
21 40
21 45
21 62
21 67
21 69
21 88
21 144
21 145
21 147
21 216
21 350
21 367
21 386
21 397
21 415
21 515
21 702
21 754
21 769
22 24
22 47
22 55
22 70
22 85
22 87
22 101
22 106
22 131
22 137
22 150
22 158
22 207
22 331
22 396
22 398
22 534
22 686
22 730
23 39
23 44
23 54
23 58
23 92
23 113
23 116
23 150
23 189
23 191
23 194
23 261
23 378
23 612
23 733
24 44
24 55
24 58
24 101
24 112
24 116
24 131
24 150
24 157
24 261
24 267
24 293
24 309
24 458
24 534
24 579
24 744
25 30
25 48
25 55
25 103
25 104
25 113
25 150
25 152
25 154
25 158
25 208
25 245
25 276
25 387
25 417
25 470
25 496
25 534
25 575
25 751
26 32
26 49
26 53
26 64
26 65
26 73
26 133
26 135
26 173
26 331
26 418
26 515
27 30
27 31
27 41
27 61
27 68
27 78
27 93
27 127
27 150
27 158
27 275
27 300
27 384
27 443
27 557
27 565
27 569
27 686
28 29
28 72
28 77
28 81
28 102
28 122
28 130
28 149
28 280
28 354
28 356
28 370
28 651
28 750
29 57
29 72
29 100
29 105
29 288
29 356
30 31
30 83
30 90
30 97
30 150
30 245
30 384
30 443
30 575
31 41
31 68
31 83
31 95
31 97
31 136
31 300
31 334
31 384
31 443
31 565
31 569
31 698
32 42
32 43
32 49
32 65
32 73
32 75
32 76
32 114
32 135
32 151
32 159
32 173
32 355
32 418
32 421
32 514
32 680
33 34
33 52
33 60
33 63
33 66
33 91
33 96
33 98
33 111
33 124
33 138
33 223
33 358
33 394
33 466
33 516
33 528
33 536
33 590
34 52
34 63
34 158
34 368
34 388
34 394
34 516
34 534
34 780
35 48
35 79
35 80
35 104
35 152
35 231
35 246
35 278
35 387
35 417
35 496
35 576
36 37
36 45
36 50
36 82
36 88
36 120
36 121
36 129
36 140
36 181
36 188
36 228
36 260
36 298
36 364
36 386
36 415
36 515
36 525
37 40
37 45
37 82
37 386
37 397
37 515
37 754
38 40
38 45
38 67
38 69
38 74
38 119
38 142
38 144
38 147
38 199
38 216
38 295
38 350
38 367
38 397
38 547
38 702
38 727
38 769
38 773
39 44
39 54
39 58
39 86
39 92
39 116
39 132
39 169
39 191
39 202
39 222
39 261
39 378
39 458
39 612
39 628
40 45
40 50
40 62
40 69
40 74
40 84
40 88
40 109
40 144
40 145
40 147
40 168
40 216
40 229
40 337
40 350
40 367
40 386
40 415
40 416
40 754
41 61
41 68
41 78
41 93
41 95
41 110
41 127
41 171
41 275
41 291
41 300
41 304
41 475
41 517
41 565
41 569
42 43
42 51
42 73
42 76
42 117
42 125
42 143
42 151
42 155
42 178
42 187
42 236
42 265
42 395
42 421
42 453
42 502
42 514
42 746
43 65
43 73
43 75
43 76
43 108
43 114
43 135
43 143
43 151
43 159
43 160
43 173
43 238
43 301
43 306
43 355
43 502
43 507
43 680
43 749
44 55
44 58
44 86
44 112
44 116
44 157
44 182
44 191
44 261
44 267
44 293
44 315
44 407
44 458
44 628
44 744
45 50
45 62
45 69
45 74
45 84
45 88
45 121
45 145
45 260
45 350
45 367
45 386
45 397
45 415
45 416
45 515
45 754
46 59
46 60
46 63
46 89
46 91
46 98
46 99
46 244
46 335
46 357
46 370
46 516
46 523
46 721
47 55
47 85
47 87
47 107
47 131
47 179
47 207
47 307
47 331
47 441
47 476
47 534
47 655
47 686
47 730
47 764
48 103
48 104
48 152
48 208
48 357
48 417
48 496
48 575
48 576
48 582
49 53
49 64
49 65
49 114
49 133
49 135
49 173
49 184
49 193
49 237
49 240
49 355
49 418
49 622
49 680
50 82
50 84
50 88
50 109
50 120
50 121
50 123
50 128
50 140
50 181
50 188
50 228
50 260
50 269
50 297
50 386
50 415
50 515
50 525
51 56
51 73
51 101
51 117
51 125
51 150
51 155
51 185
51 205
51 344
51 375
51 395
51 421
51 459
51 514
51 553
51 664
52 56
52 63
52 66
52 71
52 111
52 141
52 158
52 174
52 197
52 223
52 226
52 255
52 319
52 347
52 358
52 368
52 388
52 394
52 489
52 516
52 536
52 725
52 747
52 780
53 64
53 133
53 193
53 206
53 259
53 331
53 418
53 441
54 92
54 113
54 194
54 198
54 203
54 284
54 378
54 554
54 612
55 58
55 70
55 101
55 106
55 112
55 113
55 116
55 131
55 142
55 150
55 158
55 261
55 267
55 309
55 534
55 569
55 579
55 686
55 717
55 733
56 71
56 101
56 141
56 150
56 158
56 174
56 185
56 197
56 205
56 255
56 341
56 368
56 388
56 412
56 514
56 534
56 569
56 664
56 686
56 725
56 789
57 72
57 100
57 105
57 224
57 356
58 86
58 113
58 116
58 191
58 261
58 458
58 612
58 628
59 60
59 99
59 335
59 357
59 370
59 500
59 523
59 606
59 721
59 740
60 63
60 89
60 91
60 94
60 96
60 98
60 99
60 190
60 244
60 273
60 373
60 449
60 516
60 523
60 590
60 721
61 78
61 93
61 127
61 129
61 220
61 243
61 275
61 340
61 364
61 535
61 557
61 569
61 681
61 756
61 765
62 69
62 84
62 109
62 147
62 168
62 216
62 337
62 367
62 386
62 415
62 754
62 786
63 66
63 91
63 96
63 98
63 138
63 158
63 223
63 358
63 368
63 388
63 394
63 516
63 536
63 590
63 780
64 65
64 133
64 135
64 173
64 193
64 206
64 237
64 240
64 259
64 418
64 622
65 75
65 114
65 133
65 135
65 151
65 161
65 173
65 237
65 240
65 301
65 355
65 418
65 680
65 749
66 71
66 91
66 96
66 111
66 115
66 124
66 138
66 156
66 223
66 226
66 233
66 319
66 347
66 358
66 466
66 489
66 536
66 574
67 69
67 70
67 119
67 142
67 199
67 201
67 216
67 230
67 295
67 350
67 397
67 419
67 547
67 702
67 727
67 769
67 773
68 95
68 97
68 110
68 136
68 148
68 275
68 285
68 291
68 300
68 304
68 334
68 384
68 443
68 475
68 513
68 517
68 565
68 698
69 74
69 84
69 88
69 119
69 139
69 144
69 145
69 147
69 175
69 199
69 216
69 221
69 318
69 337
69 350
69 367
69 397
69 415
69 416
69 702
69 727
69 769
70 131
70 142
70 230
70 309
70 350
70 419
70 534
70 547
70 579
70 640
70 717
70 729
71 141
71 165
71 174
71 197
71 223
71 226
71 255
71 319
71 341
71 347
71 366
71 368
71 388
71 412
71 489
71 536
71 587
71 591
71 725
72 102
72 130
72 224
72 280
72 354
72 356
73 76
73 101
73 117
73 150
73 151
73 155
73 395
73 421
73 514
74 84
74 139
74 144
74 145
74 147
74 175
74 199
74 216
74 221
74 225
74 229
74 241
74 254
74 271
74 318
74 337
74 350
74 367
74 416
75 114
75 135
75 151
75 159
75 161
75 173
75 200
75 204
75 238
75 263
75 301
75 306
75 355
75 385
75 390
75 507
75 680
75 749
76 108
76 143
76 151
76 159
76 160
76 178
76 236
76 238
76 265
76 272
76 308
76 352
76 355
76 421
76 453
76 502
76 649
77 81
77 149
77 152
77 166
77 327
77 332
77 357
77 370
77 420
77 504
77 535
77 558
77 651
77 740
77 750
78 93
78 110
78 127
78 164
78 171
78 243
78 275
78 291
78 304
78 340
78 410
78 475
78 478
78 557
78 765
79 80
79 134
79 274
79 278
79 566
79 576
80 152
80 274
80 278
80 417
80 496
80 576
81 102
81 122
81 149
81 152
81 248
81 280
81 327
81 332
81 338
81 354
81 370
81 504
81 535
81 558
81 651
81 750
82 120
82 129
82 152
82 260
82 298
82 330
82 364
82 386
82 515
82 525
82 756
83 90
83 97
83 126
83 287
83 336
83 384
83 443
83 491
83 698
84 88
84 109
84 121
84 123
84 128
84 140
84 145
84 168
84 181
84 225
84 229
84 241
84 254
84 297
84 337
84 367
84 415
84 416
84 603
84 611
85 87
85 106
85 137
85 207
85 262
85 268
85 396
85 398
85 476
85 666
85 730
86 112
86 118
86 157
86 169
86 182
86 191
86 202
86 222
86 250
86 261
86 293
86 315
86 325
86 378
86 407
86 429
86 458
86 628
87 106
87 137
87 179
87 207
87 262
87 268
87 307
87 331
87 396
87 476
87 730
88 109
88 121
88 123
88 140
88 145
88 181
88 228
88 254
88 260
88 350
88 367
88 415
88 416
88 525
88 603
89 91
89 94
89 96
89 98
89 138
89 146
89 192
89 235
89 239
89 244
89 273
89 305
89 373
89 450
90 245
90 287
90 312
90 336
90 474
90 491
91 94
91 96
91 98
91 124
91 138
91 192
91 239
91 244
91 273
91 373
91 466
91 516
91 536
92 132
92 191
92 198
92 202
92 222
92 284
92 294
92 378
92 505
92 554
92 610
92 612
93 127
93 150
93 158
93 243
93 275
93 291
93 300
93 535
93 557
93 565
93 569
93 686
93 765
94 96
94 98
94 146
94 167
94 192
94 235
94 239
94 273
94 328
94 373
94 479
94 528
94 552
95 110
95 136
95 148
95 172
95 249
95 285
95 291
95 300
95 334
95 475
95 513
95 517
95 556
95 565
95 589
96 98
96 124
96 138
96 146
96 192
96 235
96 239
96 273
96 283
96 358
96 373
96 466
96 516
96 528
97 126
97 136
97 227
97 285
97 300
97 334
97 336
97 384
97 426
97 443
97 491
97 698
98 124
98 138
98 146
98 192
98 235
98 239
98 273
98 358
98 373
98 466
98 516
98 528
98 552
98 590
99 190
99 244
99 273
99 335
99 449
99 503
99 523
99 638
99 721
100 105
100 196
100 288
100 333
101 113
101 117
101 150
101 158
101 185
101 205
101 255
101 388
101 395
101 514
101 534
101 535
101 553
101 569
101 664
101 686
102 122
102 130
102 149
102 280
102 338
102 354
102 356
103 104
103 105
103 150
103 152
103 153
103 154
103 158
103 208
103 276
103 372
103 417
103 470
103 496
103 527
103 571
103 575
103 751
104 152
104 208
104 231
104 357
104 387
104 417
104 470
104 496
104 575
104 582
104 751
105 288
105 356
105 527
105 569
105 575
106 137
106 195
106 262
106 363
106 396
106 398
106 658
107 113
107 189
107 317
107 362
107 441
107 532
107 534
107 592
107 671
107 734
107 764
108 143
108 151
108 159
108 160
108 178
108 180
108 200
108 210
108 219
108 236
108 238
108 251
108 265
108 272
108 308
108 352
108 399
108 502
108 537
108 649
108 705
109 121
109 128
109 140
109 168
109 181
109 229
109 269
109 337
109 415
109 525
110 136
110 148
110 171
110 234
110 249
110 282
110 291
110 299
110 300
110 304
110 326
110 433
110 475
110 513
110 517
110 556
111 115
111 124
111 156
111 223
111 233
111 319
111 358
111 466
111 516
111 747
112 131
112 157
112 177
112 182
112 261
112 267
112 293
112 309
112 315
112 320
112 376
112 458
112 468
112 542
112 579
112 624
112 628
112 744
113 150
113 158
113 189
113 194
113 514
113 733
114 135
114 151
114 161
114 173
114 184
114 204
114 237
114 238
114 240
114 301
114 302
114 355
114 390
114 418
114 680
114 749
115 124
115 138
115 156
115 170
115 209
115 223
115 226
115 233
115 258
115 279
115 283
115 319
115 358
115 402
115 489
115 574
115 580
115 653
116 191
116 261
117 125
117 155
117 178
117 185
117 205
117 236
117 344
117 375
117 421
117 434
117 453
117 459
117 514
117 553
118 169
118 182
118 202
118 250
118 293
118 311
118 315
118 325
118 407
118 429
118 458
118 487
118 505
118 628
118 635
118 755
119 142
119 144
119 199
119 201
119 216
119 221
119 230
119 295
119 345
119 350
119 411
119 419
119 501
119 509
119 547
119 702
119 727
119 757
119 769
119 773
120 129
120 181
120 186
120 188
120 228
120 260
120 298
120 310
120 330
120 364
120 515
120 525
120 551
120 555
120 621
121 123
121 140
121 145
121 181
121 228
121 241
121 254
121 260
121 269
121 297
121 313
121 324
121 389
121 415
121 416
121 603
121 611
122 149
122 248
122 280
122 286
122 332
122 338
122 354
122 504
122 558
122 583
122 651
122 659
122 720
122 750
123 128
123 140
123 181
123 225
123 229
123 241
123 254
123 257
123 264
123 269
123 297
123 321
123 324
123 360
123 389
123 416
123 585
123 603
123 611
124 138
124 156
124 170
124 192
124 209
124 223
124 235
124 239
124 279
124 283
124 358
124 371
124 466
124 528
124 559
124 574
125 155
125 178
125 185
125 187
125 236
125 265
125 308
125 344
125 375
125 421
125 434
125 453
125 459
125 514
125 541
125 553
125 691
125 708
126 136
126 227
126 287
126 336
126 384
126 426
126 446
126 491
126 495
126 648
126 698
127 164
127 171
127 243
127 275
127 291
127 304
127 382
127 517
127 765
127 787
128 140
128 163
128 168
128 181
128 215
128 229
128 264
128 269
128 321
128 525
128 611
129 152
129 220
129 260
129 275
129 298
129 310
129 340
129 364
129 535
129 555
129 557
129 681
129 756
130 224
130 232
130 280
130 354
130 444
130 687
131 142
131 158
131 261
131 267
131 309
131 534
131 542
131 579
131 640
131 686
131 717
131 744
132 198
132 202
132 222
132 250
132 294
132 378
132 379
132 400
132 408
132 505
132 554
132 610
132 612
132 696
133 135
133 193
133 237
133 240
133 259
133 266
133 302
133 418
133 622
133 654
133 719
134 274
134 281
134 346
134 383
134 566
134 722
135 161
135 173
135 184
135 204
135 237
135 240
135 301
135 355
135 418
135 622
135 680
135 749
136 148
136 227
136 285
136 300
136 326
136 334
136 374
136 384
136 426
136 513
136 698
136 716
137 176
137 195
137 207
137 262
137 268
137 270
137 363
137 380
137 396
137 398
137 658
137 666
137 730
138 170
138 192
138 226
138 235
138 239
138 279
138 283
138 358
138 450
138 466
138 528
138 536
138 574
139 144
139 145
139 175
139 199
139 211
139 221
139 225
139 247
139 271
139 318
139 351
139 416
139 509
139 562
140 181
140 228
140 241
140 254
140 269
140 297
140 321
140 324
140 389
140 415
140 525
140 603
140 611
141 158
141 174
141 223
141 255
141 319
141 368
141 388
141 534
141 591
141 686
141 747
141 780
142 230
142 350
142 419
142 534
142 547
142 579
142 640
142 702
142 717
142 769
142 773
143 160
143 219
143 265
143 272
143 502
143 507
143 537
143 746
143 788
144 145
144 147
144 175
144 199
144 216
144 221
144 247
144 256
144 271
144 295
144 318
144 367
144 416
144 509
144 727
144 757
144 769
145 199
145 225
145 241
145 254
145 318
145 350
145 367
145 415
145 416
145 727
146 167
146 192
146 235
146 239
146 273
146 305
146 328
146 361
146 373
146 479
146 552
146 657
147 175
147 211
147 216
147 256
147 337
147 367
148 172
148 234
148 249
148 282
148 285
148 323
148 326
148 334
148 374
148 433
148 475
148 513
148 517
148 556
148 716
149 166
149 248
149 327
149 332
149 338
149 349
149 370
149 504
149 558
149 651
149 740
149 750
150 158
150 185
150 205
150 255
150 368
150 388
150 496
150 514
150 534
150 535
150 569
150 575
150 686
150 725
150 733
150 780
151 159
151 173
151 236
151 238
151 301
151 355
151 390
151 418
151 421
151 502
151 507
151 680
152 166
152 327
152 357
152 370
152 417
152 420
152 496
152 515
152 535
152 575
152 576
152 740
152 750
152 756
153 154
153 276
153 277
153 329
153 372
153 571
153 575
154 276
154 571
155 178
155 187
155 265
155 395
155 434
155 553
155 746
156 162
156 223
156 233
156 283
156 358
156 466
156 528
156 559
156 580
156 704
157 177
157 182
157 261
157 267
157 293
157 320
157 376
157 407
157 458
157 628
157 736
157 744
157 785
158 255
158 368
158 388
158 394
158 516
158 534
158 569
158 575
158 686
158 733
158 780
159 160
159 200
159 210
159 236
159 238
159 251
159 265
159 301
159 352
159 355
159 385
159 502
159 507
159 680
159 749
160 180
160 219
160 265
160 272
160 306
160 486
160 502
160 507
160 537
160 705
161 184
161 204
161 237
161 240
161 253
161 263
161 301
161 303
161 306
161 355
161 385
161 390
161 409
161 685
161 749
162 242
162 580
162 704
163 168
163 215
163 217
163 229
163 264
163 381
163 440
164 171
164 218
164 243
164 291
164 382
164 405
164 410
164 787
165 174
165 197
165 212
165 226
165 319
165 347
165 366
165 412
165 413
165 489
165 567
165 587
165 591
165 625
165 766
166 327
166 349
166 357
166 420
166 740
167 192
167 235
167 273
167 328
167 422
167 456
167 479
167 657
167 714
168 215
168 229
168 264
168 337
168 440
169 182
169 183
169 191
169 202
169 222
169 250
169 325
169 378
169 408
169 505
169 612
169 628
169 635
169 755
170 209
170 235
170 279
170 283
170 290
170 393
170 402
170 574
170 653
171 234
171 243
171 275
171 282
171 291
171 299
171 304
171 382
171 410
171 475
171 513
171 517
171 732
172 249
172 285
172 323
172 326
172 374
172 433
172 605
172 716
173 355
173 418
173 622
173 680
173 749
174 197
174 212
174 255
174 319
174 341
174 412
174 413
174 587
174 591
174 766
174 789
175 211
175 216
175 256
175 271
175 318
175 337
175 588
175 757
175 769
176 207
176 262
176 268
176 270
176 380
176 469
176 519
176 639
176 666
177 182
177 214
177 320
177 376
177 407
177 581
177 736
177 744
177 785
178 187
178 236
178 265
178 272
178 308
178 375
178 399
178 421
178 434
178 453
178 462
178 541
178 620
178 649
179 307
179 432
179 441
179 476
179 655
179 764
180 213
180 219
180 391
180 486
180 507
180 537
180 705
181 186
181 188
181 228
181 260
181 269
181 297
181 313
181 324
181 330
181 461
181 525
181 551
181 611
181 621
182 191
182 202
182 261
182 293
182 311
182 315
182 325
182 376
182 407
182 429
182 458
182 624
182 628
183 202
183 222
183 250
183 379
183 392
183 408
183 505
183 610
183 635
184 204
184 240
184 253
184 403
184 622
184 668
184 685
184 719
185 205
185 341
185 344
185 459
185 514
185 553
185 664
185 686
185 725
186 188
186 228
186 269
186 324
186 330
186 461
186 525
186 551
186 614
186 621
186 632
187 265
187 272
187 434
187 462
187 537
187 620
188 228
188 260
188 297
188 298
188 310
188 313
188 324
188 330
188 461
188 570
188 621
188 632
189 317
189 532
189 534
189 671
189 733
190 244
190 273
190 305
190 335
190 361
190 442
190 449
190 503
190 521
190 638
190 721
191 202
191 222
191 325
191 378
191 458
191 612
191 628
192 235
192 239
192 279
192 283
192 290
192 371
192 373
192 450
192 479
192 528
192 552
192 657
193 240
193 259
193 266
193 418
193 602
193 622
193 654
194 203
194 284
194 497
195 270
195 363
195 377
195 492
195 658
196 333
196 637
197 255
197 341
197 347
197 388
197 412
197 413
197 536
197 567
197 710
197 725
197 766
198 222
198 284
198 294
198 353
198 378
198 554
198 610
198 696
199 201
199 216
199 221
199 295
199 345
199 350
199 509
199 545
199 727
199 769
200 210
200 238
200 251
200 301
200 306
200 352
200 385
200 448
200 507
200 699
201 230
201 295
201 345
201 411
201 419
201 480
201 501
201 547
201 727
201 769
202 222
202 250
202 315
202 325
202 378
202 408
202 458
202 505
202 612
202 628
203 284
203 353
203 497
203 692
204 237
204 240
204 253
204 263
204 301
204 302
204 390
204 685
205 255
205 341
205 344
205 459
205 514
205 553
205 664
205 686
205 725
206 259
206 331
206 441
206 758
207 262
207 268
207 307
207 380
207 396
207 476
207 593
207 639
207 666
207 730
207 748
208 470
208 575
208 582
208 751
209 226
209 233
209 242
209 258
209 279
209 402
209 522
209 574
209 580
209 653
209 704
210 238
210 251
210 272
210 352
210 385
210 510
210 537
210 578
210 652
210 705
211 256
211 271
211 292
211 337
211 440
211 588
211 697
212 413
212 490
212 587
212 591
212 766
214 581
214 736
214 785
215 217
215 264
215 269
215 321
215 584
216 221
216 256
216 295
216 367
216 702
216 757
216 769
216 773
217 264
217 584
218 342
218 382
218 405
219 265
219 272
219 502
219 537
219 620
219 705
220 243
220 340
220 535
220 555
220 681
220 707
220 756
220 765
221 247
221 256
221 295
221 318
221 343
221 345
221 414
221 481
221 509
221 545
221 562
221 727
221 769
222 250
222 378
222 408
222 505
222 610
222 612
223 226
223 233
223 319
223 358
223 368
223 489
223 536
223 587
223 747
223 780
224 232
224 252
224 356
225 229
225 241
225 254
225 257
225 264
225 271
225 316
225 318
225 337
225 351
225 360
225 416
225 430
225 529
225 603
226 233
226 258
226 319
226 347
226 348
226 366
226 402
226 489
226 536
226 574
226 587
227 285
227 289
227 334
227 374
227 384
227 401
227 426
227 446
227 495
227 698
227 716
228 260
228 297
228 313
228 324
228 603
228 611
229 241
229 254
229 264
229 271
229 292
229 316
229 318
229 337
229 360
229 381
229 416
229 440
230 411
230 419
230 480
230 501
230 547
230 579
230 640
230 727
231 246
231 387
231 417
231 436
231 582
232 252
232 369
232 687
232 724
233 242
233 258
233 319
233 348
233 366
233 489
233 580
233 587
234 249
234 282
234 291
234 299
234 304
234 433
234 463
234 475
234 513
234 517
234 556
234 615
235 239
235 279
235 283
235 290
235 371
235 373
235 393
235 450
235 456
235 479
235 528
235 552
235 559
236 265
236 272
236 308
236 352
236 399
236 421
236 453
236 502
236 541
236 649
237 240
237 253
237 263
237 302
237 390
237 418
237 654
238 251
238 301
238 303
238 306
238 355
238 385
238 390
238 448
238 507
238 699
239 279
239 290
239 373
239 450
239 479
240 253
240 302
240 403
240 418
240 622
240 654
240 668
240 685
240 719
241 254
241 257
241 264
241 271
241 316
241 337
241 360
241 416
241 529
241 603
241 611
242 258
242 348
242 402
242 406
242 454
242 522
242 539
242 580
242 587
242 609
242 641
243 275
243 340
243 405
243 410
243 478
243 707
243 765
243 787
244 273
244 305
244 335
244 361
244 442
244 449
244 503
244 638
244 721
245 312
245 474
246 417
246 436
247 256
247 295
247 343
247 414
247 481
247 509
247 545
247 562
247 573
248 327
248 332
248 338
248 438
248 504
248 558
248 583
248 651
248 659
248 720
249 299
249 326
249 433
249 463
249 475
249 513
249 605
249 615
250 325
250 378
250 379
250 392
250 400
250 408
250 505
250 548
250 635
251 301
251 303
251 385
251 390
251 448
251 510
251 699
252 369
252 472
253 263
253 302
253 403
253 494
253 524
253 668
253 682
253 685
253 719
254 257
254 416
254 529
254 603
255 341
255 368
255 388
255 412
255 413
255 686
255 725
255 766
255 780
255 789
256 295
256 404
256 414
256 509
256 588
256 757
256 769
256 782
257 264
257 316
257 360
257 457
257 529
257 611
258 319
258 348
258 366
258 402
258 454
258 489
258 522
258 539
258 574
258 580
258 587
258 678
259 266
259 441
260 298
260 310
260 313
260 330
260 364
261 267
261 293
261 309
261 376
261 458
261 579
262 268
262 270
262 380
262 396
262 476
262 519
262 666
262 730
263 685
264 271
264 292
264 316
264 337
264 360
264 381
264 440
264 457
264 471
265 272
265 308
265 339
265 352
265 421
265 453
265 462
265 502
265 537
265 620
265 746
265 788
266 602
266 654
267 309
267 320
267 376
267 542
267 579
267 744
268 270
268 380
268 396
268 519
268 666
269 297
269 321
269 324
269 465
269 525
269 551
269 561
269 611
270 380
270 519
270 666
271 292
271 316
271 318
271 337
271 351
271 360
271 381
271 416
271 430
271 440
271 697
272 308
272 339
272 352
272 399
272 462
272 502
272 537
272 578
272 620
272 649
272 705
273 305
273 328
273 361
273 373
273 442
273 449
273 503
274 278
274 281
274 383
274 566
275 304
275 340
275 410
275 535
275 557
275 569
275 681
275 765
276 277
276 329
276 372
276 571
277 329
277 372
277 439
277 571
278 496
279 283
279 290
279 371
279 393
279 450
279 653
280 286
280 338
280 354
280 435
280 444
281 346
281 383
281 473
281 498
281 566
282 291
282 299
282 342
282 382
282 425
282 433
282 475
282 513
282 517
282 550
282 556
283 296
283 358
283 359
283 371
283 466
283 528
283 552
283 559
283 704
284 294
284 353
284 447
284 554
285 289
285 323
285 326
285 334
285 374
285 401
285 426
285 446
285 518
285 698
285 716
286 338
286 435
286 444
286 560
286 659
286 688
286 720
287 322
287 336
287 491
287 531
288 333
288 564
289 323
289 374
289 401
289 424
289 426
289 446
289 455
289 495
289 518
289 572
289 663
289 716
289 775
290 296
290 371
290 393
290 423
290 437
290 450
290 456
290 464
290 479
290 617
290 713
290 715
291 304
291 342
291 382
291 475
291 513
291 517
291 556
292 351
292 360
292 381
292 430
292 440
292 445
292 471
292 530
292 630
292 697
293 315
293 325
293 376
293 407
293 458
293 624
293 628
294 353
294 365
294 447
294 554
294 696
295 343
295 345
295 414
295 481
295 509
295 545
295 547
295 727
295 757
295 769
296 359
296 371
296 423
296 437
296 559
296 577
296 704
296 709
297 313
297 314
297 321
297 324
297 389
297 461
297 585
297 603
297 611
298 310
298 330
298 364
298 555
298 557
298 681
298 756
299 304
299 475
299 513
299 615
299 726
300 334
300 384
300 443
300 517
300 565
300 569
301 303
301 306
301 355
301 385
301 390
301 507
301 699
301 749
302 403
302 654
302 682
302 719
303 385
303 390
303 409
303 448
303 540
303 699
303 723
304 410
304 475
304 513
304 517
305 328
305 361
305 431
305 442
305 543
305 657
306 355
306 385
306 391
306 409
306 486
306 507
306 749
306 784
307 432
307 476
307 593
307 639
307 730
307 748
308 352
308 399
308 452
308 453
308 462
308 533
308 541
308 649
309 320
309 376
309 468
309 542
309 579
309 729
310 330
310 364
310 555
310 570
310 621
310 681
310 712
311 315
311 325
311 407
311 428
311 429
311 483
311 586
311 628
311 635
311 736
311 755
312 474
312 774
313 314
313 324
313 389
313 461
313 603
313 611
314 321
314 324
314 389
314 451
314 460
314 461
314 465
314 585
314 611
314 645
315 325
315 407
315 429
315 458
315 487
315 624
315 628
316 351
316 360
316 430
316 457
316 529
316 546
316 619
317 362
317 532
317 592
317 671
317 734
318 337
318 351
318 360
318 416
318 430
319 347
319 348
319 366
319 368
319 489
319 536
319 574
319 580
319 587
319 591
319 747
320 376
320 468
320 482
320 542
320 581
320 744
321 324
321 389
321 465
321 561
321 563
321 584
321 585
321 611
322 336
322 491
322 520
322 531
322 616
322 648
323 326
323 374
323 424
323 518
323 572
323 663
323 706
323 716
323 743
324 389
324 451
324 460
324 461
324 465
324 551
324 561
324 585
324 611
325 407
325 429
325 458
325 487
325 511
325 628
325 635
325 755
326 518
326 663
326 716
327 332
327 349
327 357
327 420
327 504
327 558
327 583
327 651
327 740
327 750
328 361
328 422
328 431
328 503
328 543
328 544
328 657
328 660
328 714
329 372
329 439
329 571
330 555
330 570
330 614
330 621
330 632
330 712
331 441
331 534
331 758
332 338
332 349
332 438
332 504
332 558
332 583
332 651
332 740
333 564
333 637
334 374
334 384
334 426
334 443
334 565
334 698
335 500
335 521
335 523
335 638
335 721
336 491
336 495
336 531
336 648
337 367
337 416
337 440
338 354
338 504
338 558
338 659
338 720
339 352
339 399
339 452
339 462
339 467
339 512
339 537
339 578
339 620
339 629
339 705
340 410
340 478
340 535
340 557
340 681
340 742
340 756
341 412
341 413
341 567
341 664
341 710
341 725
341 766
341 789
342 382
342 425
342 433
342 550
342 568
342 684
343 345
343 414
343 481
343 509
343 545
343 626
343 757
343 769
344 375
344 434
344 459
344 541
344 553
344 600
344 664
344 691
344 708
345 509
345 545
345 727
345 769
346 383
346 473
346 566
346 722
347 366
347 412
347 489
347 536
347 574
347 587
348 366
348 406
348 454
348 489
348 539
348 580
348 587
348 609
349 438
349 504
349 558
349 711
350 367
350 397
350 702
350 727
350 769
351 360
351 430
351 546
351 656
351 697
352 399
352 452
352 537
352 578
352 649
352 652
352 705
353 447
353 554
353 693
354 444
355 390
355 418
355 507
355 680
355 749
357 370
357 420
357 515
357 523
357 740
358 394
358 466
358 516
358 528
359 423
359 559
359 577
359 672
359 704
359 709
360 381
360 416
360 430
360 457
360 529
360 546
361 422
361 431
361 442
361 449
361 503
361 543
361 544
362 700
362 734
363 377
363 492
363 658
364 535
364 555
364 557
364 681
364 756
365 447
365 538
365 554
365 696
366 454
366 489
366 587
366 678
367 386
367 397
367 415
367 416
367 702
367 754
368 388
368 394
368 516
368 534
368 686
368 747
368 780
369 472
369 687
369 724
370 523
370 606
370 740
370 750
371 393
371 423
371 437
371 456
371 479
371 549
371 552
371 559
372 439
373 479
373 528
374 426
374 446
374 716
375 434
375 453
375 459
375 541
375 553
375 600
375 691
376 468
376 482
376 542
376 579
376 581
376 624
376 690
376 729
377 492
377 650
378 458
378 505
378 554
378 612
379 392
379 400
379 408
379 477
379 598
379 610
379 665
379 695
379 696
380 469
380 519
380 666
381 440
381 445
381 471
381 530
382 475
382 517
382 684
383 473
383 498
383 566
383 722
384 443
384 491
384 698
385 390
385 409
385 448
385 510
385 540
385 699
385 723
386 415
386 515
386 754
387 417
387 470
387 582
388 534
388 686
388 780
389 451
389 585
389 603
389 611
389 645
390 699
391 409
391 427
391 484
391 486
391 784
392 400
392 408
392 477
392 548
392 665
393 450
393 456
393 464
393 617
393 653
393 715
393 735
394 516
394 590
394 780
395 514
396 398
396 658
396 666
396 730
397 702
397 754
398 658
399 452
399 533
399 578
399 649
399 652
399 705
400 408
400 505
400 548
400 695
400 696
401 495
401 518
401 716
401 775
402 454
402 522
403 494
403 524
403 622
403 654
403 668
403 682
403 685
403 719
404 414
404 485
404 499
404 588
405 410
405 478
405 599
405 707
406 506
406 539
406 609
406 641
406 676
407 483
407 624
407 628
407 736
407 755
408 477
408 505
408 598
408 610
409 427
409 448
409 486
409 540
409 699
409 784
410 478
410 732
411 419
411 480
411 501
411 547
411 679
412 413
412 490
412 567
412 625
412 710
412 725
412 759
412 766
412 789
413 490
413 567
413 710
413 766
413 789
414 481
414 499
414 509
414 545
414 588
414 626
414 757
414 769
415 416
415 515
415 525
416 603
417 496
417 576
417 582
419 547
419 579
419 640
419 717
420 740
421 453
421 514
421 649
422 431
422 543
422 544
422 657
422 660
422 683
422 714
423 437
423 577
423 673
423 709
424 446
424 455
424 518
424 572
424 706
425 433
425 550
425 568
425 674
425 684
426 446
426 495
427 484
427 488
427 618
428 483
428 508
428 586
428 636
428 736
429 487
429 511
429 586
429 635
429 728
429 755
430 457
430 529
430 530
430 546
430 619
430 656
430 697
431 442
431 543
431 544
431 714
432 631
432 662
432 748
433 463
433 475
433 513
433 550
433 556
433 605
433 615
434 459
434 541
434 553
434 600
434 627
434 643
434 691
434 708
435 444
435 560
435 688
437 456
437 464
437 673
438 504
438 583
438 711
439 571
440 697
441 534
441 655
441 764
442 503
443 569
445 471
445 530
445 607
445 608
445 630
445 677
446 495
447 538
447 554
447 693
448 510
448 526
448 540
448 699
448 723
449 503
449 523
449 721
450 456
450 479
450 713
450 715
451 460
451 461
451 465
451 563
451 585
451 611
451 645
451 670
451 737
451 745
452 467
452 512
452 533
452 578
452 604
452 652
452 694
453 459
453 541
453 649
454 522
454 539
454 678
454 741
455 518
455 572
455 706
456 464
456 479
456 617
456 713
456 715
457 529
457 530
457 546
457 619
458 628
459 514
459 553
459 664
460 461
460 465
460 745
461 465
461 632
462 467
462 533
462 541
462 620
462 627
463 605
463 615
463 739
463 761
464 594
464 617
464 715
464 760
465 561
465 563
465 585
465 737
466 516
466 528
467 512
467 578
468 482
468 542
468 581
468 690
468 729
469 519
469 623
470 582
471 530
471 608
471 677
472 772
473 498
473 689
473 722
475 513
475 517
475 556
476 639
476 730
476 748
477 493
477 598
477 665
477 669
478 707
478 732
478 742
479 657
480 501
480 547
480 679
480 762
481 509
481 545
481 562
481 573
481 601
481 626
482 542
482 581
482 667
482 768
483 736
484 486
484 488
485 499
485 675
486 507
486 784
487 511
487 624
488 618
489 536
489 574
489 587
489 591
490 567
490 625
490 759
490 766
491 698
492 650
493 665
493 669
494 524
494 596
494 668
494 685
495 648
495 698
495 716
495 775
496 576
497 692
498 566
499 675
500 521
500 606
500 638
500 721
501 547
501 679
502 507
502 537
502 620
503 544
504 558
504 583
504 651
505 548
506 609
506 641
506 676
507 680
507 749
507 784
509 545
509 562
509 573
509 626
509 757
509 769
510 526
510 699
511 633
511 635
511 728
512 578
512 629
512 646
512 647
513 517
513 615
515 523
515 525
515 754
516 528
516 590
516 780
517 550
517 556
517 565
517 589
518 572
518 663
518 706
518 716
518 743
518 775
519 666
520 531
520 616
520 648
521 638
521 644
521 721
522 539
522 641
522 741
523 721
523 740
524 596
524 682
525 551
526 540
526 634
527 569
527 575
528 552
528 559
529 546
530 546
530 607
530 619
530 630
530 677
530 697
532 592
532 671
533 541
534 569
534 686
534 717
534 733
534 764
534 780
535 557
535 569
535 686
535 750
535 756
535 765
536 574
537 578
537 620
537 629
537 705
538 693
539 609
539 641
539 676
539 741
540 634
540 699
540 723
541 600
541 691
542 579
542 640
542 729
542 744
543 544
543 657
543 660
543 683
543 714
545 562
545 727
546 619
546 656
546 677
546 718
547 702
547 727
547 769
547 773
549 552
549 559
549 709
550 556
550 589
551 561
552 559
553 708
554 696
555 681
555 756
556 589
557 681
558 583
558 651
558 750
560 688
560 776
562 573
563 584
563 642
563 737
564 637
565 569
566 722
567 625
567 710
567 759
567 766
568 674
568 684
568 738
569 575
569 686
569 765
569 780
570 614
570 621
570 632
570 701
570 712
570 731
572 663
572 706
572 743
573 601
573 626
575 751
577 597
577 672
577 673
577 703
577 709
578 629
578 646
578 652
578 705
579 640
579 717
579 729
580 704
581 624
581 667
583 651
584 642
584 737
585 611
585 645
586 635
586 636
587 591
591 766
592 671
592 734
593 730
593 748
594 617
594 760
595 607
595 677
595 778
597 673
597 703
598 610
599 707
600 627
600 643
600 691
600 708
603 611
605 761
607 608
607 630
607 677
608 677
609 641
609 676
610 612
614 621
614 632
614 712
615 726
615 739
615 761
616 648
617 653
617 715
617 735
617 760
619 677
620 705
621 632
621 701
621 712
622 654
622 719
624 690
625 759
627 643
627 691
628 755
629 646
629 705
630 697
631 662
631 748
632 701
632 712
633 728
634 723
635 728
635 755
636 661
637 770
638 644
638 721
639 748
640 717
640 729
642 737
643 691
645 670
646 647
651 750
652 694
653 735
654 682
655 764
656 697
656 718
657 660
657 714
659 688
659 720
660 683
660 714
663 706
663 716
663 743
664 725
665 669
667 768
668 685
668 719
670 745
671 734
674 738
676 752
678 741
680 749
681 756
682 763
683 714
686 780
687 724
688 720
688 776
698 716
701 712
702 757
702 769
702 773
706 743
710 725
712 731
713 715
716 775
727 769
739 761
744 785
746 788
747 780
747 783
749 784
757 769
757 773
757 782
765 787
766 789
769 773
779 788
781 786
