1 2
1 3
1 28
1 64
2 4
2 11
2 64
3 5
3 12
3 28
4 6
4 11
4 35
4 64
5 10
5 12
5 16
5 26
6 7
6 11
6 13
6 21
6 35
7 8
7 13
7 21
7 23
7 25
7 35
8 9
8 13
8 21
8 22
8 23
8 24
8 25
8 53
9 17
9 22
9 23
9 25
9 48
9 53
10 15
10 16
10 18
10 26
10 37
10 45
11 35
11 64
12 16
12 28
13 24
13 25
13 35
14 19
14 20
14 29
14 31
15 18
15 19
15 26
15 29
15 37
15 38
15 45
16 18
17 22
17 27
17 48
17 53
17 61
18 38
18 45
18 47
19 29
19 37
20 31
20 34
20 43
21 23
22 24
22 25
22 39
22 59
23 53
24 25
24 59
25 53
25 59
26 37
27 30
27 32
27 61
29 31
29 45
30 33
30 55
31 42
31 43
32 39
33 55
33 58
34 36
34 43
36 40
38 45
38 47
38 52
38 65
39 59
40 41
40 43
40 56
41 56
42 43
44 46
44 51
44 58
44 62
44 63
45 47
46 58
46 62
46 63
47 65
48 53
48 61
49 54
50 57
58 63
