1 2
1 3
1 17
1 36
1 43
1 80
2 5
2 17
2 36
2 97
3 4
3 18
3 43
3 80
4 6
4 13
4 18
4 41
4 43
4 107
5 7
5 8
5 15
5 36
5 61
5 97
6 9
6 13
6 18
6 26
6 64
6 107
7 8
7 10
7 31
7 61
8 10
8 15
8 31
8 32
8 47
8 57
8 61
8 68
8 105
9 12
9 13
9 14
9 26
9 28
9 64
9 76
10 11
10 31
10 32
10 42
10 57
10 68
10 102
11 16
11 24
11 25
11 32
11 35
11 42
11 57
11 68
12 14
12 26
12 28
12 34
12 64
12 76
12 100
13 18
13 26
13 41
13 54
13 107
14 26
14 28
14 74
15 32
15 36
15 47
15 61
15 97
15 105
16 24
16 35
16 38
16 39
16 42
17 36
17 96
18 41
18 43
18 80
18 107
19 21
19 29
19 34
19 37
19 69
19 100
20 58
20 72
20 90
20 91
20 99
21 28
21 29
21 46
21 74
21 100
22 27
22 56
22 59
22 66
22 78
23 48
23 59
23 62
23 70
23 88
23 114
24 35
24 38
24 55
25 32
25 35
25 57
25 68
25 73
25 81
26 28
27 33
27 78
28 74
28 100
29 37
29 46
29 60
30 37
30 60
30 72
30 98
31 102
32 47
32 57
32 68
32 105
33 49
33 52
33 75
34 69
34 76
34 100
35 55
35 57
35 68
35 73
35 81
36 61
36 96
36 97
37 69
37 98
38 39
38 48
38 50
38 55
38 114
39 42
40 44
41 43
41 54
41 107
42 102
43 80
43 107
44 58
45 108
46 60
46 77
47 57
47 61
47 68
47 105
48 55
48 62
48 70
48 88
48 114
49 75
49 110
50 62
50 114
51 62
55 70
55 71
55 73
55 81
57 68
57 105
58 99
59 66
59 78
59 88
60 63
61 97
61 105
62 114
63 91
64 76
65 104
65 110
66 78
66 88
66 106
67 90
67 91
68 81
70 88
71 73
72 91
74 100
75 110
76 100
78 106
82 90
90 91
96 97
113 115
