1 2
1 3
1 26
1 37
1 122
1 155
1 193
1 233
2 5
2 6
2 14
2 26
2 31
2 107
2 155
2 193
3 4
3 12
3 37
3 122
3 138
3 233
3 269
3 304
4 9
4 12
4 23
4 35
4 55
4 117
4 138
4 304
4 313
5 6
5 7
5 11
5 14
5 18
5 24
5 43
5 95
5 119
5 188
5 225
5 294
5 327
6 11
6 14
6 188
7 10
7 11
7 18
7 36
7 43
7 47
7 49
7 82
7 95
7 119
7 133
7 213
7 222
7 225
7 294
7 309
7 327
8 9
8 17
8 23
8 25
8 32
8 34
8 39
8 41
8 182
8 313
9 12
9 23
9 27
9 34
9 35
9 39
9 205
9 313
10 18
10 20
10 47
10 213
10 291
10 294
10 309
11 14
11 18
11 43
11 294
11 327
12 35
12 37
12 55
12 97
12 117
12 138
12 142
12 143
12 230
12 233
12 269
12 304
13 16
13 20
13 47
13 49
13 60
13 69
13 74
13 82
13 132
13 213
13 297
14 24
14 26
14 31
14 83
14 107
14 188
14 225
15 17
15 22
15 28
15 41
15 48
15 73
15 105
15 146
15 157
15 328
16 19
16 42
16 60
16 69
16 74
16 75
16 132
16 213
16 248
16 297
16 305
16 326
17 25
17 32
17 34
17 41
17 73
17 105
17 157
17 182
17 328
18 43
18 47
18 294
18 309
18 327
19 20
19 42
19 46
19 71
19 74
19 89
19 90
19 248
19 271
19 297
19 326
20 47
20 71
20 74
20 82
20 213
20 291
20 297
21 42
21 59
21 90
21 111
21 116
21 154
21 158
21 271
21 285
22 28
22 40
22 48
22 57
22 105
22 109
22 146
22 148
22 157
22 328
23 34
23 39
23 304
23 313
24 31
24 38
24 43
24 83
24 107
24 119
24 188
24 225
24 232
24 299
24 327
25 27
25 39
25 41
25 50
25 78
25 145
25 166
25 182
25 259
25 266
25 325
25 328
26 31
26 107
26 155
26 193
26 278
27 35
27 39
27 50
27 124
27 145
27 161
27 166
27 205
27 259
27 266
27 293
27 310
28 40
28 73
28 105
28 109
28 146
28 157
28 284
29 48
29 81
29 128
29 175
29 201
29 237
30 36
30 38
30 49
30 95
30 136
30 214
30 222
30 250
31 83
31 107
31 155
31 188
31 193
31 232
31 278
32 34
32 73
32 157
32 182
33 54
33 85
33 96
33 99
33 106
33 147
34 39
34 182
34 313
35 39
35 55
35 117
35 124
35 138
35 143
35 156
35 205
35 230
35 293
35 313
36 38
36 43
36 47
36 49
36 82
36 95
36 222
36 225
36 294
36 309
36 327
37 97
37 117
37 122
37 138
37 142
37 233
37 256
37 269
38 43
38 95
38 119
38 222
38 225
38 232
38 250
39 50
39 124
39 182
39 205
39 259
39 313
40 57
40 58
40 109
40 129
40 146
40 148
40 321
41 48
41 78
41 105
41 128
41 145
41 157
41 166
41 173
41 182
41 328
42 59
42 60
42 74
42 90
42 248
42 271
42 297
42 305
42 326
43 95
43 119
43 188
43 222
43 225
43 294
43 309
43 327
44 51
44 70
44 84
44 88
44 114
44 217
44 224
45 160
45 202
46 71
46 74
46 89
46 248
47 49
47 82
47 95
47 213
47 294
47 309
48 57
48 78
48 81
48 105
48 128
48 146
48 173
48 201
48 220
48 328
49 69
49 82
49 132
49 133
49 213
49 214
49 222
49 309
50 92
50 124
50 156
50 161
50 172
50 293
50 310
51 52
51 58
51 62
51 70
51 84
51 261
52 61
52 62
52 70
52 189
52 261
54 64
54 79
54 80
54 116
54 154
54 185
54 199
54 308
55 92
55 97
55 115
55 117
55 124
55 138
55 156
55 205
55 230
55 269
56 150
56 227
57 58
57 62
57 81
57 129
57 146
57 148
57 321
58 62
58 77
58 84
58 109
58 114
58 129
58 148
59 111
59 158
59 181
59 285
59 305
59 318
60 69
60 75
60 104
60 132
60 181
60 297
60 305
60 326
61 70
61 103
61 203
62 81
62 129
62 189
62 321
63 154
63 165
63 216
63 285
64 68
64 80
64 139
64 176
64 191
64 308
65 112
65 198
66 70
66 135
66 153
66 197
66 203
66 217
66 279
67 153
67 244
67 301
68 96
68 144
69 75
69 132
69 136
69 214
69 295
70 203
70 217
71 74
71 291
72 134
72 153
72 217
72 246
72 279
73 157
73 284
74 213
74 248
74 297
75 170
75 216
75 295
77 84
77 88
77 109
77 114
77 183
78 128
78 145
78 166
78 173
78 220
78 241
78 325
78 328
79 116
79 154
79 158
79 185
79 199
79 234
80 176
80 185
80 199
80 226
80 308
81 128
81 129
81 189
81 201
81 237
81 321
82 95
82 132
82 133
82 213
82 222
82 297
82 309
83 107
83 232
83 278
84 88
84 114
84 129
85 96
85 99
85 106
85 127
85 169
86 96
87 244
88 114
88 183
88 186
88 217
88 224
89 90
89 94
89 209
89 271
90 99
90 111
90 209
90 248
90 271
92 115
92 124
92 156
92 293
93 144
93 177
93 242
94 106
94 127
95 119
95 133
95 188
95 222
95 225
95 294
95 309
95 327
96 144
96 169
96 177
97 115
97 117
97 122
97 138
97 142
97 219
97 269
99 106
99 111
99 147
99 209
100 286
103 197
103 203
103 223
104 132
104 133
105 128
105 146
105 157
105 182
105 328
106 127
106 209
107 188
107 232
107 299
109 114
109 148
109 284
109 287
110 200
110 215
111 116
111 147
111 158
111 209
112 198
114 148
115 156
116 147
116 154
116 158
116 199
117 124
117 138
117 142
117 143
117 205
117 230
117 269
119 133
119 188
119 222
119 225
119 299
119 309
119 327
120 163
120 258
122 138
122 233
122 269
124 205
124 259
124 293
124 310
127 169
128 146
128 173
128 175
128 201
128 220
128 241
128 328
129 148
129 189
129 321
130 152
132 133
132 213
132 297
133 222
133 309
134 217
135 151
135 153
135 162
135 197
135 279
136 214
136 295
137 191
137 200
137 227
137 296
137 303
138 156
138 230
138 233
138 269
139 176
139 191
139 308
142 143
142 256
142 269
144 215
144 319
145 166
145 182
145 266
145 310
145 325
146 328
147 158
147 199
147 209
148 321
149 265
150 227
151 167
151 197
152 254
153 279
154 158
154 185
154 234
154 239
154 285
155 193
155 278
157 182
157 328
158 185
158 234
158 285
158 318
160 228
161 166
163 242
164 207
166 325
169 177
170 216
171 195
171 243
173 220
176 191
176 226
181 285
181 305
181 318
182 328
183 186
185 199
185 226
188 225
188 232
188 299
188 327
189 237
191 303
192 198
193 278
195 243
197 203
199 226
199 308
200 215
201 220
202 265
204 228
204 301
205 230
205 310
205 313
209 271
213 291
213 297
213 309
216 285
217 224
220 241
222 309
222 327
223 251
225 327
227 296
230 269
232 299
233 269
233 304
236 290
236 292
238 262
239 285
243 249
246 279
248 271
248 297
248 326
256 269
259 293
259 310
266 310
271 326
284 287
285 305
285 318
290 292
294 309
294 327
297 326
309 327
