1 2
1 3
1 4
1 5
1 7
1 8
1 11
1 13
1 15
1 17
1 21
1 22
1 23
1 24
1 25
1 27
1 31
1 40
1 44
1 45
1 47
1 50
1 52
1 63
1 73
1 79
1 81
1 84
1 86
1 87
1 89
1 92
1 93
1 95
1 100
1 101
1 104
1 105
1 116
1 119
1 121
1 122
1 126
1 127
1 128
1 134
1 137
1 140
1 142
1 152
1 159
1 162
1 167
1 171
1 172
1 177
1 179
1 183
1 185
1 187
1 191
1 192
1 195
1 196
1 205
1 209
1 224
1 226
1 234
1 245
1 251
1 262
1 264
1 272
1 282
1 293
1 295
1 304
1 308
1 311
1 319
1 330
1 337
1 342
1 349
1 350
1 353
1 376
1 378
1 381
1 382
1 383
1 386
1 389
1 397
1 422
1 458
1 478
1 482
1 500
1 554
1 555
1 572
1 612
1 620
1 624
1 629
1 630
1 635
1 636
1 648
1 650
1 655
1 661
1 674
1 680
2 3
2 5
2 7
2 11
2 15
2 47
2 52
2 87
2 93
2 116
2 140
2 171
2 186
2 187
2 193
2 205
2 208
2 220
2 248
2 249
2 295
2 376
2 381
2 422
2 486
2 488
2 620
2 625
2 635
2 646
2 658
3 4
3 5
3 11
3 17
3 27
3 47
3 81
3 92
3 94
3 100
3 104
3 116
3 126
3 127
3 140
3 142
3 177
3 179
3 181
3 191
3 234
3 248
3 277
3 295
3 314
3 376
3 381
3 382
3 383
3 484
3 488
3 541
3 559
3 620
3 625
3 629
3 647
3 650
4 5
4 8
4 13
4 15
4 17
4 21
4 40
4 45
4 52
4 84
4 86
4 100
4 125
4 132
4 140
4 159
4 162
4 183
4 185
4 187
4 188
4 194
4 195
4 196
4 246
4 262
4 264
4 272
4 293
4 301
4 304
4 316
4 330
4 350
4 353
4 375
4 377
4 461
4 483
4 555
4 576
4 606
4 612
4 620
4 629
4 637
4 648
4 654
4 661
4 674
4 675
4 692
5 8
5 13
5 15
5 17
5 21
5 27
5 40
5 45
5 52
5 84
5 86
5 87
5 100
5 101
5 104
5 105
5 116
5 132
5 140
5 152
5 159
5 162
5 177
5 183
5 184
5 187
5 191
5 195
5 196
5 234
5 245
5 262
5 264
5 278
5 301
5 304
5 305
5 316
5 319
5 330
5 350
5 382
5 383
5 482
5 540
5 555
5 560
5 572
5 606
5 620
5 624
5 629
5 637
5 674
5 675
5 680
6 26
6 42
6 43
6 166
7 16
7 47
7 48
7 50
7 81
7 422
7 635
7 650
8 13
8 15
8 17
8 21
8 22
8 40
8 52
8 73
8 86
8 100
8 119
8 121
8 125
8 140
8 162
8 172
8 178
8 183
8 185
8 192
8 194
8 195
8 196
8 202
8 209
8 214
8 246
8 272
8 293
8 308
8 342
8 349
8 353
8 375
8 458
8 461
8 479
8 495
8 555
8 570
8 612
8 629
8 632
8 633
8 636
8 674
9 25
9 38
9 46
9 58
9 61
9 107
9 164
9 167
9 417
9 600
10 20
10 24
10 37
10 57
10 60
10 70
10 75
10 232
10 656
11 15
11 17
11 19
11 21
11 22
11 23
11 27
11 34
11 39
11 40
11 52
11 94
11 95
11 116
11 122
11 126
11 137
11 139
11 140
11 142
11 187
11 205
11 208
11 216
11 226
11 248
11 259
11 293
11 308
11 376
11 378
11 381
11 386
11 391
11 399
11 488
11 500
11 572
11 620
11 647
11 648
12 19
12 29
12 34
12 39
12 65
12 66
12 95
12 97
12 98
12 217
12 336
12 528
12 562
13 15
13 17
13 20
13 21
13 24
13 27
13 44
13 45
13 52
13 63
13 73
13 84
13 86
13 100
13 105
13 128
13 140
13 152
13 159
13 183
13 192
13 196
13 224
13 262
13 264
13 282
13 304
13 319
13 330
13 337
13 342
13 350
13 377
13 414
13 478
13 555
13 572
13 620
13 624
13 629
13 674
13 680
14 18
14 22
14 23
14 33
14 39
14 55
14 59
14 76
14 89
14 336
14 685
15 17
15 21
15 22
15 25
15 27
15 34
15 40
15 45
15 52
15 84
15 86
15 87
15 93
15 95
15 100
15 105
15 132
15 137
15 140
15 152
15 159
15 162
15 187
15 196
15 205
15 245
15 262
15 264
15 278
15 293
15 301
15 304
15 316
15 319
15 330
15 350
15 376
15 386
15 500
15 528
15 555
15 572
15 606
15 612
15 620
15 629
15 674
16 35
16 42
16 48
16 81
16 635
17 21
17 22
17 23
17 27
17 39
17 40
17 45
17 52
17 86
17 100
17 113
17 121
17 122
17 125
17 137
17 140
17 187
17 195
17 196
17 209
17 226
17 246
17 264
17 272
17 293
17 308
17 353
17 375
17 376
17 378
17 381
17 386
17 442
17 461
17 500
17 555
17 572
17 612
17 620
17 629
17 637
17 648
17 674
18 59
18 76
18 685
19 22
19 23
19 34
19 39
19 52
19 65
19 66
19 93
19 95
19 97
19 98
19 122
19 137
19 187
19 205
19 217
19 226
19 245
19 293
19 336
19 378
19 386
19 397
19 528
19 555
19 562
20 21
20 24
20 27
20 37
20 45
20 62
20 63
20 73
20 83
20 128
20 224
20 232
20 261
20 262
20 304
20 319
20 337
20 395
20 586
20 656
20 680
21 22
21 27
21 33
21 37
21 40
21 45
21 52
21 63
21 86
21 92
21 121
21 159
21 183
21 192
21 196
21 197
21 224
21 234
21 245
21 262
21 304
21 319
21 337
21 353
21 378
21 382
21 389
21 397
21 458
21 555
21 572
21 620
21 629
21 674
21 680
22 23
22 27
22 33
22 37
22 39
22 40
22 45
22 52
22 63
22 76
22 89
22 92
22 94
22 95
22 113
22 121
22 122
22 137
22 142
22 187
22 196
22 209
22 217
22 224
22 226
22 245
22 251
22 262
22 272
22 295
22 308
22 311
22 319
22 336
22 337
22 353
22 376
22 378
22 381
22 382
22 386
22 397
22 399
22 458
22 500
22 555
22 572
22 620
22 648
22 655
22 680
23 27
23 33
23 39
23 40
23 52
23 55
23 76
23 89
23 92
23 95
23 121
23 122
23 163
23 215
23 217
23 226
23 308
23 311
23 319
23 336
23 353
23 378
23 381
23 386
23 397
23 399
23 572
23 648
23 655
24 27
24 37
24 44
24 45
24 56
24 62
24 63
24 73
24 83
24 128
24 159
24 165
24 232
24 262
24 304
24 319
24 337
24 389
24 395
24 586
24 656
24 680
25 31
25 38
25 46
25 52
25 54
25 61
25 65
25 79
25 81
25 84
25 87
25 91
25 104
25 105
25 134
25 137
25 167
25 187
25 251
25 330
25 383
25 386
25 417
25 600
26 43
27 33
27 37
27 39
27 40
27 45
27 52
27 63
27 73
27 84
27 89
27 90
27 92
27 96
27 101
27 121
27 122
27 159
27 163
27 165
27 183
27 192
27 197
27 204
27 209
27 234
27 245
27 262
27 264
27 295
27 308
27 311
27 319
27 337
27 353
27 378
27 381
27 382
27 386
27 389
27 395
27 397
27 572
27 620
27 655
27 680
28 30
28 37
28 70
28 90
28 165
28 197
28 526
28 656
29 34
29 38
29 65
29 66
29 74
29 98
29 260
29 528
29 535
30 33
30 76
30 90
30 163
30 197
30 526
30 685
31 46
31 54
31 61
31 79
31 81
31 84
31 104
31 105
31 142
31 167
31 383
31 417
31 650
32 38
32 53
32 65
32 69
32 203
32 535
32 553
33 37
33 39
33 40
33 63
33 76
33 89
33 90
33 96
33 121
33 163
33 165
33 197
33 217
33 308
33 311
33 336
33 378
33 386
33 389
33 397
33 526
33 655
33 685
34 52
34 65
34 91
34 93
34 95
34 97
34 98
34 122
34 205
34 217
34 226
34 293
34 330
34 345
34 378
34 386
34 528
36 44
36 290
36 631
37 45
37 63
37 70
37 90
37 96
37 101
37 163
37 165
37 197
37 232
37 245
37 261
37 262
37 319
37 337
37 378
37 389
37 395
37 526
37 656
37 680
38 52
38 53
38 61
38 65
38 69
38 79
38 84
38 91
38 93
38 98
38 105
38 137
38 167
38 187
38 203
38 251
38 386
38 528
38 535
38 553
39 52
39 55
39 59
39 63
39 66
39 76
39 89
39 95
39 97
39 122
39 217
39 226
39 308
39 336
39 378
39 381
39 386
39 397
39 399
39 528
39 562
39 685
40 52
40 73
40 86
40 92
40 119
40 121
40 159
40 162
40 172
40 178
40 183
40 185
40 192
40 196
40 202
40 204
40 209
40 245
40 272
40 308
40 311
40 319
40 342
40 349
40 353
40 378
40 381
40 382
40 389
40 397
40 458
40 465
40 479
40 495
40 555
40 572
40 620
40 633
40 636
40 655
40 674
41 42
41 48
41 49
41 50
41 82
41 190
41 276
41 370
41 504
41 686
42 48
42 166
42 686
43 166
44 45
44 83
44 183
44 261
44 262
44 264
44 282
44 289
44 290
44 319
44 337
44 623
44 631
44 661
45 63
45 83
45 86
45 121
45 128
45 183
45 224
45 232
45 261
45 262
45 264
45 282
45 304
45 319
45 337
45 350
45 478
45 555
45 572
45 629
45 674
45 680
46 61
46 68
46 81
46 164
46 167
46 417
46 600
47 50
47 82
47 87
47 116
47 171
47 376
47 411
47 422
47 504
47 635
47 658
48 50
48 81
48 166
48 276
48 422
48 504
48 686
49 80
49 82
49 190
49 338
49 370
49 408
49 494
49 504
49 522
49 619
49 690
50 81
50 82
50 276
50 370
50 411
50 422
50 494
50 504
50 686
51 176
52 63
52 65
52 79
52 84
52 86
52 87
52 91
52 93
52 95
52 97
52 98
52 104
52 105
52 116
52 121
52 122
52 137
52 140
52 159
52 187
52 196
52 205
52 217
52 226
52 245
52 271
52 278
52 293
52 308
52 319
52 330
52 353
52 376
52 378
52 386
52 397
52 399
52 500
52 528
52 555
52 572
52 612
52 629
52 630
52 648
53 65
53 91
53 553
54 61
54 417
55 59
55 66
55 76
55 122
55 226
55 336
55 378
55 399
58 164
59 66
59 76
59 336
59 685
60 70
60 83
60 232
60 261
61 164
61 167
61 417
62 67
62 73
62 262
62 319
62 389
62 462
62 502
62 586
62 680
63 90
63 121
63 224
63 245
63 262
63 319
63 337
63 378
63 555
63 680
64 71
64 80
64 323
64 338
64 619
64 690
65 66
65 74
65 91
65 97
65 98
65 137
65 187
65 203
65 217
65 260
65 336
65 386
65 528
65 535
65 553
66 97
66 217
66 260
66 336
66 386
66 562
67 73
67 85
67 119
67 172
67 178
67 342
67 462
67 465
67 495
67 502
67 586
68 164
69 203
70 83
70 232
70 261
70 656
71 323
71 339
71 619
71 690
72 102
72 547
73 86
73 119
73 172
73 185
73 192
73 262
73 319
73 337
73 342
73 349
73 389
73 462
73 478
73 502
73 586
73 636
73 674
73 680
74 260
74 535
76 90
76 163
76 217
76 336
76 378
76 397
76 526
76 685
77 89
77 92
77 99
77 277
78 79
78 87
78 104
78 106
78 115
78 116
78 171
78 199
78 347
78 384
78 416
78 554
78 626
79 81
79 84
79 87
79 93
79 104
79 105
79 106
79 134
79 137
79 167
79 187
79 330
79 384
79 386
79 416
79 417
79 554
79 600
79 626
80 190
80 338
80 619
80 690
81 84
81 87
81 104
81 105
81 142
81 167
81 422
81 635
81 650
82 190
82 276
82 338
82 370
82 411
82 494
82 504
82 686
83 232
83 261
83 337
83 623
83 631
84 87
84 91
84 93
84 104
84 105
84 116
84 134
84 137
84 159
84 162
84 167
84 177
84 187
84 234
84 245
84 251
84 271
84 320
84 330
84 382
84 383
84 386
84 554
84 572
84 629
84 630
85 119
85 172
85 178
85 322
85 465
85 495
85 570
85 618
86 100
86 119
86 140
86 162
86 172
86 185
86 192
86 196
86 262
86 330
86 342
86 349
86 350
86 458
86 555
86 629
86 633
86 636
86 674
87 93
87 104
87 105
87 116
87 134
87 171
87 187
87 245
87 330
87 347
87 383
87 384
87 416
87 554
87 658
88 135
88 467
89 92
89 99
89 295
89 308
89 311
89 314
89 378
89 381
89 397
89 399
89 620
90 163
90 165
90 197
90 378
90 526
90 656
91 93
91 271
91 386
91 528
91 551
91 553
91 630
92 99
92 100
92 121
92 127
92 142
92 177
92 179
92 191
92 234
92 277
92 295
92 311
92 314
92 381
92 382
92 383
92 444
92 484
92 620
93 171
93 187
93 205
93 220
93 245
93 250
93 271
93 330
93 376
93 386
93 528
93 551
93 630
93 691
94 95
94 126
94 139
94 142
94 151
94 205
94 216
94 248
94 376
94 381
94 391
94 399
94 430
94 488
94 620
94 647
95 97
95 122
95 139
95 205
95 216
95 217
95 226
95 259
95 293
95 376
95 378
95 381
95 391
95 399
95 562
96 101
96 165
96 197
96 319
96 327
96 389
96 395
97 122
97 205
97 217
97 226
97 336
97 386
97 528
97 562
98 105
98 137
98 167
98 187
98 203
98 217
98 386
98 528
98 535
100 116
100 127
100 140
100 177
100 195
100 196
100 234
100 272
100 295
100 316
100 330
100 353
100 376
100 382
100 383
100 555
100 612
100 620
100 629
100 674
101 152
101 158
101 159
101 234
101 304
101 319
101 327
101 337
101 395
101 482
101 624
101 680
103 114
103 622
104 105
104 116
104 142
104 167
104 347
104 382
104 383
104 416
104 417
104 554
104 630
104 650
105 116
105 134
105 137
105 140
105 142
105 167
105 177
105 187
105 251
105 330
105 382
105 383
105 386
105 397
105 629
105 650
106 416
106 417
106 626
107 600
108 144
108 679
109 112
110 113
110 125
110 188
110 375
111 146
111 302
111 361
111 450
111 516
111 517
112 123
113 125
113 226
113 293
113 308
113 375
113 442
113 461
113 555
113 612
113 648
114 534
114 549
114 622
115 171
115 199
115 200
115 347
115 384
115 416
115 554
115 608
115 626
116 140
116 142
116 171
116 295
116 347
116 376
116 382
116 554
116 620
116 625
116 629
116 650
117 157
117 296
117 324
117 368
119 172
119 178
119 185
119 192
119 198
119 342
119 462
119 465
119 479
119 495
119 502
119 636
119 674
120 130
120 154
120 297
120 298
120 303
120 359
120 425
120 483
120 491
120 516
120 683
121 172
121 183
121 185
121 192
121 196
121 204
121 209
121 245
121 262
121 272
121 308
121 311
121 319
121 337
121 353
121 378
121 389
121 397
121 458
121 555
121 620
121 655
121 680
122 217
122 226
122 293
122 308
122 336
122 378
122 386
122 399
122 648
123 136
123 511
124 138
124 227
124 363
124 556
125 188
125 195
125 226
125 246
125 293
125 316
125 332
125 375
125 442
125 455
125 461
125 555
125 576
125 612
125 637
125 648
126 140
126 142
126 151
126 179
126 216
126 248
126 259
126 295
126 376
126 381
126 484
126 488
126 541
126 620
126 625
126 639
126 647
127 177
127 180
127 191
127 234
127 277
127 295
127 311
127 314
127 315
127 334
127 382
127 444
127 474
127 482
127 484
127 571
127 689
128 262
128 264
128 319
128 337
128 377
128 414
129 681
130 297
130 318
130 446
130 491
130 683
131 156
131 237
131 239
132 140
132 159
132 184
132 278
132 301
132 330
132 350
132 540
132 606
132 629
132 675
133 153
133 238
133 364
134 177
134 187
134 255
134 320
134 330
134 383
135 377
135 467
136 143
136 155
136 240
137 167
137 187
137 386
137 397
137 528
138 150
138 556
139 391
139 399
140 142
140 159
140 162
140 187
140 196
140 234
140 248
140 295
140 330
140 350
140 376
140 381
140 555
140 572
140 620
140 629
141 487
141 652
142 179
142 248
142 295
142 376
142 381
142 382
142 541
142 559
142 620
142 647
142 650
143 155
143 240
143 366
144 354
144 447
144 679
145 148
145 258
145 302
145 441
145 454
145 469
145 501
145 517
146 361
146 365
146 450
147 426
147 500
148 239
148 454
148 501
148 517
149 256
149 371
149 449
149 474
149 518
150 268
150 581
151 216
151 222
151 248
151 381
151 391
151 430
151 488
151 647
152 158
152 159
152 161
152 162
152 177
152 184
152 234
152 244
152 304
152 305
152 319
152 321
152 350
152 482
152 540
152 560
152 624
152 629
152 644
152 645
152 675
152 680
153 230
153 238
153 364
153 565
154 298
154 394
154 425
154 450
154 483
155 240
156 160
156 237
156 582
157 296
157 317
157 324
158 161
158 244
158 327
158 482
159 162
159 177
159 234
159 245
159 262
159 278
159 304
159 319
159 330
159 337
159 350
159 482
159 624
159 629
159 680
161 244
161 482
162 177
162 234
162 245
162 382
162 383
162 482
162 540
162 624
162 680
163 165
163 197
163 378
163 526
163 685
165 197
165 389
165 395
165 656
166 686
167 187
167 386
167 417
167 554
167 600
168 173
168 178
168 198
168 322
168 471
168 495
168 570
168 651
169 171
169 174
169 186
169 193
169 235
169 249
169 464
169 486
169 646
169 658
169 660
169 671
170 175
170 335
170 497
170 561
170 595
171 187
171 193
171 249
171 250
171 271
171 347
171 376
171 384
171 486
171 554
171 608
171 625
171 630
171 658
171 691
172 178
172 185
172 192
172 196
172 198
172 202
172 342
172 349
172 353
172 458
172 465
172 479
172 495
172 570
172 632
172 633
172 636
172 674
173 322
173 651
174 464
174 605
174 627
174 660
174 671
175 335
175 497
175 542
175 561
175 567
175 595
175 603
175 659
176 189
177 182
177 191
177 234
177 251
177 295
177 315
177 320
177 382
177 383
177 444
177 482
177 540
177 548
177 550
177 560
177 571
177 638
177 644
177 662
178 192
178 198
178 342
178 458
178 465
178 471
178 495
178 570
178 632
178 633
179 181
179 191
179 216
179 295
179 381
179 484
179 530
179 541
179 559
179 620
179 625
179 639
179 647
179 689
180 182
180 191
180 314
180 315
180 334
180 385
180 474
180 484
180 571
180 638
180 689
181 222
181 484
181 530
181 541
181 559
181 597
181 607
181 625
181 639
181 647
181 689
182 191
182 315
182 334
182 484
182 539
182 550
182 560
182 571
182 573
182 589
182 602
182 638
182 689
183 185
183 196
183 262
183 264
183 282
183 319
183 337
183 353
183 631
183 661
184 305
184 350
184 531
184 540
184 550
184 560
184 583
184 598
184 606
184 629
184 645
184 672
184 675
185 192
185 196
185 349
185 353
185 458
185 636
185 674
186 193
186 220
186 235
186 486
186 532
186 625
186 635
186 658
186 691
187 205
187 245
187 251
187 271
187 293
187 330
187 376
187 382
187 383
187 386
187 397
187 528
187 554
187 629
187 630
188 316
188 332
188 335
188 455
188 497
188 561
188 576
188 612
188 637
189 544
190 276
190 338
190 370
190 494
190 504
190 619
190 686
191 234
191 295
191 314
191 315
191 334
191 382
191 383
191 444
191 474
191 482
191 484
191 540
191 550
191 560
191 571
191 638
191 662
191 689
192 196
192 198
192 262
192 319
192 342
192 349
192 389
192 458
192 462
192 636
192 674
193 235
193 249
193 486
193 608
193 646
193 658
193 671
194 195
194 209
194 214
194 246
194 272
194 285
194 375
194 458
194 479
194 537
194 542
194 601
194 621
194 632
194 692
195 196
195 209
195 214
195 246
195 272
195 316
195 353
195 375
195 461
195 479
195 555
195 576
195 612
195 637
195 661
195 692
196 209
196 262
196 272
196 308
196 353
196 458
196 461
196 555
196 629
196 637
196 648
196 692
197 204
197 389
197 526
197 656
197 680
198 322
198 342
198 466
198 495
198 533
198 570
198 633
198 684
199 200
199 228
199 333
199 347
199 384
199 464
199 608
200 228
200 242
200 464
201 206
201 392
202 209
202 458
202 465
202 479
202 495
202 527
202 632
203 535
204 389
204 655
205 208
205 217
205 376
205 378
205 391
205 528
206 392
207 428
208 235
208 248
208 376
208 456
208 488
208 532
208 541
209 214
209 215
209 272
209 308
209 353
209 458
209 479
209 555
209 655
210 322
210 618
211 212
211 253
211 546
212 270
212 380
212 546
213 267
213 393
214 246
214 272
214 375
215 308
216 222
216 248
216 259
216 376
216 381
216 391
216 430
216 488
216 620
216 625
216 639
216 647
217 226
217 245
217 336
217 378
217 386
217 397
217 528
218 338
218 619
219 266
220 235
220 249
220 250
220 271
220 328
220 486
220 615
220 691
221 237
221 329
221 343
221 346
221 582
222 265
222 431
222 530
222 639
222 647
223 235
223 249
223 328
223 538
223 594
223 615
224 262
224 319
224 555
224 680
225 322
225 471
226 293
226 308
226 336
226 378
226 386
226 399
226 612
226 648
227 247
227 363
227 387
227 388
228 333
229 275
229 596
230 238
230 254
230 270
230 457
230 565
231 240
231 401
231 446
231 507
231 670
232 262
232 337
232 623
233 307
233 367
233 404
233 429
233 513
234 295
234 311
234 314
234 319
234 327
234 382
234 383
234 444
234 482
234 572
234 620
234 629
234 644
234 680
235 249
235 328
235 486
235 532
235 538
235 594
235 615
235 646
235 658
235 691
236 269
237 239
237 346
237 460
238 364
238 457
238 565
239 258
239 346
239 460
239 501
240 297
240 446
240 670
241 566
243 329
243 343
243 344
244 482
245 251
245 278
245 330
245 378
245 382
245 386
245 397
245 555
245 680
246 272
246 285
246 316
246 375
246 455
246 555
246 576
246 612
246 637
246 692
248 376
248 381
248 391
248 430
248 456
248 488
248 541
248 620
248 647
249 250
249 328
249 486
249 615
249 643
249 658
250 271
250 551
250 615
251 382
251 386
251 397
254 270
255 320
256 364
256 371
256 449
256 474
256 518
257 269
257 507
258 460
258 469
258 501
258 517
258 598
259 500
259 620
259 625
259 630
260 336
260 535
261 319
261 337
262 264
262 282
262 304
262 319
262 337
262 342
262 349
262 389
262 395
262 462
262 478
262 502
262 572
262 629
262 674
262 680
263 318
263 326
263 366
264 337
264 353
264 377
264 414
264 555
264 629
264 661
265 431
265 597
266 334
266 573
266 667
267 393
267 400
268 387
268 435
268 556
268 581
269 401
270 380
270 565
270 657
271 528
271 551
272 308
272 353
272 375
272 442
272 458
272 555
272 612
273 435
273 581
274 379
274 616
276 504
276 686
277 295
277 484
278 330
278 345
282 288
282 289
282 319
282 337
282 349
282 478
283 341
285 542
285 576
285 578
285 601
287 413
287 452
288 349
288 478
288 485
291 309
291 390
291 407
291 410
291 673
292 313
292 348
292 355
292 441
292 453
292 454
293 301
293 308
293 330
293 386
293 528
293 555
293 612
293 648
294 368
295 314
295 376
295 381
295 382
295 484
295 620
295 625
295 650
296 317
296 324
296 388
297 491
298 394
298 483
299 369
299 418
299 480
300 356
301 316
301 330
301 350
301 606
301 612
301 629
301 637
301 675
302 348
302 357
302 441
302 450
302 453
302 491
302 516
302 517
303 318
303 359
303 483
303 683
304 305
304 319
304 321
304 330
304 337
304 350
304 395
304 624
304 629
304 680
305 321
305 350
305 583
305 624
305 645
306 313
306 355
306 369
306 396
306 406
306 438
306 480
307 404
307 429
307 513
308 353
308 375
308 378
308 397
308 442
308 461
308 648
309 351
309 407
309 410
309 673
310 429
310 433
311 314
311 378
311 397
313 355
313 396
313 406
314 426
314 620
315 382
315 383
315 484
315 548
315 571
315 638
315 689
316 332
316 335
316 561
316 576
316 606
316 612
316 637
316 675
316 692
317 324
317 360
317 451
317 490
318 359
318 366
318 683
319 337
319 350
319 378
319 389
319 395
319 478
319 572
319 629
319 674
319 680
320 383
320 548
321 395
321 624
321 680
322 471
322 570
322 618
322 651
323 339
323 423
323 476
323 505
323 619
323 690
324 490
325 340
325 402
325 577
325 634
326 366
326 434
326 463
328 615
329 343
329 582
330 345
330 350
330 383
330 606
330 629
334 385
334 474
334 667
334 689
335 531
335 561
335 576
335 595
335 606
335 637
335 675
336 378
336 386
336 397
337 378
337 389
337 395
337 478
337 623
337 680
338 494
338 520
338 522
338 619
338 690
339 476
340 577
342 349
342 462
342 466
342 478
342 502
342 633
342 636
342 674
343 582
346 460
347 384
347 416
347 554
347 608
347 626
348 357
348 441
348 453
348 491
349 466
349 478
349 633
349 636
349 674
350 606
350 624
350 629
350 675
353 458
353 479
353 555
353 655
353 661
353 674
354 390
354 410
354 447
354 679
355 396
355 406
356 367
356 469
356 682
357 450
357 453
357 491
358 368
358 372
359 483
359 683
360 451
361 469
361 501
361 517
361 662
363 388
364 449
364 457
366 683
367 513
367 682
368 372
369 396
369 418
369 438
369 480
370 408
370 494
370 504
370 522
371 426
371 474
371 515
371 518
372 496
374 434
374 463
374 511
375 442
375 455
375 461
375 555
375 612
376 381
376 391
376 456
376 486
376 488
376 541
376 620
376 625
376 635
376 647
376 658
377 414
378 386
378 397
378 399
378 500
378 526
378 655
378 680
379 552
379 598
380 565
380 593
380 657
381 391
381 399
381 488
381 541
381 620
381 647
382 383
382 397
382 629
382 650
383 548
383 629
383 650
384 416
384 464
384 554
384 626
385 689
386 397
386 528
387 435
389 395
389 680
390 410
390 447
390 688
391 399
391 430
391 488
391 647
394 483
395 624
395 656
395 680
396 406
396 418
396 438
397 655
398 409
400 440
402 634
404 429
408 504
408 506
408 508
408 509
408 522
410 447
410 673
411 422
411 494
411 504
412 415
416 417
416 554
416 600
416 626
417 600
419 521
421 523
422 504
422 635
423 505
423 506
423 509
423 690
425 516
426 515
426 620
427 437
430 488
430 647
434 463
436 497
436 542
438 480
441 454
442 461
444 482
444 644
445 534
446 491
446 670
447 679
447 688
449 474
449 518
450 516
450 517
450 606
450 629
455 461
455 483
455 489
455 497
455 637
455 692
456 488
456 530
456 532
456 536
456 541
456 639
456 647
458 479
458 495
458 527
458 632
459 466
459 498
459 499
459 533
459 669
461 483
461 637
461 648
461 692
462 502
464 605
464 660
464 671
465 479
465 495
466 499
466 533
466 633
466 684
469 501
469 517
469 550
469 560
469 598
473 503
473 531
473 672
474 518
474 689
475 493
475 527
475 529
475 621
475 632
476 505
478 485
478 636
479 495
479 632
482 540
482 644
483 637
483 692
484 571
484 689
486 658
486 691
488 532
488 541
488 625
488 647
489 497
492 514
493 529
494 504
494 520
494 522
495 570
495 632
497 542
497 561
497 576
497 628
497 659
498 499
500 620
501 517
502 586
502 674
503 531
503 579
506 509
506 522
508 509
508 522
509 522
515 518
526 685
527 529
527 621
527 632
529 537
529 621
530 532
530 536
530 541
530 575
530 597
530 607
530 639
531 561
531 579
531 583
531 606
531 672
531 675
532 536
532 538
532 541
532 625
532 639
532 646
533 633
533 669
533 684
534 549
534 622
536 575
536 639
537 601
537 621
538 566
538 594
538 646
539 571
539 573
539 589
539 667
539 677
540 550
540 560
540 583
540 644
540 645
540 675
541 559
541 625
541 639
541 647
542 576
542 578
542 601
542 628
542 659
542 692
543 546
543 590
544 591
545 547
545 592
546 593
548 638
549 622
550 552
550 560
550 583
550 598
550 602
550 638
552 583
552 598
552 602
552 616
554 626
555 612
555 629
555 674
557 597
557 607
557 642
557 664
558 598
558 602
558 663
559 650
560 583
560 598
560 602
560 645
560 675
561 576
561 595
561 606
561 637
561 654
561 659
561 672
561 675
561 692
563 611
563 627
564 599
564 628
565 593
565 657
566 584
566 594
567 579
567 585
567 595
567 603
567 665
568 569
568 588
568 677
569 610
569 677
570 618
570 632
570 633
571 689
572 620
572 629
572 648
573 574
573 667
573 677
574 667
576 612
576 637
577 634
577 653
579 595
579 603
580 640
583 598
583 645
583 672
584 613
585 609
585 665
589 638
594 646
595 603
595 672
597 607
597 639
598 602
601 621
602 616
605 627
605 660
605 671
606 629
606 637
606 654
606 672
606 675
607 639
612 637
615 643
619 690
620 625
620 629
620 630
620 639
620 647
621 632
624 680
625 639
625 647
625 658
627 660
627 671
628 659
629 637
629 648
629 654
629 674
630 635
630 691
633 636
633 684
636 674
637 648
637 654
637 692
638 689
639 647
642 664
643 646
658 671
658 691
660 671
667 677
669 687
673 678
