1
2 5 34
3
4 9
6 220 754
5 7
8 33
10 214
11 37 217
12 39
13
14 17 213
5 15
16 19 225
18 636 695
20 25
21 24 640
22 27
23
26 678
25 28 83 246
29
30 52
31
32
35
36
38
40 70
41 218
42
43
44
45 48
46 71 234 667
47 50
49 230
51
48 53 58
54 72
55 71 642
50 56
52 57
59 62
60
61 63
64
62 65
63 66 67
68
69 648
73
74
75
76 112 716
77
78
79
80 738
81 755
82
84
85 644
86
87 757
88
89
90 646
91
92 145
93
94
95
96
97
98 123
99 138
100 619
101
102
103
104 215
105 706
106
107 149
108 120 122
109 123 140
110
111 124 135
113
114 151 158
115 121
116
117
118
119 716
125 154
126 155 165 731
127 155 648
128 143 194
129 191
130
131 146
132
133
134
136
137
139 147
124 141 167
142
144 159
148
150 164
152
153 157
156
123 160
161
162
163
166
168
169
170
171
172
173
174 186
175 188
176
177 192
178 190
179
180
181
182 195
183 193
184
185
187
189
196
197
198
199
200
201
202
203 206
204
205
207
208 223
209
210
211
212 226
216 224
219 230 678
221 757
52 222
227 232
228 246
229
231 636
233 630
235
236
237
238
19 225 234 239 664 667
240
241
62 242
243
244
245
247
248 699
249
250 327 398
251 365
252 283
253 286 342
254 345
255
256 388 405
257 418 498
258
259
260 416
261
262
263
264
265 305 333
266 370
267
268 274 396
269 354
270 478
271
272 334 511
273 275 549 564
276
277 361
278 386
279
280 524
281
282 331 335 357
284 358 565
285 287 353
288
289 443
290
291 408
292
293 296
294
295 454 572
297 366 369
298 544
299
300 370 408
301
302
303
304
306 480
307
308
309
310
311 391
312 392
313
314
315 395
316 418
317
318 519
319
320 497
321 438
322
323
324 367
325 409 438 538
326
328 445 465 466 504
329
330 531
332
287 336 436
337 424 506
327 338
339 454
340 353
341 388
343
344 492
346 437 507
347 450 459
348 501 517
349
350
351 430
352 368
355 429 506
356 447
333 359
360
362 378
363
364
371 379 427
372
373
374
375
376 464
377
380 400 406 526
381 421
382
383 561
384
385
387 534
389
390
393 509
394 468 560
397
399
401 418
342 402 439
403 475
404
407 481
410 474
411 563
412
413 600
414 439
415
417
419
420
421 422
423
425
426 443
428
431
432
433
434 514
435 485 606
440 605
441 486 548
442
444
446
448
449
451
391 452
453
455
392 456
369 457
458
460 478
461
462
463
467
469 473
470
471
472 508 557
476 493
477
479
482 575
483
484 584
487 590 610
488 516 550
489
490
491
494
495
37 496
499 579
500 502
503
505
464 510
512
513
515
518 535
520
521
522
523 575
525
527
528
529
530
532
533
536
537
539
540
541
542
543
545
546
547
551
552
553
517 554
555
556
558
559
562
566
567
568 602
569 603
570
571
573
574
576
577
578
580 596
581
582
583 604
585
586
587
588
589
591
592 612
593
468 594
579 595
597
598
599
601
607
608 609
611 612
613
614
615
616
617 707
123 618
620 637 701
621 776
622
623
624 753
625
626 705 721 760
627
628
629 704
631
632 706
633
634
635
638 703 743
639
641 745
643
645
647
649
650 658
651
652
653
654
655 661
656
657
659
660
662
663
665
644 666 748
668 728
669
670
671
672
673 720
674
675 725
676
677 723
679 700 729
680
681
682
683
684
685
686
687 691
688
689 690
692 694
693
696
697
698
702
708
709
710 746
711
712
713
714
700 715
717
718
719
722
721 724
701 726
727
730
732
733
734
735
736
737
739
740
741
742
744
747
749
750
751
752
756
758
759
761
762
763
764
765
766
767
768
769
770
771
772
773
774
775
777
778
779
780
781
782
776 783
784
785
786
787
788
789
790
791
792
793
794
795
796
797
798
799
800
801
