1 2
1 3
1 4
1 5
1 6
1 7
1 8
1 9
1 10
1 12
1 13
1 14
1 15
1 16
1 17
1 23
1 25
1 27
1 28
1 29
1 30
1 31
1 32
1 33
1 34
1 35
1 37
1 38
1 39
1 41
1 45
1 46
1 51
1 54
1 57
1 58
1 60
1 62
1 63
1 64
1 65
1 66
1 67
1 71
1 72
1 73
1 74
1 77
1 78
1 80
1 85
1 93
1 98
1 102
1 103
1 105
1 113
1 121
1 129
1 130
1 133
1 134
1 135
1 140
1 141
1 142
1 146
1 147
1 148
1 157
1 162
1 165
1 169
1 173
1 174
1 176
1 177
1 179
1 181
1 182
1 210
1 214
1 257
1 259
1 260
1 267
1 268
1 272
1 288
1 290
1 291
1 295
1 302
1 304
1 306
1 311
1 321
1 342
1 343
1 344
1 346
1 352
1 353
1 360
1 364
1 365
1 377
1 378
1 379
1 380
1 382
1 383
1 385
1 386
1 388
1 403
1 410
1 411
1 412
1 414
1 417
1 422
1 431
1 434
1 439
1 443
1 451
1 453
1 459
1 473
1 476
1 480
1 500
1 503
1 505
1 508
1 509
1 511
1 512
1 514
1 517
1 519
1 521
1 523
1 540
1 542
1 555
1 559
1 561
1 562
1 564
1 571
1 572
1 574
1 578
1 592
1 599
1 601
1 609
1 626
1 636
1 638
1 641
1 643
1 644
1 648
1 649
1 651
1 652
1 654
1 657
1 661
1 665
1 671
1 672
1 674
1 678
1 680
1 681
1 687
1 693
1 699
1 713
1 715
1 725
1 726
1 727
1 738
1 754
1 759
1 760
1 777
1 791
1 797
1 802
1 811
1 812
1 817
1 829
1 848
1 850
1 852
1 856
1 862
1 873
1 875
1 877
1 880
1 881
1 882
2 5
2 15
2 20
2 29
2 67
2 157
2 272
2 304
2 321
2 544
2 555
2 562
2 779
2 839
2 841
2 860
2 877
3 10
3 13
3 14
3 23
3 26
3 30
3 35
3 81
3 98
3 121
3 133
3 142
3 268
3 290
3 403
3 439
3 503
3 554
3 641
3 726
3 727
3 795
3 862
3 868
4 5
4 7
4 12
4 15
4 17
4 28
4 31
4 42
4 51
4 67
4 105
4 129
4 141
4 210
4 259
4 272
4 302
4 353
4 377
4 379
4 385
4 410
4 411
4 451
4 528
4 555
4 571
4 578
4 643
4 651
4 665
4 759
4 800
4 806
4 850
4 880
5 7
5 9
5 15
5 20
5 28
5 29
5 31
5 33
5 34
5 51
5 54
5 63
5 67
5 71
5 130
5 135
5 157
5 173
5 259
5 272
5 295
5 302
5 304
5 321
5 342
5 352
5 353
5 360
5 379
5 380
5 411
5 451
5 544
5 555
5 562
5 571
5 578
5 638
5 651
5 661
5 665
5 693
5 759
5 779
5 877
5 880
5 882
6 8
6 13
6 16
6 27
6 34
6 38
6 69
6 70
6 291
6 378
6 388
6 508
6 509
6 519
6 566
6 645
6 689
6 754
6 816
6 881
6 884
6 886
7 8
7 9
7 11
7 12
7 17
7 22
7 28
7 31
7 33
7 34
7 35
7 38
7 51
7 58
7 60
7 64
7 72
7 113
7 115
7 130
7 135
7 141
7 147
7 165
7 173
7 179
7 259
7 272
7 295
7 302
7 342
7 353
7 379
7 382
7 383
7 388
7 411
7 412
7 414
7 417
7 422
7 503
7 511
7 523
7 558
7 562
7 564
7 571
7 573
7 578
7 626
7 636
7 638
7 643
7 648
7 649
7 651
7 657
7 661
7 665
7 671
7 692
7 693
7 727
7 759
7 802
7 814
7 825
7 829
7 852
7 880
7 882
8 9
8 11
8 13
8 16
8 18
8 23
8 28
8 31
8 32
8 33
8 34
8 35
8 38
8 39
8 51
8 60
8 63
8 71
8 73
8 80
8 85
8 103
8 130
8 133
8 147
8 165
8 214
8 259
8 260
8 272
8 290
8 291
8 302
8 306
8 378
8 379
8 382
8 388
8 403
8 410
8 411
8 417
8 431
8 434
8 453
8 503
8 508
8 509
8 514
8 521
8 523
8 542
8 562
8 565
8 568
8 571
8 626
8 636
8 638
8 649
8 651
8 652
8 661
8 665
8 671
8 687
8 693
8 699
8 706
8 726
8 727
8 754
8 811
8 816
8 820
8 863
8 880
9 11
9 16
9 17
9 18
9 22
9 23
9 28
9 31
9 32
9 33
9 34
9 35
9 38
9 39
9 58
9 60
9 63
9 71
9 85
9 113
9 130
9 135
9 147
9 165
9 173
9 259
9 272
9 290
9 291
9 295
9 302
9 306
9 335
9 379
9 382
9 383
9 388
9 411
9 414
9 417
9 422
9 431
9 434
9 503
9 508
9 509
9 511
9 523
9 542
9 562
9 564
9 565
9 570
9 571
9 572
9 575
9 578
9 626
9 636
9 638
9 648
9 649
9 651
9 661
9 665
9 671
9 687
9 693
9 694
9 699
9 726
9 727
9 759
9 760
9 811
9 820
9 829
9 852
9 870
9 880
10 13
10 23
10 26
10 27
10 35
10 38
10 70
10 81
10 98
10 133
10 142
10 268
10 290
10 403
10 508
10 543
10 547
10 592
10 649
10 726
10 727
10 754
10 795
10 876
10 886
11 17
11 18
11 22
11 32
11 33
11 130
11 165
11 335
11 382
11 383
11 388
11 417
11 564
11 575
11 820
11 829
12 17
12 22
12 28
12 31
12 42
12 51
12 67
12 68
12 105
12 113
12 115
12 141
12 210
12 272
12 353
12 379
12 411
12 417
12 549
12 571
12 643
12 665
12 759
12 825
12 880
13 16
13 23
13 27
13 34
13 35
13 38
13 69
13 70
13 80
13 290
13 291
13 388
13 403
13 508
13 509
13 514
13 519
13 543
13 566
13 592
13 645
13 649
13 651
13 661
13 726
13 727
13 754
13 876
13 881
13 886
14 30
14 35
14 74
14 77
14 98
14 121
14 122
14 133
14 260
14 268
14 290
14 459
14 503
14 523
14 608
14 726
14 796
14 862
14 865
14 873
15 21
15 29
15 140
15 157
15 184
15 272
15 304
15 321
15 353
15 360
15 555
15 562
15 571
16 18
16 32
16 34
16 38
16 69
16 291
16 388
16 434
16 509
16 565
16 568
16 649
16 651
16 816
17 22
17 28
17 31
17 68
17 113
17 115
17 130
17 141
17 210
17 272
17 411
17 414
17 417
17 573
17 638
17 643
17 651
17 665
17 759
17 825
17 880
18 32
18 335
18 388
18 434
18 565
18 820
19 75
19 172
19 729
20 272
20 321
20 779
20 841
20 860
21 29
21 104
21 132
21 140
21 151
21 255
21 301
21 304
22 31
22 33
22 115
22 130
22 141
22 417
22 558
22 573
22 648
22 692
22 759
22 829
23 25
23 27
23 30
23 34
23 35
23 37
23 38
23 51
23 60
23 66
23 72
23 74
23 80
23 98
23 102
23 121
23 133
23 142
23 174
23 214
23 259
23 260
23 268
23 290
23 291
23 311
23 383
23 403
23 411
23 439
23 459
23 503
23 508
23 509
23 514
23 517
23 559
23 574
23 592
23 636
23 641
23 644
23 649
23 651
23 661
23 671
23 726
23 727
23 759
23 795
23 811
23 812
23 848
23 862
23 876
24 136
24 154
24 194
24 202
24 213
24 253
24 482
25 35
25 66
25 74
25 80
25 83
25 121
25 146
25 174
25 214
25 290
25 293
25 311
25 354
25 439
25 517
25 559
25 574
25 713
25 811
25 848
26 81
26 98
26 268
26 290
26 726
26 795
27 31
27 34
27 35
27 38
27 39
27 46
27 51
27 57
27 58
27 63
27 72
27 88
27 129
27 148
27 169
27 200
27 259
27 291
27 364
27 379
27 383
27 386
27 388
27 411
27 414
27 422
27 508
27 509
27 511
27 519
27 521
27 522
27 540
27 566
27 592
27 601
27 617
27 636
27 638
27 645
27 651
27 652
27 661
27 693
27 727
27 738
27 754
27 759
27 881
28 29
28 31
28 33
28 34
28 35
28 38
28 51
28 60
28 63
28 64
28 71
28 78
28 105
28 113
28 129
28 130
28 141
28 179
28 210
28 257
28 259
28 272
28 302
28 342
28 343
28 353
28 379
28 383
28 385
28 410
28 411
28 414
28 417
28 451
28 456
28 480
28 503
28 511
28 523
28 562
28 571
28 578
28 636
28 638
28 643
28 651
28 661
28 665
28 671
28 693
28 727
28 751
28 759
28 802
28 825
28 850
28 880
28 882
29 31
29 33
29 64
29 71
29 113
29 130
29 140
29 151
29 157
29 184
29 255
29 257
29 259
29 272
29 295
29 302
29 304
29 353
29 360
29 379
29 411
29 480
29 555
29 562
29 571
29 638
29 802
29 880
29 882
30 39
30 45
30 60
30 65
30 98
30 133
30 142
30 147
30 165
30 182
30 260
30 290
30 344
30 403
30 439
30 473
30 476
30 478
30 503
30 511
30 523
30 526
30 538
30 554
30 589
30 636
30 641
30 671
30 726
30 777
30 811
30 849
30 862
31 33
31 34
31 35
31 38
31 51
31 60
31 63
31 64
31 72
31 105
31 113
31 115
31 129
31 130
31 135
31 141
31 165
31 179
31 210
31 259
31 272
31 342
31 353
31 360
31 379
31 383
31 410
31 411
31 414
31 417
31 422
31 451
31 503
31 511
31 523
31 555
31 562
31 571
31 573
31 626
31 636
31 638
31 643
31 649
31 651
31 657
31 661
31 665
31 671
31 693
31 727
31 738
31 759
31 802
31 825
31 852
31 856
31 880
32 33
32 34
32 38
32 60
32 63
32 71
32 73
32 85
32 135
32 147
32 165
32 173
32 259
32 302
32 306
32 379
32 382
32 383
32 388
32 410
32 417
32 434
32 464
32 542
32 562
32 570
32 571
32 572
32 626
32 649
32 661
32 665
32 683
32 693
32 820
33 34
33 35
33 38
33 51
33 54
33 60
33 63
33 64
33 71
33 85
33 91
33 113
33 130
33 135
33 141
33 147
33 165
33 173
33 177
33 179
33 216
33 259
33 272
33 291
33 295
33 302
33 306
33 321
33 382
33 383
33 388
33 411
33 414
33 422
33 424
33 503
33 511
33 523
33 562
33 564
33 571
33 572
33 578
33 623
33 626
33 636
33 638
33 648
33 649
33 651
33 661
33 671
33 682
33 692
33 693
33 727
33 759
33 802
33 852
33 880
33 882
34 35
34 38
34 39
34 51
34 57
34 60
34 63
34 71
34 73
34 74
34 80
34 85
34 93
34 103
34 105
34 121
34 129
34 133
34 135
34 141
34 147
34 148
34 169
34 200
34 214
34 259
34 260
34 267
34 272
34 290
34 291
34 302
34 364
34 379
34 403
34 410
34 411
34 414
34 434
34 443
34 503
34 508
34 509
34 514
34 521
34 522
34 523
34 542
34 562
34 568
34 571
34 592
34 626
34 636
34 638
34 649
34 651
34 652
34 653
34 654
34 657
34 659
34 661
34 665
34 671
34 687
34 693
34 726
34 727
34 738
34 759
34 797
34 802
34 811
34 880
35 37
35 38
35 41
35 46
35 51
35 60
35 63
35 71
35 72
35 74
35 80
35 98
35 102
35 121
35 129
35 133
35 142
35 165
35 169
35 214
35 259
35 268
35 290
35 291
35 311
35 379
35 383
35 403
35 411
35 422
35 453
35 459
35 473
35 503
35 508
35 509
35 511
35 514
35 517
35 523
35 540
35 543
35 545
35 547
35 571
35 592
35 626
35 636
35 638
35 644
35 649
35 651
35 652
35 661
35 671
35 687
35 693
35 699
35 726
35 727
35 738
35 754
35 759
35 862
35 876
35 880
35 886
36 150
36 171
36 187
36 190
36 315
36 350
36 728
37 38
37 39
37 41
37 45
37 60
37 62
37 80
37 103
37 134
37 146
37 147
37 176
37 214
37 261
37 290
37 291
37 339
37 453
37 459
37 511
37 512
37 514
37 517
37 523
37 599
37 609
37 636
37 671
37 811
37 848
38 39
38 51
38 63
38 69
38 71
38 72
38 73
38 74
38 80
38 103
38 121
38 129
38 133
38 147
38 169
38 214
38 259
38 260
38 267
38 272
38 290
38 291
38 302
38 378
38 379
38 383
38 388
38 403
38 411
38 434
38 453
38 459
38 503
38 508
38 509
38 511
38 514
38 519
38 521
38 523
38 540
38 562
38 566
38 571
38 592
38 601
38 626
38 636
38 638
38 645
38 649
38 651
38 652
38 661
38 687
38 693
38 726
38 727
38 738
38 754
38 759
38 811
38 816
38 880
38 881
38 886
39 45
39 51
39 60
39 62
39 65
39 80
39 103
39 147
39 176
39 189
39 214
39 259
39 260
39 291
39 368
39 378
39 403
39 434
39 453
39 476
39 478
39 486
39 503
39 508
39 509
39 511
39 512
39 514
39 519
39 523
39 538
39 599
39 626
39 636
39 651
39 652
39 661
39 725
39 726
39 752
39 777
39 811
39 816
40 47
40 107
40 109
40 170
40 220
40 446
40 781
41 45
41 46
41 48
41 51
41 60
41 72
41 108
41 124
41 147
41 162
41 165
41 181
41 182
41 292
41 307
41 344
41 346
41 365
41 411
41 422
41 431
41 438
41 441
41 443
41 453
41 473
41 503
41 510
41 511
41 523
41 538
41 545
41 551
41 592
41 601
41 626
41 636
41 644
41 661
41 671
41 693
41 699
41 759
41 777
41 811
42 67
42 105
42 210
42 272
42 806
43 53
43 71
43 91
43 94
43 114
43 125
43 135
43 143
43 177
43 198
43 199
43 271
43 273
43 276
43 308
43 347
43 392
43 401
43 424
43 491
43 561
43 621
43 682
44 66
44 118
44 123
44 145
44 146
44 213
44 214
44 293
44 404
44 436
44 559
44 563
44 713
44 848
45 55
45 60
45 62
45 65
45 103
45 116
45 124
45 146
45 147
45 176
45 181
45 182
45 260
45 261
45 291
45 307
45 339
45 346
45 365
45 368
45 397
45 421
45 429
45 437
45 443
45 453
45 476
45 478
45 503
45 511
45 512
45 523
45 538
45 551
45 589
45 599
45 601
45 636
45 661
45 671
45 725
45 777
45 811
46 51
46 52
46 57
46 58
46 60
46 63
46 72
46 76
46 102
46 106
46 108
46 129
46 148
46 165
46 181
46 183
46 265
46 270
46 292
46 346
46 364
46 365
46 369
46 383
46 386
46 411
46 419
46 422
46 441
46 443
46 453
46 473
46 503
46 508
46 511
46 523
46 533
46 540
46 564
46 601
46 638
46 661
46 671
46 693
46 715
46 727
46 738
46 759
46 777
46 867
47 55
47 107
47 109
47 144
47 170
47 192
47 203
47 220
47 235
47 287
47 429
47 462
47 582
47 586
47 721
48 89
48 108
48 117
48 124
48 127
48 181
48 182
48 231
48 275
48 292
48 310
48 358
48 365
48 395
48 398
48 432
48 438
48 441
48 473
48 510
48 531
48 532
48 551
48 733
49 63
49 73
49 96
49 99
49 114
49 125
49 128
49 148
49 153
49 175
49 188
49 191
49 196
49 224
49 266
49 271
49 371
49 376
49 390
49 420
49 423
49 428
49 471
49 579
49 714
49 836
49 842
49 869
50 57
50 61
50 92
50 93
50 99
50 106
50 138
50 148
50 153
50 183
50 200
50 212
50 225
50 265
50 294
50 326
50 351
50 364
50 396
50 418
50 522
50 659
50 711
51 57
51 58
51 60
51 63
51 71
51 72
51 73
51 76
51 93
51 102
51 103
51 105
51 106
51 113
51 121
51 129
51 130
51 133
51 141
51 148
51 162
51 165
51 169
51 181
51 183
51 200
51 214
51 259
51 265
51 267
51 272
51 290
51 291
51 302
51 351
51 353
51 357
51 364
51 379
51 383
51 386
51 411
51 412
51 414
51 419
51 422
51 441
51 443
51 453
51 503
51 508
51 511
51 521
51 522
51 523
51 533
51 540
51 562
51 571
51 578
51 592
51 626
51 636
51 638
51 644
51 651
51 652
51 654
51 657
51 659
51 661
51 665
51 671
51 687
51 693
51 715
51 726
51 727
51 738
51 739
51 745
51 759
51 777
51 797
51 802
51 811
51 818
51 852
51 880
51 882
52 59
52 72
52 76
52 88
52 97
52 101
52 106
52 108
52 138
52 139
52 181
52 193
52 207
52 258
52 265
52 270
52 292
52 369
52 370
52 386
52 400
52 419
52 425
52 430
52 432
52 441
52 484
52 533
52 577
52 620
52 715
52 742
52 859
52 867
53 94
53 112
53 143
53 199
53 209
53 273
53 289
53 308
53 392
53 489
53 529
53 736
54 63
54 71
54 73
54 85
54 173
54 198
54 259
54 272
54 302
54 321
54 347
54 377
54 384
54 385
54 424
54 571
54 572
54 578
54 621
54 622
54 682
55 65
55 107
55 116
55 124
55 144
55 176
55 192
55 287
55 307
55 429
55 437
55 462
55 535
55 538
55 551
55 582
55 586
55 589
56 59
56 100
56 101
56 223
56 242
56 329
57 63
57 72
57 73
57 93
57 99
57 106
57 129
57 148
57 153
57 169
57 183
57 200
57 265
57 326
57 351
57 364
57 376
57 379
57 386
57 411
57 412
57 418
57 441
57 443
57 521
57 522
57 638
57 654
57 657
57 659
57 661
57 693
57 715
57 797
57 869
58 60
58 72
58 76
58 102
58 141
58 162
58 165
58 181
58 334
58 344
58 357
58 369
58 381
58 382
58 383
58 386
58 414
58 419
58 422
58 473
58 511
58 533
58 540
58 564
58 671
58 715
58 727
58 733
58 738
58 755
58 759
58 777
58 810
58 829
58 867
59 76
59 97
59 101
59 106
59 139
59 166
59 193
59 223
59 230
59 258
59 270
59 292
59 370
59 400
59 425
59 426
59 430
59 432
59 495
59 577
59 719
59 742
59 859
60 63
60 65
60 71
60 72
60 74
60 102
60 103
60 121
60 133
60 142
60 147
60 162
60 165
60 176
60 181
60 182
60 214
60 259
60 260
60 290
60 291
60 302
60 307
60 344
60 346
60 358
60 365
60 379
60 382
60 383
60 411
60 422
60 431
60 433
60 434
60 438
60 443
60 453
60 473
60 476
60 503
60 511
60 517
60 523
60 538
60 551
60 564
60 571
60 592
60 599
60 626
60 636
60 638
60 644
60 649
60 651
60 661
60 671
60 687
60 693
60 699
60 725
60 726
60 727
60 733
60 738
60 759
60 760
60 777
60 811
60 830
61 92
61 111
61 137
61 138
61 225
61 396
62 66
62 80
62 103
62 116
62 123
62 134
62 146
62 149
62 176
62 180
62 189
62 214
62 215
62 254
62 261
62 277
62 291
62 307
62 339
62 361
62 397
62 453
62 486
62 512
62 514
62 523
62 563
62 599
62 636
62 713
62 752
62 811
63 71
63 72
63 73
63 85
63 93
63 99
63 105
63 114
63 125
63 129
63 135
63 148
63 153
63 169
63 173
63 177
63 198
63 259
63 265
63 267
63 271
63 272
63 291
63 302
63 364
63 371
63 376
63 379
63 383
63 386
63 390
63 410
63 411
63 413
63 424
63 443
63 500
63 521
63 522
63 523
63 542
63 561
63 562
63 571
63 578
63 579
63 636
63 638
63 649
63 651
63 654
63 661
63 665
63 671
63 687
63 693
63 727
63 738
63 759
63 797
63 869
63 880
64 71
64 78
64 90
64 113
64 130
64 135
64 152
64 173
64 177
64 179
64 187
64 216
64 238
64 257
64 295
64 319
64 342
64 343
64 350
64 352
64 389
64 456
64 480
64 562
64 616
64 728
64 740
64 744
64 802
64 827
64 856
64 882
65 124
65 147
65 162
65 163
65 176
65 182
65 189
65 192
65 260
65 307
65 344
65 346
65 365
65 368
65 421
65 429
65 437
65 462
65 476
65 478
65 503
65 511
65 523
65 526
65 538
65 551
65 582
65 586
65 589
65 599
65 636
65 725
65 760
65 777
65 811
66 80
66 83
66 103
66 118
66 123
66 145
66 146
66 174
66 180
66 194
66 213
66 214
66 252
66 291
66 293
66 311
66 354
66 397
66 404
66 435
66 436
66 453
66 512
66 559
66 563
66 574
66 713
66 811
66 848
67 105
67 210
67 272
67 321
67 353
67 385
67 451
67 555
67 571
67 806
68 115
69 645
69 816
70 754
70 886
71 73
71 85
71 87
71 91
71 93
71 114
71 125
71 129
71 130
71 135
71 148
71 173
71 177
71 179
71 198
71 199
71 216
71 259
71 267
71 271
71 272
71 295
71 302
71 306
71 308
71 319
71 321
71 342
71 347
71 376
71 377
71 379
71 382
71 385
71 390
71 401
71 410
71 411
71 414
71 422
71 424
71 464
71 511
71 523
71 542
71 555
71 561
71 562
71 571
71 572
71 578
71 621
71 622
71 626
71 636
71 638
71 649
71 651
71 654
71 661
71 671
71 682
71 687
71 693
71 727
71 738
71 743
71 745
71 759
71 797
71 802
71 856
71 869
71 880
71 882
72 76
72 88
72 102
72 106
72 129
72 141
72 142
72 148
72 162
72 165
72 169
72 181
72 183
72 200
72 259
72 265
72 270
72 292
72 334
72 344
72 346
72 357
72 364
72 369
72 379
72 383
72 386
72 411
72 414
72 419
72 422
72 441
72 443
72 473
72 503
72 508
72 511
72 522
72 523
72 533
72 540
72 592
72 601
72 620
72 636
72 638
72 644
72 652
72 661
72 671
72 693
72 715
72 727
72 733
72 738
72 739
72 759
72 777
72 797
72 867
72 880
73 85
73 87
73 93
73 99
73 105
73 114
73 125
73 129
73 135
73 148
73 153
73 160
73 169
73 173
73 175
73 177
73 188
73 198
73 200
73 212
73 256
73 259
73 266
73 267
73 271
73 302
73 308
73 364
73 371
73 376
73 379
73 386
73 390
73 410
73 413
73 418
73 423
73 464
73 500
73 521
73 522
73 542
73 561
73 562
73 571
73 579
73 614
73 654
73 661
73 665
73 682
73 687
73 693
73 714
73 738
73 745
73 797
73 842
73 869
74 77
74 80
74 103
74 121
74 133
74 134
74 147
74 214
74 259
74 260
74 268
74 290
74 291
74 311
74 372
74 459
74 503
74 505
74 523
74 636
74 661
74 726
74 791
74 796
74 811
74 812
74 817
74 848
74 875
75 172
75 195
75 809
76 88
76 97
76 102
76 106
76 108
76 117
76 162
76 181
76 183
76 193
76 207
76 270
76 292
76 334
76 357
76 369
76 370
76 386
76 387
76 419
76 422
76 425
76 430
76 441
76 484
76 533
76 540
76 577
76 620
76 715
76 719
76 733
76 738
76 739
76 742
76 755
76 759
76 777
76 859
76 867
77 133
77 134
77 208
77 268
77 311
77 366
77 372
77 459
77 505
77 791
77 796
77 799
77 812
77 817
77 866
77 875
78 113
78 179
78 187
78 226
78 238
78 257
78 342
78 343
78 350
78 456
78 480
78 494
78 616
78 728
78 744
78 751
78 802
79 215
79 233
79 236
79 251
79 355
79 407
79 803
79 846
80 103
80 121
80 146
80 180
80 214
80 291
80 311
80 354
80 397
80 435
80 453
80 486
80 508
80 509
80 512
80 514
80 523
80 559
80 563
80 574
80 592
80 599
80 636
80 644
80 651
80 652
80 713
80 727
80 752
80 754
80 811
80 812
80 848
80 886
81 98
81 268
81 795
82 94
82 112
82 237
82 244
82 276
82 317
82 440
82 460
82 712
82 736
82 813
83 118
83 145
83 194
83 211
83 213
83 214
83 293
83 354
83 359
83 404
83 559
83 713
84 96
84 158
84 191
84 218
84 227
84 249
84 250
84 492
84 768
85 87
85 91
85 114
85 135
85 173
85 177
85 188
85 198
85 259
85 267
85 271
85 302
85 306
85 379
85 382
85 390
85 410
85 424
85 464
85 542
85 561
85 562
85 572
85 614
85 621
85 661
85 682
85 693
85 745
86 119
86 149
86 217
86 232
86 251
86 297
86 324
86 407
86 520
87 96
87 114
87 188
87 196
87 198
87 247
87 267
87 271
87 280
87 308
87 390
87 393
87 423
87 464
87 471
87 542
87 614
87 714
87 745
88 97
88 106
88 183
88 193
88 200
88 270
88 300
88 331
88 357
88 419
88 484
88 533
88 540
88 577
88 620
88 715
88 738
88 739
88 859
89 108
89 110
89 117
89 127
89 139
89 181
89 207
89 231
89 245
89 258
89 270
89 275
89 292
89 310
89 337
89 395
89 398
89 432
89 438
89 481
89 510
89 531
89 532
89 710
89 733
89 741
89 756
90 113
90 130
90 131
90 152
90 173
90 179
90 187
90 197
90 216
90 238
90 283
90 295
90 319
90 350
90 373
90 389
90 456
90 480
90 562
90 740
90 744
90 802
90 827
90 882
91 94
91 173
91 177
91 198
91 199
91 216
91 269
91 271
91 276
91 280
91 295
91 306
91 319
91 392
91 401
91 424
91 464
91 491
91 561
91 572
91 621
91 682
91 712
91 743
92 93
92 99
92 111
92 128
92 138
92 153
92 200
92 212
92 225
92 234
92 248
92 265
92 266
92 294
92 326
92 396
92 418
92 487
92 490
92 579
92 711
92 842
93 99
93 114
93 129
93 148
93 153
93 160
93 169
93 175
93 183
93 188
93 200
93 212
93 256
93 259
93 265
93 266
93 267
93 326
93 364
93 376
93 379
93 390
93 396
93 418
93 500
93 521
93 522
93 556
93 579
93 654
93 657
93 659
93 661
93 687
93 738
93 739
93 745
93 797
93 842
93 869
94 112
94 143
94 177
94 198
94 199
94 209
94 237
94 269
94 271
94 273
94 276
94 289
94 308
94 317
94 319
94 392
94 401
94 424
94 440
94 464
94 489
94 491
94 561
94 621
94 682
94 712
94 736
94 743
95 131
95 197
95 205
95 206
95 283
95 285
95 399
95 427
95 488
95 718
96 114
96 125
96 143
96 188
96 191
96 196
96 198
96 218
96 224
96 227
96 247
96 250
96 266
96 271
96 273
96 308
96 322
96 376
96 390
96 393
96 420
96 423
96 428
96 471
96 579
96 714
96 836
96 842
97 101
97 106
97 137
97 138
97 139
97 183
97 193
97 223
97 230
97 246
97 258
97 265
97 270
97 292
97 294
97 326
97 331
97 370
97 400
97 419
97 425
97 430
97 441
97 484
97 495
97 577
97 715
97 742
97 859
98 121
98 122
98 133
98 142
98 260
98 268
98 290
98 503
98 641
98 726
98 862
98 865
98 873
99 114
99 128
99 148
99 153
99 160
99 175
99 200
99 212
99 224
99 234
99 248
99 265
99 266
99 326
99 376
99 390
99 418
99 420
99 579
99 654
99 714
99 745
99 797
99 836
99 842
99 869
100 101
100 223
100 242
100 246
100 263
100 495
100 722
100 763
101 193
101 223
101 230
101 242
101 246
101 294
101 331
101 370
101 400
101 495
101 859
102 106
102 117
102 142
102 162
102 165
102 181
102 334
102 344
102 383
102 386
102 422
102 438
102 443
102 473
102 511
102 533
102 545
102 592
102 644
102 671
102 715
102 727
102 733
102 738
102 759
102 777
102 810
103 121
103 134
103 146
103 147
103 176
103 180
103 189
103 214
103 259
103 260
103 277
103 291
103 339
103 361
103 378
103 397
103 453
103 459
103 486
103 503
103 508
103 509
103 511
103 512
103 514
103 523
103 538
103 563
103 592
103 599
103 626
103 636
103 644
103 651
103 652
103 661
103 713
103 725
103 752
103 754
103 777
103 811
104 132
104 301
104 316
104 356
105 129
105 141
105 210
105 259
105 272
105 353
105 379
105 410
105 413
105 500
105 549
105 571
105 643
105 665
105 738
105 869
105 880
106 108
106 138
106 148
106 153
106 181
106 183
106 193
106 200
106 265
106 270
106 292
106 294
106 300
106 326
106 357
106 364
106 370
106 386
106 400
106 419
106 422
106 430
106 432
106 441
106 443
106 484
106 522
106 533
106 540
106 577
106 715
106 738
106 739
106 797
106 859
106 867
107 109
107 124
107 127
107 144
107 192
107 203
107 220
107 235
107 241
107 287
107 307
107 310
107 429
107 437
107 462
107 582
107 586
107 721
108 117
108 139
108 162
108 181
108 207
108 258
108 270
108 275
108 292
108 334
108 337
108 346
108 365
108 386
108 395
108 400
108 419
108 430
108 432
108 438
108 441
108 443
108 473
108 510
108 531
108 533
108 551
108 715
108 733
108 777
108 867
109 203
109 220
109 235
109 279
109 446
109 758
109 781
110 161
110 222
110 231
110 245
110 258
110 337
110 398
110 432
110 481
110 756
110 776
111 219
111 225
111 234
111 240
111 248
111 487
111 780
112 143
112 159
112 199
112 209
112 221
112 244
112 273
112 276
112 289
112 392
112 470
112 489
112 498
112 529
112 736
113 130
113 135
113 141
113 173
113 179
113 257
113 295
113 342
113 343
113 379
113 411
113 414
113 456
113 480
113 562
113 638
113 643
113 651
113 665
113 759
113 802
113 825
113 856
113 880
113 882
114 125
114 143
114 148
114 153
114 175
114 188
114 196
114 198
114 224
114 247
114 256
114 266
114 267
114 271
114 273
114 280
114 308
114 371
114 376
114 390
114 393
114 420
114 423
114 424
114 428
114 464
114 471
114 561
114 579
114 614
114 654
114 682
114 714
114 745
114 797
114 836
114 842
114 869
115 825
116 144
116 149
116 163
116 176
116 189
116 215
116 232
116 254
116 287
116 307
116 339
116 397
116 429
116 453
116 486
116 512
116 535
116 538
116 582
116 752
116 811
117 162
117 181
117 207
117 270
117 275
117 334
117 344
117 398
117 432
117 438
117 473
117 532
117 715
117 733
117 741
117 742
117 755
117 777
117 810
118 145
118 146
118 174
118 211
118 213
118 214
118 359
118 559
118 563
118 574
118 848
118 861
119 217
119 297
119 324
119 407
119 520
119 749
120 211
120 359
120 374
120 524
120 716
120 717
120 847
120 861
121 133
121 174
121 214
121 259
121 288
121 290
121 291
121 459
121 503
121 523
121 559
121 574
121 592
121 636
121 649
121 661
121 671
121 726
121 727
121 811
121 812
121 862
121 873
121 875
122 133
122 268
123 146
123 180
123 213
123 215
123 236
123 254
123 261
123 277
123 339
123 354
123 355
123 397
123 404
123 406
123 512
123 563
123 709
123 713
123 803
124 127
124 181
124 182
124 192
124 235
124 275
124 287
124 307
124 310
124 346
124 365
124 395
124 429
124 437
124 438
124 510
124 511
124 531
124 538
124 551
124 582
124 725
124 777
125 135
125 148
125 177
125 188
125 198
125 271
125 308
125 376
125 390
125 424
125 428
125 561
125 579
125 654
125 682
125 797
125 869
126 127
126 164
126 222
126 231
126 235
126 241
126 310
126 338
126 756
127 182
127 192
127 203
127 222
127 231
127 235
127 241
127 275
127 287
127 307
127 310
127 337
127 365
127 395
127 398
127 429
127 437
127 438
127 510
127 531
127 551
127 710
127 756
128 191
128 212
128 224
128 227
128 234
128 248
128 266
128 313
128 322
128 420
128 423
128 579
128 836
128 842
129 141
129 148
129 153
129 160
129 169
129 175
129 183
129 200
129 212
129 259
129 265
129 267
129 272
129 364
129 371
129 376
129 379
129 386
129 410
129 411
129 413
129 418
129 422
129 443
129 500
129 508
129 521
129 522
129 556
129 571
129 638
129 643
129 651
129 652
129 654
129 657
129 659
129 661
129 665
129 687
129 715
129 727
129 738
129 739
129 745
129 759
129 797
129 869
129 880
130 135
130 141
130 165
130 173
130 179
130 216
130 295
130 302
130 342
130 352
130 360
130 379
130 380
130 383
130 411
130 414
130 480
130 562
130 578
130 638
130 648
130 651
130 759
130 802
130 827
130 852
130 856
130 880
130 882
131 152
131 197
131 206
131 216
131 237
131 283
131 315
131 317
131 319
131 350
131 373
131 399
131 427
131 488
131 740
131 827
132 140
132 151
132 255
132 301
132 316
133 142
133 214
133 259
133 260
133 268
133 288
133 290
133 344
133 403
133 459
133 476
133 503
133 523
133 592
133 608
133 636
133 641
133 649
133 651
133 661
133 671
133 726
133 727
133 812
133 862
133 865
133 873
134 176
134 291
134 453
134 486
134 503
134 523
134 599
134 609
134 636
134 752
134 811
135 173
135 177
135 179
135 259
135 271
135 295
135 319
135 376
135 380
135 401
135 555
135 561
135 562
135 571
135 572
135 578
135 638
135 654
135 693
135 802
135 856
136 154
136 202
136 363
136 482
136 761
136 824
137 138
137 168
137 219
137 225
137 230
137 246
137 294
137 495
137 750
138 153
138 183
138 193
138 200
138 225
138 230
138 265
138 270
138 294
138 300
138 326
138 331
138 364
138 370
138 386
138 396
138 418
138 430
138 441
138 484
138 522
138 711
138 715
138 737
138 739
138 750
139 166
139 207
139 223
139 229
139 245
139 258
139 270
139 292
139 337
139 370
139 400
139 425
139 430
139 432
139 742
140 151
140 157
140 184
140 255
140 274
140 281
140 304
140 353
140 360
141 169
141 272
141 364
141 379
141 383
141 411
141 412
141 414
141 422
141 511
141 573
141 587
141 638
141 643
141 651
141 657
141 665
141 727
141 738
141 759
141 818
141 825
141 880
142 162
142 165
142 181
142 268
142 290
142 344
142 473
142 545
142 592
142 644
142 649
142 671
142 699
142 726
142 727
142 759
142 795
142 810
142 862
143 199
143 209
143 218
143 221
143 247
143 271
143 273
143 289
143 308
143 392
143 393
143 428
143 498
143 798
144 149
144 170
144 201
144 217
144 220
144 232
144 287
144 429
144 520
144 535
144 582
145 154
145 194
145 211
145 213
145 228
145 286
145 293
145 359
145 404
145 559
145 563
145 861
146 176
146 180
146 214
146 254
146 261
146 291
146 311
146 339
146 354
146 397
146 404
146 435
146 453
146 512
146 514
146 517
146 559
146 563
146 599
146 636
146 713
146 811
146 848
147 165
147 176
147 182
147 214
147 259
147 260
147 291
147 307
147 346
147 365
147 421
147 431
147 434
147 443
147 453
147 476
147 478
147 503
147 511
147 523
147 538
147 565
147 599
147 626
147 636
147 649
147 651
147 652
147 661
147 671
147 687
147 699
147 725
147 726
147 760
147 777
147 811
147 830
148 153
148 169
148 175
148 183
148 200
148 212
148 259
148 265
148 266
148 267
148 271
148 326
148 364
148 376
148 379
148 386
148 390
148 418
148 521
148 522
148 556
148 579
148 638
148 654
148 659
148 661
148 693
148 715
148 727
148 738
148 739
148 745
148 797
148 869
149 189
149 215
149 232
149 251
149 254
149 297
149 355
149 397
149 520
149 535
150 171
150 187
150 226
150 239
150 282
150 350
150 616
150 728
150 753
151 156
151 184
151 274
151 301
151 316
152 177
152 179
152 216
152 276
152 295
152 319
152 350
152 399
152 401
152 440
152 480
152 562
152 728
152 827
152 856
153 160
153 175
153 183
153 200
153 212
153 265
153 266
153 326
153 364
153 376
153 386
153 390
153 396
153 418
153 522
153 579
153 654
153 659
153 745
153 797
153 869
154 194
154 213
154 228
154 286
154 482
154 824
155 156
155 274
155 281
155 778
155 855
156 274
156 301
156 828
156 855
157 184
157 272
157 321
157 349
157 360
157 555
158 249
158 250
158 492
158 768
159 209
159 221
159 244
159 318
159 470
159 529
159 736
159 807
160 169
160 175
160 188
160 200
160 212
160 256
160 267
160 296
160 364
160 396
160 418
160 556
160 579
160 659
160 745
160 797
160 842
161 245
161 264
162 165
162 181
162 182
162 207
162 275
162 307
162 334
162 344
162 346
162 358
162 365
162 383
162 422
162 437
162 438
162 443
162 473
162 503
162 511
162 523
162 532
162 533
162 551
162 636
162 671
162 687
162 699
162 715
162 725
162 727
162 733
162 738
162 741
162 759
162 760
162 777
162 810
162 829
163 176
163 189
163 192
163 201
163 307
163 368
163 421
163 429
163 462
163 478
163 486
163 535
163 538
163 582
163 721
163 725
164 222
164 241
164 338
165 181
165 182
165 260
165 344
165 365
165 381
165 382
165 383
165 411
165 414
165 422
165 438
165 443
165 453
165 473
165 503
165 511
165 523
165 564
165 575
165 626
165 636
165 638
165 644
165 649
165 661
165 671
165 687
165 693
165 699
165 727
165 733
165 738
165 759
165 760
165 777
165 811
165 829
165 880
166 223
166 229
166 242
166 258
166 329
166 337
166 370
166 757
167 170
167 279
168 219
168 284
168 750
168 762
169 175
169 183
169 200
169 212
169 259
169 267
169 364
169 379
169 418
169 508
169 521
169 522
169 540
169 556
169 651
169 652
169 654
169 657
169 659
169 661
169 687
169 715
169 727
169 738
169 739
169 745
169 797
170 201
170 217
170 220
170 232
170 520
171 187
171 190
171 204
171 239
171 299
171 315
171 708
171 753
172 301
172 809
172 828
173 177
173 179
173 198
173 199
173 216
173 259
173 276
173 295
173 302
173 306
173 319
173 380
173 401
173 414
173 424
173 464
173 561
173 562
173 572
173 578
173 621
173 638
173 682
173 693
173 740
173 743
173 802
173 827
173 856
173 882
174 211
174 214
174 288
174 290
174 359
174 524
174 559
174 574
174 812
174 861
175 188
175 200
175 212
175 256
175 266
175 267
175 326
175 371
175 376
175 390
175 410
175 413
175 416
175 418
175 423
175 500
175 579
175 714
175 739
175 745
175 797
175 842
175 869
176 182
176 189
176 192
176 260
176 277
176 291
176 307
176 339
176 346
176 368
176 378
176 397
176 421
176 429
176 453
176 476
176 478
176 486
176 503
176 511
176 512
176 523
176 535
176 538
176 589
176 599
176 636
176 652
176 713
176 725
176 752
176 760
176 777
176 811
177 179
177 198
177 199
177 216
177 271
177 273
177 276
177 295
177 306
177 308
177 319
177 401
177 424
177 440
177 464
177 491
177 561
177 562
177 572
177 621
177 654
177 682
177 743
177 827
177 856
178 236
178 286
178 336
178 404
178 406
178 803
179 238
179 295
179 319
179 342
179 350
179 401
179 456
179 480
179 562
179 728
179 802
179 827
179 856
180 189
180 215
180 236
180 277
180 291
180 354
180 355
180 361
180 397
180 404
180 486
180 512
180 563
180 599
180 709
180 713
180 752
180 811
181 182
181 183
181 207
181 270
181 275
181 292
181 307
181 334
181 344
181 346
181 357
181 365
181 369
181 383
181 386
181 398
181 419
181 422
181 432
181 438
181 441
181 443
181 453
181 473
181 503
181 510
181 511
181 523
181 532
181 533
181 545
181 551
181 636
181 671
181 693
181 715
181 727
181 733
181 738
181 741
181 742
181 759
181 777
181 810
181 867
182 192
182 203
182 260
182 275
182 287
182 307
182 344
182 346
182 358
182 365
182 421
182 429
182 437
182 438
182 443
182 454
182 473
182 503
182 511
182 523
182 531
182 532
182 538
182 551
182 599
182 636
182 671
182 699
182 710
182 725
182 733
182 741
182 760
182 777
182 811
183 193
183 200
183 212
183 265
183 270
183 294
183 300
183 326
183 351
183 357
183 364
183 386
183 396
183 418
183 419
183 430
183 441
183 484
183 522
183 533
183 540
183 657
183 659
183 711
183 715
183 737
183 738
183 739
183 797
184 274
184 281
184 348
184 349
184 360
185 778
185 845
187 204
187 226
187 238
187 239
187 315
187 350
187 442
187 456
187 494
187 616
187 728
187 744
188 196
188 198
188 212
188 224
188 256
188 259
188 266
188 267
188 322
188 371
188 376
188 390
188 393
188 423
188 464
188 471
188 561
188 579
188 614
188 714
188 745
188 797
188 836
188 842
188 869
189 192
189 201
189 232
189 254
189 277
189 287
189 307
189 361
189 397
189 421
189 429
189 478
189 486
189 523
189 535
189 538
189 599
189 713
189 720
189 725
189 752
189 811
190 708
190 724
191 196
191 218
191 224
191 227
191 247
191 250
191 322
191 423
191 445
191 492
191 836
191 842
192 203
192 235
192 275
192 287
192 307
192 310
192 346
192 365
192 421
192 429
192 437
192 462
192 478
192 531
192 538
192 551
192 582
192 586
192 710
192 721
192 725
192 733
192 760
192 777
193 230
193 246
193 270
193 294
193 300
193 331
193 357
193 370
193 419
193 430
193 484
193 495
193 577
193 711
193 715
193 719
193 737
193 739
193 742
193 750
193 755
193 859
194 213
194 243
194 253
194 293
194 354
194 404
194 406
194 436
194 482
195 746
195 809
196 198
196 224
196 247
196 256
196 266
196 278
196 280
196 390
196 393
196 423
196 445
196 471
196 714
196 836
196 842
197 206
197 216
197 276
197 283
197 298
197 317
197 319
197 373
197 399
197 427
197 488
197 740
198 199
198 247
198 256
198 259
198 266
198 267
198 271
198 273
198 280
198 302
198 306
198 308
198 347
198 376
198 390
198 392
198 393
198 424
198 464
198 471
198 542
198 561
198 572
198 579
198 614
198 621
198 622
198 682
198 714
198 743
198 745
198 797
199 247
199 269
199 271
199 273
199 276
199 280
199 289
199 308
199 392
199 424
199 464
199 489
199 491
199 572
199 621
199 682
199 712
199 736
199 743
200 212
200 265
200 267
200 300
200 326
200 351
200 357
200 364
200 386
200 396
200 418
200 484
200 500
200 521
200 522
200 556
200 579
200 657
200 659
200 711
200 715
200 737
200 738
200 739
200 745
200 797
201 232
201 297
201 429
201 462
201 535
201 720
201 721
202 363
202 482
202 747
202 824
203 235
203 287
203 429
203 437
203 531
203 721
203 758
204 226
204 239
204 299
204 744
205 206
205 488
205 718
205 723
206 399
206 427
206 488
207 258
207 270
207 275
207 292
207 334
207 337
207 370
207 398
207 400
207 432
207 438
207 441
207 532
207 533
207 710
207 715
207 719
207 733
207 741
207 742
207 755
207 859
208 812
208 823
208 872
208 875
209 221
209 289
209 470
209 529
210 272
210 343
210 353
210 379
210 385
210 571
210 643
210 665
210 802
210 806
210 850
210 880
211 359
211 524
211 559
211 574
211 716
211 861
212 224
212 225
212 234
212 248
212 256
212 266
212 296
212 300
212 326
212 364
212 376
212 396
212 418
212 490
212 556
212 579
212 659
212 711
212 714
212 735
212 739
212 745
212 797
212 842
213 236
213 253
213 286
213 293
213 354
213 404
213 406
213 436
213 563
214 259
214 261
214 290
214 291
214 311
214 439
214 453
214 459
214 503
214 508
214 509
214 511
214 512
214 514
214 517
214 523
214 559
214 563
214 574
214 599
214 636
214 644
214 649
214 651
214 661
214 671
214 713
214 726
214 727
214 754
214 759
214 811
214 812
214 848
215 232
215 236
215 251
215 254
215 277
215 339
215 355
215 397
215 709
216 269
216 276
216 295
216 319
216 373
216 562
216 712
216 740
216 743
216 827
216 882
217 232
217 251
217 297
217 324
217 520
218 224
218 227
218 247
218 250
218 420
218 428
218 474
219 225
219 284
219 750
219 762
220 235
220 279
220 287
220 446
220 520
220 721
220 758
220 781
221 247
221 273
221 289
221 475
221 498
221 529
221 798
222 231
222 241
222 310
222 337
222 481
222 756
222 776
222 783
223 230
223 242
223 258
223 270
223 329
223 370
223 400
223 495
223 719
223 742
223 757
224 227
224 234
224 248
224 256
224 266
224 313
224 322
224 376
224 420
224 423
224 428
224 579
224 714
224 735
224 836
224 842
225 230
225 234
225 246
225 294
225 300
225 326
225 331
225 396
225 711
225 750
226 239
226 257
226 299
226 494
226 616
226 744
226 751
227 248
227 313
227 322
227 420
227 734
227 836
228 359
228 824
229 245
229 337
230 246
230 270
230 294
230 331
230 370
230 430
230 495
230 750
231 235
231 241
231 275
231 310
231 337
231 395
231 398
231 481
231 531
231 710
231 756
231 776
232 251
232 254
232 277
232 297
232 355
232 397
232 520
232 535
232 720
233 236
233 405
233 803
233 846
234 240
234 248
234 313
234 487
234 711
235 241
235 287
235 310
235 338
235 429
235 446
235 721
235 758
236 286
236 354
236 355
236 404
236 406
236 563
236 709
236 713
236 803
236 846
237 244
237 269
237 276
237 317
237 319
237 440
237 460
237 712
237 736
237 813
238 239
238 350
238 389
238 442
238 456
238 480
238 728
238 744
238 802
239 299
239 442
239 616
239 744
239 753
240 248
240 296
240 313
240 487
240 748
240 780
241 310
241 314
241 756
242 329
242 370
242 495
242 722
242 757
242 763
242 767
243 482
244 276
244 317
244 318
244 320
244 460
244 470
244 493
244 736
244 782
244 813
245 258
245 264
245 329
245 337
245 432
245 481
245 757
245 776
246 263
246 294
246 331
246 466
246 495
246 750
247 250
247 271
247 273
247 280
247 289
247 308
247 393
247 428
247 471
247 498
247 714
248 266
248 296
248 313
248 322
248 418
248 420
248 487
248 579
248 714
248 735
248 780
248 836
248 842
249 250
249 764
249 768
250 498
250 764
250 798
251 254
251 297
251 324
251 355
251 407
252 293
252 309
252 372
252 394
252 435
252 436
253 293
253 330
253 363
253 394
253 404
253 436
253 482
254 261
254 277
254 339
254 355
254 397
254 535
254 811
255 304
256 266
256 267
256 390
256 418
256 579
256 714
256 735
256 745
256 842
257 343
257 353
257 480
257 494
257 616
257 744
257 751
257 802
258 270
258 292
258 329
258 337
258 370
258 400
258 432
258 719
258 742
258 755
258 757
259 267
259 272
259 290
259 291
259 302
259 306
259 321
259 342
259 353
259 360
259 364
259 379
259 382
259 383
259 385
259 410
259 411
259 422
259 434
259 451
259 500
259 503
259 508
259 509
259 511
259 521
259 523
259 542
259 555
259 561
259 562
259 571
259 578
259 626
259 636
259 638
259 649
259 651
259 661
259 665
259 671
259 681
259 682
259 687
259 693
259 726
259 727
259 738
259 745
259 777
259 797
259 802
259 852
259 869
259 880
260 290
260 344
260 473
260 476
260 478
260 503
260 511
260 523
260 636
260 641
260 652
260 661
260 671
260 687
260 725
260 726
260 760
260 777
260 811
261 339
261 453
261 517
261 811
262 327
262 345
263 466
264 329
264 757
265 270
265 294
265 326
265 364
265 376
265 386
265 396
265 418
265 430
265 441
265 443
265 484
265 522
265 533
265 654
265 659
265 715
265 739
265 797
266 322
266 326
266 376
266 390
266 418
266 420
266 423
266 579
266 714
266 745
266 797
266 836
266 842
266 869
267 364
267 390
267 410
267 418
267 500
267 521
267 542
267 561
267 579
267 687
267 714
267 738
267 745
267 797
267 869
268 290
268 311
268 403
268 641
268 649
268 726
268 727
268 862
269 276
269 317
269 470
269 491
269 712
269 736
269 743
270 275
270 292
270 334
270 357
270 370
270 386
270 400
270 419
270 425
270 430
270 432
270 441
270 484
270 533
270 577
270 715
270 719
270 733
270 741
270 742
270 755
270 859
270 867
271 273
271 308
271 376
271 390
271 392
271 393
271 420
271 424
271 428
271 464
271 542
271 561
271 579
271 654
271 682
271 869
272 302
272 321
272 342
272 353
272 360
272 377
272 379
272 385
272 411
272 414
272 417
272 451
272 555
272 562
272 571
272 578
272 638
272 643
272 651
272 661
272 665
272 692
272 693
272 759
272 850
272 877
272 880
273 280
273 289
273 308
273 392
273 393
273 424
273 428
273 464
273 471
273 489
273 498
274 281
274 301
274 855
275 292
275 307
275 310
275 334
275 337
275 346
275 365
275 395
275 398
275 432
275 437
275 438
275 441
275 454
275 510
275 531
275 532
275 551
275 710
275 733
275 741
275 756
275 777
276 295
276 317
276 319
276 401
276 440
276 491
276 712
276 736
276 740
276 743
276 827
277 361
277 397
277 486
277 535
277 599
277 709
277 713
277 720
277 752
278 393
278 471
278 498
279 446
279 758
279 774
279 781
280 308
280 393
280 464
280 471
280 498
280 682
280 714
280 743
281 348
281 349
281 360
281 778
282 753
283 298
283 315
283 399
283 488
283 740
285 399
285 718
286 336
286 406
287 307
287 429
287 437
287 520
287 535
287 538
287 582
287 721
287 725
288 524
288 574
288 812
289 308
289 498
290 344
290 403
290 439
290 459
290 503
290 508
290 514
290 517
290 523
290 559
290 592
290 636
290 641
290 649
290 651
290 661
290 671
290 726
290 727
290 812
290 862
291 311
291 339
291 378
291 383
291 388
291 397
291 411
291 453
291 459
291 486
291 503
291 508
291 509
291 511
291 512
291 514
291 519
291 523
291 599
291 601
291 626
291 636
291 644
291 649
291 651
291 652
291 661
291 671
291 713
291 727
291 752
291 754
291 811
291 816
292 346
292 365
292 369
292 370
292 386
292 400
292 419
292 430
292 432
292 438
292 441
292 443
292 473
292 484
292 510
292 511
292 533
292 551
292 577
292 715
292 742
292 867
293 354
293 404
293 436
293 559
293 713
294 300
294 326
294 331
294 370
294 396
294 430
294 484
294 711
294 737
294 750
295 306
295 319
295 342
295 373
295 380
295 401
295 414
295 424
295 480
295 561
295 562
295 572
295 638
295 648
295 740
295 743
295 802
295 827
295 856
295 882
296 487
296 735
296 842
297 324
297 355
297 407
297 535
297 720
297 766
298 488
298 718
298 770
299 494
300 326
300 331
300 484
300 711
300 715
300 737
300 739
300 750
300 797
301 316
301 828
302 306
302 321
302 353
302 377
302 379
302 385
302 411
302 414
302 424
302 451
302 555
302 562
302 571
302 572
302 578
302 621
302 622
302 636
302 638
302 661
302 693
302 727
302 738
302 880
304 353
306 382
306 424
306 464
306 542
306 572
306 682
306 693
306 743
306 820
307 339
307 346
307 365
307 397
307 421
307 429
307 437
307 438
307 453
307 486
307 510
307 511
307 523
307 535
307 538
307 551
307 582
307 599
307 636
307 725
307 733
307 760
307 777
307 811
308 376
308 392
308 393
308 424
308 428
308 464
308 471
308 561
308 621
308 682
308 714
309 312
309 372
309 435
310 395
310 437
310 531
310 551
310 710
310 756
311 372
311 435
311 505
311 559
311 791
311 811
311 848
312 362
312 366
312 372
312 505
312 791
313 322
313 487
313 735
313 780
315 350
315 399
317 319
317 460
317 736
318 782
318 807
318 813
319 350
319 373
319 380
319 401
319 427
319 440
319 561
319 562
319 712
319 736
319 740
319 743
319 827
319 856
320 460
320 736
321 377
321 385
321 555
321 571
321 572
321 578
321 779
322 420
322 423
322 714
322 735
322 836
322 842
324 407
324 749
326 364
326 386
326 396
326 418
326 430
326 484
326 522
326 711
326 739
326 797
329 370
329 757
330 394
331 484
331 495
331 711
331 737
331 739
331 750
334 344
334 357
334 369
334 419
334 438
334 511
334 532
334 533
334 715
334 733
334 738
334 741
334 742
334 755
334 777
334 810
335 820
336 405
337 395
337 432
337 481
337 710
337 741
337 756
337 776
338 446
339 397
339 453
339 486
339 512
339 811
340 368
340 378
340 402
340 525
341 352
341 389
341 450
341 452
342 343
342 352
342 379
342 411
342 451
342 456
342 480
342 562
342 571
342 651
342 665
342 802
342 880
342 882
343 353
343 456
343 494
343 616
343 744
343 751
343 802
344 365
344 422
344 438
344 443
344 473
344 503
344 511
344 523
344 636
344 671
344 687
344 699
344 715
344 725
344 726
344 727
344 733
344 759
344 760
344 777
344 810
345 391
346 365
346 395
346 422
346 429
346 438
346 441
346 443
346 453
346 473
346 503
346 510
346 511
346 523
346 538
346 551
346 601
346 636
346 661
346 671
346 725
346 777
346 811
347 377
347 384
347 392
347 424
347 572
347 583
347 621
347 682
348 349
348 778
349 360
350 399
350 456
350 616
350 728
350 856
351 364
351 396
351 412
351 415
351 418
351 657
351 658
351 659
351 737
352 389
352 451
352 480
352 562
352 779
353 360
353 379
353 385
353 571
353 651
353 665
353 802
353 850
353 880
354 397
354 404
354 406
354 512
354 563
354 709
354 713
354 811
355 397
355 404
355 709
355 803
357 419
357 422
357 533
357 715
357 727
357 738
357 739
357 742
357 759
357 859
358 398
358 431
358 433
358 438
358 454
358 532
358 551
358 700
358 760
359 559
359 861
360 562
360 571
360 802
360 882
361 397
361 447
361 486
361 599
361 752
362 366
363 482
364 379
364 386
364 396
364 411
364 412
364 418
364 441
364 443
364 521
364 522
364 540
364 556
364 657
364 659
364 715
364 738
364 739
364 745
364 797
365 395
365 422
365 429
365 437
365 438
365 441
365 443
365 453
365 473
365 503
365 510
365 511
365 523
365 531
365 538
365 551
365 661
365 671
365 725
365 733
365 760
365 777
365 811
365 867
366 372
366 505
366 791
368 378
368 402
368 421
368 478
368 486
368 538
368 636
369 375
369 381
369 383
369 387
369 419
369 422
369 425
369 533
369 564
369 867
370 400
370 430
370 432
370 484
370 495
370 577
370 719
370 742
370 755
370 757
370 859
371 379
371 390
371 409
371 410
371 413
371 416
371 423
371 500
371 869
372 435
372 505
372 791
372 848
373 380
373 427
373 740
373 827
374 444
374 717
375 381
375 387
375 552
376 390
376 420
376 561
376 579
376 654
376 693
376 714
376 745
376 797
376 869
377 384
377 385
377 424
377 528
377 571
377 578
378 509
378 519
378 525
378 636
378 652
378 816
379 390
379 410
379 411
379 413
379 417
379 443
379 451
379 500
379 503
379 508
379 521
379 523
379 542
379 549
379 555
379 562
379 571
379 636
379 638
379 643
379 651
379 661
379 665
379 671
379 687
379 693
379 727
379 738
379 759
379 802
379 850
379 869
379 880
380 544
380 555
380 562
380 827
380 856
380 877
380 882
381 382
381 383
381 387
381 422
381 552
381 564
381 575
381 819
381 829
382 383
382 388
382 417
382 422
382 511
382 564
382 570
382 575
382 693
382 759
382 820
382 829
383 386
383 388
383 411
383 414
383 422
383 503
383 508
383 511
383 523
383 533
383 540
383 562
383 564
383 571
383 636
383 638
383 651
383 652
383 661
383 671
383 693
383 727
383 738
383 759
383 777
383 829
383 867
383 880
384 385
384 528
384 583
384 619
385 528
385 571
385 578
386 419
386 422
386 430
386 441
386 443
386 511
386 522
386 533
386 540
386 638
386 693
386 715
386 727
386 738
386 759
386 777
386 797
386 867
387 419
387 425
387 426
388 508
388 509
388 649
388 651
388 829
388 881
389 442
389 452
389 455
389 456
389 480
390 410
390 413
390 423
390 464
390 471
390 561
390 579
390 614
390 714
390 745
390 797
390 836
390 842
390 869
391 778
392 424
392 464
392 489
392 491
392 572
392 584
392 621
392 682
393 428
393 464
393 471
393 714
394 436
395 398
395 432
395 438
395 481
395 510
395 531
395 551
395 710
395 733
395 756
396 418
396 490
396 659
396 660
397 453
397 486
397 512
397 535
397 563
397 599
397 709
397 713
397 752
397 811
398 438
398 454
398 532
398 710
398 733
398 741
399 488
400 430
400 432
400 441
400 484
400 577
400 715
400 742
401 440
401 561
401 562
401 856
403 476
403 503
403 509
403 651
403 726
404 406
404 436
404 563
404 709
404 713
405 406
405 803
406 709
406 803
408 824
409 413
410 413
410 500
410 542
410 571
410 661
410 665
410 693
410 869
410 880
411 412
411 414
411 422
411 443
411 503
411 508
411 511
411 523
411 562
411 571
411 573
411 578
411 587
411 592
411 636
411 638
411 643
411 649
411 651
411 652
411 657
411 661
411 665
411 671
411 687
411 693
411 727
411 738
411 759
411 777
411 802
411 818
411 852
411 880
412 414
412 415
412 573
412 587
412 638
412 651
412 657
412 759
412 818
413 500
413 549
413 643
413 831
413 869
414 422
414 511
414 562
414 571
414 573
414 578
414 587
414 638
414 648
414 651
414 657
414 727
414 738
414 759
414 818
414 852
414 880
415 587
415 658
415 667
416 423
416 445
416 836
417 643
417 651
417 665
417 880
418 487
418 490
418 522
418 556
418 579
418 659
418 711
418 739
418 745
418 797
418 842
419 422
419 425
419 441
419 484
419 533
419 577
419 715
419 738
419 739
419 742
419 755
419 859
419 867
420 428
420 579
420 714
420 842
421 429
421 437
421 462
421 478
421 538
421 636
421 725
421 777
422 443
422 453
422 473
422 503
422 508
422 511
422 523
422 533
422 540
422 564
422 592
422 636
422 638
422 644
422 651
422 652
422 661
422 671
422 693
422 715
422 727
422 738
422 759
422 777
422 829
422 867
422 880
423 445
423 471
423 579
423 714
423 836
423 842
423 869
424 464
424 489
424 491
424 561
424 572
424 621
424 654
424 682
424 743
425 426
425 577
425 755
425 859
428 579
429 437
429 462
429 478
429 523
429 535
429 538
429 551
429 582
429 586
429 589
429 721
429 725
429 777
430 432
430 441
430 484
430 495
430 577
430 715
430 867
431 433
431 434
431 511
431 565
431 626
431 647
431 649
431 661
431 687
431 699
431 760
431 830
432 438
432 441
432 510
432 742
432 867
433 647
433 700
433 703
434 523
434 565
434 568
434 626
434 636
434 649
434 651
434 661
434 687
434 699
434 760
435 436
435 505
435 848
437 538
437 551
437 725
437 733
437 777
438 454
438 473
438 510
438 511
438 531
438 532
438 551
438 710
438 715
438 733
438 741
438 777
439 503
439 517
439 641
439 726
439 795
440 712
441 443
441 473
441 484
441 511
441 533
441 715
441 733
441 777
441 867
442 455
443 453
443 473
443 503
443 511
443 523
443 551
443 636
443 638
443 661
443 671
443 687
443 693
443 715
443 738
443 759
443 777
443 811
443 867
445 492
445 836
445 842
446 758
446 781
447 514
447 632
450 629
451 555
451 562
451 571
451 665
451 779
451 880
453 459
453 486
453 503
453 511
453 512
453 514
453 517
453 523
453 538
453 551
453 599
453 601
453 609
453 636
453 644
453 661
453 671
453 713
453 752
453 777
453 811
453 848
454 532
456 480
456 494
456 728
456 744
456 802
458 553
459 503
459 512
459 514
459 523
459 608
459 609
459 636
459 726
459 811
459 873
460 493
460 712
460 736
460 813
461 462
462 478
462 538
462 582
462 586
462 721
462 725
463 465
463 477
463 526
463 586
463 589
464 471
464 561
464 572
464 621
464 682
464 743
465 479
465 526
465 641
467 496
468 479
468 554
470 489
470 529
470 712
470 736
471 714
472 515
472 595
472 668
472 705
473 503
473 511
473 523
473 545
473 551
473 592
473 644
473 661
473 671
473 693
473 699
473 715
473 727
473 733
473 759
473 777
475 498
475 798
476 478
476 503
476 523
476 538
476 589
476 636
476 641
476 652
476 726
476 777
476 811
477 586
478 523
478 538
478 586
478 725
478 777
479 526
479 554
479 641
479 849
480 562
480 616
480 728
480 802
480 856
481 710
481 756
481 776
482 761
482 824
483 590
483 603
483 669
483 706
484 711
484 715
484 737
484 739
484 797
486 512
486 523
486 535
486 538
486 599
486 713
486 752
486 811
487 490
487 735
487 780
488 718
488 770
489 491
489 529
489 584
491 621
491 712
491 743
492 768
493 813
493 851
494 616
494 744
494 751
495 719
495 742
495 763
495 859
498 764
498 798
500 665
500 745
500 797
500 869
502 560
503 511
503 523
503 526
503 538
503 589
503 592
503 601
503 626
503 636
503 638
503 641
503 649
503 651
503 652
503 661
503 671
503 687
503 693
503 726
503 727
503 738
503 759
503 777
503 811
503 862
504 536
505 791
505 848
506 537
507 539
507 625
507 689
508 509
508 514
508 519
508 540
508 566
508 592
508 617
508 636
508 645
508 649
508 651
508 652
508 661
508 678
508 693
508 726
508 727
508 754
508 759
508 881
509 514
509 519
509 626
509 636
509 649
509 651
509 652
509 689
509 726
509 727
509 754
509 816
509 881
510 511
510 551
510 733
510 777
511 523
511 538
511 551
511 564
511 601
511 626
511 636
511 638
511 644
511 652
511 661
511 671
511 687
511 693
511 715
511 725
511 727
511 733
511 738
511 759
511 760
511 777
511 811
511 880
512 514
512 523
512 599
512 609
512 636
512 713
512 752
512 811
514 523
514 543
514 592
514 632
514 636
514 644
514 651
514 726
514 727
514 754
514 811
515 606
515 668
516 530
516 580
517 636
517 726
517 811
518 525
519 566
519 645
519 652
519 816
519 881
521 522
521 556
521 568
521 651
521 653
521 657
521 659
521 661
521 687
521 738
521 797
522 556
522 657
522 659
522 715
522 727
522 738
522 739
522 797
523 538
523 589
523 592
523 599
523 626
523 636
523 638
523 644
523 649
523 651
523 652
523 661
523 671
523 687
523 693
523 713
523 725
523 726
523 727
523 738
523 752
523 759
523 760
523 777
523 811
523 812
524 716
524 861
525 816
526 554
526 589
526 641
526 849
527 560
527 675
528 571
528 619
530 580
530 588
530 637
531 532
531 710
531 733
531 741
531 777
532 710
532 733
532 741
532 810
533 540
533 577
533 620
533 715
533 733
533 738
533 777
533 859
533 867
534 639
535 582
535 720
535 725
535 752
537 630
537 696
538 551
538 582
538 586
538 589
538 599
538 636
538 725
538 760
538 777
538 811
539 613
539 704
540 566
540 617
540 620
540 652
540 715
540 727
540 738
540 759
540 867
541 605
541 634
542 570
542 614
542 683
542 693
542 869
543 876
543 886
544 555
544 877
545 547
545 592
546 631
547 592
547 876
549 643
549 665
549 831
549 880
551 733
551 777
552 575
553 670
554 641
554 726
554 849
555 562
555 571
555 665
555 779
555 877
555 880
556 653
556 659
557 628
557 633
557 640
558 623
558 648
558 688
559 563
559 574
559 713
559 811
559 861
561 562
561 579
561 654
561 682
561 869
562 571
562 572
562 578
562 636
562 638
562 651
562 661
562 665
562 693
562 727
562 738
562 759
562 802
562 827
562 856
562 880
562 882
563 713
563 811
564 575
564 693
564 759
564 819
564 829
565 626
565 647
565 649
565 706
565 863
566 596
566 617
566 645
566 652
566 881
567 635
567 646
567 676
568 653
568 702
569 634
569 663
569 684
570 683
570 820
571 578
571 636
571 638
571 651
571 661
571 665
571 671
571 693
571 727
571 759
571 802
571 850
571 880
571 882
572 578
572 621
572 682
573 587
573 648
573 651
573 759
573 814
574 812
574 861
575 815
575 819
575 829
576 627
576 650
577 620
577 715
577 742
577 859
577 867
578 621
578 638
578 692
578 759
578 880
579 654
579 714
579 745
579 797
579 842
579 869
582 586
586 589
587 667
587 691
587 818
588 630
588 637
589 641
590 635
590 669
590 673
590 698
591 600
591 628
591 633
591 686
592 644
592 649
592 661
592 671
592 674
592 705
592 726
592 727
592 862
592 876
593 598
594 596
594 615
595 674
595 705
596 615
596 617
596 645
596 881
598 602
599 636
599 713
599 725
599 752
599 777
599 811
600 628
600 633
601 661
602 612
603 669
603 680
603 706
604 605
604 672
604 694
605 694
608 609
608 873
609 873
610 611
610 686
611 686
612 627
612 655
613 650
613 704
614 683
615 617
616 744
616 751
616 802
617 620
620 859
621 622
621 682
621 743
623 648
623 662
625 689
626 636
626 649
626 651
626 661
626 671
626 680
626 687
626 699
626 727
626 811
626 830
626 880
627 655
628 633
630 637
630 696
632 886
634 684
634 695
635 676
635 698
636 638
636 644
636 649
636 651
636 652
636 661
636 671
636 687
636 693
636 725
636 726
636 727
636 738
636 759
636 760
636 777
636 811
636 880
638 648
638 651
638 654
638 657
638 661
638 665
638 671
638 687
638 693
638 727
638 738
638 759
638 777
638 802
638 880
638 882
640 656
641 726
641 849
641 862
642 685
643 651
643 665
643 759
643 825
643 835
643 880
644 649
644 671
644 727
644 738
644 759
644 777
644 811
645 754
645 881
646 697
647 703
649 651
649 661
649 665
649 671
649 687
649 693
649 699
649 726
649 727
649 862
649 880
651 652
651 657
651 661
651 665
651 671
651 687
651 726
651 727
651 738
651 759
651 802
651 852
651 880
652 726
652 727
652 738
652 759
652 777
652 811
652 816
652 881
653 702
654 693
654 797
654 869
657 659
657 738
657 759
659 797
661 665
661 671
661 687
661 693
661 699
661 726
661 759
661 777
661 811
661 880
662 688
663 677
665 693
665 759
665 802
665 850
665 880
666 690
667 691
668 705
669 698
669 706
671 678
671 687
671 693
671 699
671 726
671 727
671 738
671 759
671 777
671 811
672 694
674 705
676 698
680 706
681 852
681 880
682 743
687 699
687 727
687 738
687 760
687 777
687 811
689 884
693 727
693 759
693 777
693 880
694 870
699 760
705 876
706 863
708 724
708 753
709 713
709 803
709 846
710 733
710 741
710 756
711 737
711 739
711 750
711 797
712 736
712 743
712 782
712 813
713 752
713 811
714 735
714 745
714 797
714 842
715 727
715 733
715 737
715 738
715 739
715 742
715 755
715 759
715 777
715 797
715 810
715 859
715 867
717 847
718 723
718 770
719 742
719 755
719 757
719 767
719 859
720 766
721 758
722 767
723 770
723 773
724 785
725 733
725 760
725 777
725 811
726 727
726 777
726 795
726 862
726 865
726 873
727 738
727 759
727 777
727 797
727 862
727 876
727 880
730 788
730 799
731 789
731 841
731 860
732 790
733 741
733 742
733 755
733 777
733 810
734 787
735 769
735 842
736 782
736 813
737 739
738 739
738 745
738 759
738 777
738 797
738 880
739 745
739 797
740 744
740 827
741 742
741 755
741 756
741 810
742 755
742 757
742 859
744 751
744 802
745 797
745 842
745 869
748 780
750 762
751 802
752 811
754 881
754 886
755 859
756 776
756 783
757 767
758 781
758 786
759 777
759 802
759 829
759 867
759 880
760 777
760 811
776 783
776 808
777 811
777 867
778 845
782 813
783 808
790 874
791 796
792 844
796 866
797 842
797 869
799 817
800 804
800 806
800 850
802 850
802 880
802 882
803 846
805 884
811 812
811 848
812 875
814 818
814 821
814 852
815 819
815 829
816 881
818 852
819 829
822 870
822 883
823 872
825 880
827 856
828 855
832 834
832 863
833 835
834 863
835 880
836 842
836 869
837 876
839 877
841 860
850 880
852 880
857 858
858 879
862 868
864 873
865 873
866 887
868 874
871 885
876 886
877 882
878 879
880 882
