1 2
1 3
1 4
1 5
1 6
1 7
1 8
1 9
1 10
1 11
1 13
1 14
1 15
1 17
1 18
1 19
1 21
1 23
1 24
1 25
1 26
1 27
1 28
1 29
1 30
1 31
1 38
1 39
1 41
1 42
1 43
1 44
1 46
1 47
1 48
1 50
1 55
1 56
1 63
1 66
1 68
1 69
1 71
1 72
1 74
1 76
1 78
1 79
1 80
1 82
1 83
1 84
1 85
1 98
1 102
1 106
1 109
1 111
1 112
1 117
1 126
1 129
1 142
1 143
1 145
1 153
1 163
1 171
1 195
1 196
1 197
1 199
1 201
1 206
1 208
1 210
1 211
1 214
1 218
1 222
1 224
1 226
1 232
1 238
1 245
1 261
1 262
1 270
1 271
1 273
1 274
1 282
1 284
1 290
1 292
1 294
1 296
1 297
1 298
1 299
1 300
1 303
1 306
1 314
1 321
1 322
1 323
1 327
1 331
1 334
1 335
1 338
1 339
1 341
1 342
1 347
1 350
1 354
1 356
1 365
1 366
1 369
1 375
1 381
1 382
1 415
1 416
1 420
1 421
1 428
1 429
1 431
1 432
1 433
1 434
1 438
1 439
1 446
1 450
2 4
2 11
2 15
2 38
2 39
2 112
2 197
2 206
2 224
2 262
2 306
2 381
2 427
2 429
2 450
2 451
3 5
3 7
3 9
3 10
3 17
3 18
3 23
3 29
3 31
3 42
3 50
3 68
3 83
3 106
3 163
3 171
3 210
3 218
3 273
3 286
3 287
3 300
3 314
3 322
3 331
3 339
3 365
3 382
3 428
3 438
3 441
4 6
4 7
4 11
4 13
4 19
4 21
4 24
4 25
4 29
4 38
4 39
4 41
4 42
4 43
4 44
4 48
4 63
4 68
4 83
4 98
4 102
4 109
4 112
4 142
4 197
4 207
4 210
4 222
4 224
4 226
4 238
4 261
4 262
4 284
4 290
4 306
4 321
4 322
4 334
4 347
4 350
4 356
4 365
4 382
4 410
4 421
4 429
4 433
4 439
4 450
5 7
5 10
5 17
5 19
5 21
5 31
5 43
5 48
5 63
5 71
5 210
5 218
5 224
5 226
5 274
5 278
5 303
5 314
5 321
5 331
5 350
5 360
5 365
5 409
6 7
6 8
6 10
6 13
6 19
6 21
6 23
6 24
6 28
6 29
6 31
6 38
6 42
6 43
6 44
6 47
6 63
6 68
6 71
6 76
6 82
6 83
6 98
6 109
6 153
6 197
6 208
6 210
6 222
6 223
6 224
6 226
6 262
6 289
6 297
6 306
6 314
6 321
6 322
6 331
6 344
6 347
6 350
6 354
6 356
6 365
6 382
6 416
6 417
6 429
6 433
7 8
7 9
7 10
7 18
7 19
7 21
7 23
7 28
7 30
7 38
7 39
7 41
7 43
7 44
7 46
7 48
7 63
7 68
7 71
7 76
7 83
7 85
7 98
7 102
7 109
7 117
7 195
7 210
7 218
7 222
7 224
7 226
7 232
7 273
7 274
7 278
7 292
7 294
7 299
7 306
7 314
7 321
7 322
7 331
7 339
7 347
7 350
7 354
7 356
7 365
7 366
7 420
8 13
8 19
8 38
8 42
8 68
8 71
8 76
8 208
8 210
8 224
8 226
8 306
8 321
8 331
8 340
8 347
8 350
8 365
8 418
9 10
9 18
9 21
9 23
9 28
9 29
9 30
9 43
9 46
9 50
9 63
9 68
9 83
9 85
9 126
9 163
9 171
9 210
9 218
9 273
9 314
9 322
9 331
9 339
9 347
9 354
9 365
9 382
9 415
9 437
9 438
10 17
10 19
10 21
10 23
10 29
10 30
10 31
10 38
10 41
10 43
10 44
10 48
10 63
10 71
10 83
10 102
10 106
10 129
10 171
10 210
10 218
10 224
10 226
10 273
10 274
10 282
10 303
10 314
10 321
10 322
10 331
10 339
10 341
10 347
10 350
10 354
10 365
10 369
10 382
10 424
11 14
11 24
11 38
11 39
11 48
11 107
11 109
11 111
11 112
11 142
11 156
11 157
11 197
11 206
11 224
11 226
11 262
11 306
11 381
11 429
11 450
12 49
12 95
12 105
12 107
12 376
13 24
13 25
13 44
13 76
13 82
13 102
13 109
13 222
13 224
13 226
13 262
13 284
13 306
13 321
13 334
13 350
13 382
13 421
13 423
13 429
13 433
13 439
14 65
14 107
14 111
14 142
14 156
14 381
15 112
15 197
15 262
15 427
15 451
16 27
16 86
16 93
16 108
16 121
16 187
16 188
16 231
16 236
17 18
17 21
17 27
17 28
17 30
17 43
17 62
17 63
17 68
17 78
17 83
17 89
17 106
17 117
17 129
17 141
17 163
17 171
17 210
17 218
17 236
17 273
17 300
17 314
17 322
17 331
17 365
17 382
17 415
17 446
18 19
18 21
18 23
18 28
18 29
18 30
18 42
18 43
18 44
18 46
18 50
18 68
18 79
18 83
18 85
18 117
18 163
18 171
18 196
18 199
18 218
18 224
18 226
18 244
18 245
18 246
18 273
18 274
18 287
18 314
18 321
18 322
18 331
18 339
18 347
18 354
18 365
18 366
18 382
18 428
18 431
18 434
18 438
19 21
19 23
19 24
19 28
19 29
19 30
19 38
19 39
19 42
19 43
19 48
19 55
19 56
19 63
19 68
19 71
19 83
19 98
19 109
19 195
19 197
19 208
19 210
19 218
19 222
19 224
19 226
19 273
19 292
19 296
19 299
19 306
19 314
19 321
19 322
19 331
19 342
19 347
19 350
19 354
19 356
19 365
19 366
19 420
20 47
20 84
20 101
20 104
20 110
20 120
20 124
20 177
20 191
20 211
20 375
21 23
21 24
21 28
21 29
21 30
21 31
21 38
21 39
21 41
21 42
21 43
21 44
21 46
21 48
21 50
21 63
21 68
21 71
21 72
21 83
21 85
21 98
21 99
21 102
21 117
21 129
21 143
21 163
21 171
21 172
21 189
21 199
21 210
21 214
21 218
21 222
21 224
21 226
21 271
21 273
21 274
21 278
21 299
21 306
21 314
21 321
21 322
21 331
21 339
21 347
21 350
21 354
21 356
21 365
21 366
21 382
21 431
21 434
22 32
22 75
22 91
22 103
22 119
22 122
22 128
22 166
22 193
22 243
23 28
23 29
23 30
23 31
23 33
23 36
23 38
23 41
23 42
23 43
23 44
23 46
23 48
23 63
23 66
23 68
23 72
23 74
23 79
23 80
23 83
23 85
23 102
23 113
23 117
23 196
23 208
23 210
23 215
23 224
23 226
23 232
23 245
23 270
23 271
23 273
23 274
23 299
23 306
23 314
23 321
23 322
23 339
23 347
23 350
23 356
23 365
23 366
23 382
23 434
24 38
24 39
24 43
24 44
24 47
24 48
24 68
24 82
24 84
24 98
24 101
24 102
24 109
24 110
24 142
24 153
24 191
24 197
24 211
24 222
24 224
24 226
24 261
24 262
24 306
24 334
24 350
24 356
24 375
24 382
24 429
24 433
24 439
25 224
25 226
25 262
25 290
25 306
25 334
25 410
25 439
26 34
26 37
26 38
26 39
26 48
26 55
26 56
26 92
26 98
26 109
26 125
26 146
26 147
26 153
26 195
26 206
26 209
26 296
26 298
26 299
26 304
26 323
26 335
27 30
27 62
27 63
27 78
27 89
27 93
27 106
27 108
27 129
27 141
27 143
27 171
27 187
27 236
27 273
27 370
27 446
28 29
28 30
28 32
28 33
28 38
28 42
28 43
28 44
28 46
28 63
28 66
28 68
28 72
28 78
28 79
28 83
28 85
28 99
28 113
28 117
28 129
28 143
28 196
28 199
28 202
28 214
28 218
28 224
28 226
28 233
28 244
28 245
28 256
28 270
28 271
28 273
28 274
28 314
28 321
28 322
28 331
28 339
28 347
28 350
28 354
28 365
28 366
28 382
28 431
28 434
29 30
29 31
29 33
29 35
29 36
29 38
29 39
29 41
29 42
29 43
29 44
29 46
29 48
29 60
29 63
29 66
29 68
29 74
29 79
29 80
29 83
29 85
29 98
29 102
29 145
29 208
29 210
29 216
29 217
29 222
29 224
29 226
29 245
29 270
29 271
29 273
29 274
29 299
29 306
29 314
29 321
29 322
29 331
29 336
29 347
29 350
29 354
29 356
29 365
29 374
29 382
29 432
30 43
30 46
30 63
30 68
30 72
30 78
30 79
30 83
30 85
30 89
30 106
30 117
30 129
30 143
30 171
30 199
30 210
30 214
30 218
30 224
30 226
30 245
30 271
30 273
30 274
30 314
30 322
30 331
30 339
30 347
30 350
30 354
30 365
30 366
30 382
30 434
30 447
31 36
31 41
31 42
31 43
31 44
31 48
31 60
31 63
31 69
31 80
31 83
31 102
31 145
31 152
31 210
31 217
31 222
31 245
31 271
31 274
31 299
31 303
31 314
31 322
31 331
31 336
31 354
31 374
31 382
31 432
32 46
32 72
32 75
32 79
32 91
32 99
32 113
32 117
32 119
32 122
32 128
32 148
32 193
32 199
32 202
32 233
32 243
32 244
32 253
32 256
32 434
33 42
33 46
33 61
33 66
33 68
33 74
33 79
33 81
33 83
33 88
33 113
33 135
33 150
33 193
33 196
33 202
33 215
33 216
33 233
33 245
33 270
33 271
33 322
33 372
33 382
33 384
34 39
34 41
34 48
34 55
34 58
34 64
34 69
34 90
34 92
34 100
34 102
34 114
34 161
34 164
34 195
34 201
34 224
34 225
34 227
34 238
34 296
34 299
34 323
34 413
35 41
35 43
35 44
35 45
35 48
35 58
35 60
35 69
35 80
35 87
35 90
35 96
35 102
35 114
35 132
35 145
35 152
35 161
35 183
35 213
35 216
35 227
35 228
35 237
35 299
35 349
35 382
36 40
36 41
36 42
36 59
36 60
36 66
36 74
36 80
36 88
36 133
36 145
36 150
36 183
36 213
36 216
36 217
36 230
36 245
36 270
36 372
36 374
36 382
37 52
37 56
37 73
37 92
37 125
37 146
37 147
37 151
37 195
37 209
37 249
37 304
37 323
37 383
38 39
38 42
38 43
38 44
38 47
38 48
38 56
38 63
38 68
38 76
38 82
38 83
38 98
38 109
38 146
38 153
38 195
38 197
38 206
38 208
38 210
38 222
38 224
38 226
38 289
38 298
38 299
38 306
38 314
38 321
38 322
38 323
38 331
38 344
38 347
38 350
38 354
38 356
38 365
38 382
38 429
38 450
39 41
39 43
39 48
39 55
39 56
39 68
39 92
39 98
39 102
39 109
39 125
39 195
39 197
39 201
39 207
39 209
39 224
39 238
39 262
39 290
39 296
39 298
39 299
39 306
39 323
39 331
39 334
39 335
39 347
39 356
39 382
39 429
40 59
40 70
40 88
40 133
40 138
40 150
40 230
40 374
40 396
40 400
41 42
41 43
41 44
41 48
41 58
41 60
41 63
41 66
41 68
41 69
41 80
41 83
41 90
41 98
41 102
41 114
41 145
41 152
41 195
41 222
41 223
41 224
41 228
41 237
41 238
41 274
41 299
41 314
41 322
41 331
41 350
41 354
41 356
41 382
41 429
41 432
42 44
42 46
42 48
42 60
42 66
42 68
42 74
42 80
42 83
42 102
42 145
42 196
42 205
42 208
42 210
42 217
42 222
42 224
42 226
42 245
42 270
42 271
42 273
42 274
42 299
42 306
42 314
42 321
42 322
42 347
42 354
42 356
42 372
42 374
42 382
43 44
43 48
43 58
43 63
43 68
43 69
43 83
43 85
43 98
43 102
43 109
43 114
43 145
43 152
43 195
43 197
43 201
43 210
43 218
43 222
43 224
43 226
43 238
43 262
43 273
43 274
43 294
43 296
43 299
43 314
43 321
43 322
43 331
43 339
43 347
43 350
43 354
43 356
43 365
43 366
43 382
43 429
43 432
44 48
44 60
44 63
44 68
44 69
44 80
44 82
44 83
44 85
44 98
44 102
44 109
44 142
44 145
44 197
44 222
44 223
44 224
44 226
44 237
44 245
44 262
44 271
44 273
44 274
44 297
44 299
44 306
44 314
44 321
44 322
44 331
44 347
44 349
44 350
44 354
44 356
44 366
44 382
44 416
44 429
44 432
44 433
45 58
45 80
45 87
45 90
45 96
45 127
45 132
45 152
45 213
45 228
45 263
46 63
46 66
46 68
46 72
46 79
46 83
46 85
46 99
46 113
46 117
46 119
46 122
46 143
46 193
46 196
46 199
46 202
46 218
46 233
46 244
46 245
46 256
46 270
46 271
46 273
46 322
46 339
46 347
46 366
46 382
46 431
46 434
47 56
47 67
47 82
47 84
47 98
47 101
47 109
47 110
47 120
47 142
47 146
47 153
47 159
47 177
47 191
47 195
47 197
47 200
47 206
47 211
47 222
47 261
47 298
47 327
47 375
48 55
48 56
48 58
48 63
48 64
48 68
48 69
48 80
48 83
48 92
48 98
48 102
48 109
48 114
48 145
48 152
48 161
48 164
48 195
48 197
48 201
48 206
48 209
48 210
48 218
48 222
48 224
48 225
48 226
48 227
48 238
48 262
48 274
48 296
48 298
48 299
48 306
48 314
48 321
48 322
48 323
48 331
48 334
48 335
48 342
48 347
48 350
48 354
48 356
48 365
48 366
48 382
48 413
48 429
48 432
49 105
49 118
49 408
50 63
50 68
50 83
50 85
50 126
50 170
50 171
50 339
50 415
50 444
51 54
51 78
51 108
51 136
51 148
51 172
51 174
51 187
51 188
51 203
51 231
51 370
51 447
52 56
52 73
52 84
52 125
52 139
52 146
52 151
52 173
52 181
52 249
52 257
52 298
52 401
53 64
53 100
53 140
53 155
53 161
53 184
53 240
53 242
53 264
53 390
53 413
54 72
54 91
54 122
54 134
54 148
54 174
54 202
54 203
54 387
54 447
55 56
55 64
55 92
55 114
55 125
55 147
55 155
55 161
55 164
55 195
55 201
55 224
55 227
55 238
55 296
55 299
55 323
55 335
55 383
55 413
56 67
56 84
56 92
56 98
56 109
56 125
56 146
56 151
56 153
56 181
56 195
56 200
56 206
56 209
56 298
56 299
56 304
56 323
56 335
56 344
56 383
56 401
57 67
57 84
57 123
57 159
57 162
57 177
57 181
57 380
57 385
58 64
58 69
58 80
58 90
58 92
58 100
58 102
58 114
58 132
58 145
58 152
58 161
58 164
58 165
58 201
58 213
58 227
58 228
58 238
58 296
58 299
58 382
58 413
59 60
59 66
59 70
59 80
59 87
59 88
59 132
59 133
59 138
59 150
59 169
59 183
59 213
59 216
59 230
59 374
59 396
59 400
60 66
60 74
60 80
60 88
60 102
60 132
60 145
60 152
60 183
60 213
60 216
60 217
60 237
60 336
60 374
60 382
61 66
61 74
61 81
61 88
61 97
61 130
61 131
61 135
61 149
61 150
61 193
61 215
61 372
61 384
62 78
62 89
62 93
62 106
62 121
62 129
62 141
62 160
62 171
62 219
62 236
62 300
62 370
63 68
63 72
63 78
63 85
63 102
63 106
63 117
63 129
63 143
63 163
63 171
63 172
63 210
63 214
63 218
63 222
63 224
63 226
63 273
63 274
63 278
63 285
63 299
63 303
63 314
63 321
63 322
63 331
63 339
63 347
63 350
63 354
63 356
63 365
63 366
63 370
63 382
63 415
63 447
64 92
64 100
64 114
64 140
64 147
64 155
64 161
64 164
64 184
64 201
64 227
64 240
64 242
64 296
64 323
64 383
64 413
65 105
65 107
65 156
66 68
66 74
66 79
66 80
66 83
66 88
66 113
66 131
66 135
66 145
66 150
66 196
66 215
66 216
66 217
66 245
66 270
66 271
66 322
66 372
66 374
66 382
67 82
67 84
67 101
67 109
67 146
67 153
67 159
67 177
67 181
67 200
67 206
67 211
67 327
67 375
67 385
68 72
68 74
68 79
68 83
68 85
68 98
68 102
68 109
68 113
68 117
68 171
68 195
68 196
68 197
68 208
68 210
68 218
68 222
68 224
68 226
68 232
68 233
68 245
68 270
68 271
68 273
68 292
68 306
68 314
68 321
68 322
68 331
68 339
68 347
68 350
68 354
68 356
68 365
68 366
68 382
68 420
68 431
68 434
69 80
69 90
69 92
69 102
69 114
69 132
69 145
69 152
69 161
69 164
69 165
69 201
69 227
69 228
69 237
69 238
69 274
69 294
69 299
69 382
69 432
70 87
70 133
70 138
70 169
70 176
70 395
70 396
70 400
71 76
71 210
71 226
71 292
71 321
71 331
71 350
71 365
72 78
72 79
72 85
72 91
72 99
72 117
72 122
72 143
72 148
72 172
72 199
72 202
72 214
72 233
72 256
72 271
72 434
72 447
73 125
73 139
73 146
73 147
73 151
73 173
73 249
73 251
73 304
73 333
73 383
73 401
73 412
74 79
74 80
74 83
74 88
74 113
74 135
74 150
74 196
74 215
74 216
74 217
74 245
74 270
74 322
74 372
74 374
74 382
74 384
75 81
75 103
75 119
75 128
75 149
75 166
75 193
75 243
75 394
76 210
76 226
76 289
76 306
76 321
76 350
76 417
77 106
77 204
77 219
77 373
77 446
78 89
78 108
78 117
78 129
78 143
78 148
78 172
78 174
78 187
78 214
78 236
78 370
78 447
79 81
79 99
79 113
79 117
79 119
79 135
79 193
79 196
79 202
79 215
79 233
79 245
79 256
79 270
79 271
79 372
79 382
79 384
79 434
80 87
80 88
80 90
80 102
80 132
80 145
80 152
80 183
80 213
80 216
80 228
80 237
80 299
80 374
80 382
81 113
81 119
81 128
81 130
81 135
81 149
81 193
81 202
81 215
81 384
82 84
82 98
82 101
82 109
82 142
82 153
82 191
82 197
82 200
82 206
82 211
82 222
82 226
82 261
82 327
82 350
82 375
82 429
82 433
83 102
83 106
83 163
83 171
83 196
83 208
83 218
83 222
83 224
83 226
83 245
83 273
83 282
83 299
83 306
83 314
83 321
83 322
83 331
83 339
83 347
83 354
83 365
83 366
83 382
83 428
83 438
84 98
84 101
84 109
84 110
84 120
84 146
84 153
84 159
84 177
84 181
84 191
84 200
84 206
84 211
84 261
84 298
84 327
84 375
85 99
85 117
85 126
85 129
85 171
85 172
85 199
85 214
85 273
85 274
85 314
85 322
85 331
85 339
85 347
85 354
85 366
85 382
85 415
86 93
86 121
86 160
86 186
86 219
86 220
86 236
86 386
86 393
87 90
87 96
87 127
87 132
87 169
87 183
87 213
87 216
87 228
88 131
88 133
88 135
88 150
88 213
88 215
88 216
88 270
88 372
88 374
88 396
89 93
89 106
89 121
89 129
89 160
89 187
89 219
89 236
89 273
89 373
89 446
90 96
90 100
90 114
90 127
90 132
90 137
90 152
90 161
90 164
90 165
90 184
90 213
90 227
90 228
90 263
91 99
91 103
91 122
91 128
91 134
91 148
91 166
91 174
91 193
91 202
91 233
91 243
91 256
92 98
92 114
92 125
92 146
92 147
92 161
92 164
92 195
92 201
92 209
92 227
92 242
92 296
92 298
92 299
92 323
92 383
92 413
93 108
93 121
93 160
93 187
93 188
93 219
93 220
93 236
94 95
94 111
94 115
94 157
94 192
94 212
94 255
94 307
94 376
94 430
95 105
95 107
95 111
95 157
95 255
95 376
96 100
96 127
96 132
96 137
96 161
96 165
96 184
96 228
96 263
97 130
97 131
97 150
97 185
97 396
98 102
98 109
98 142
98 146
98 153
98 195
98 197
98 200
98 206
98 210
98 222
98 224
98 226
98 261
98 296
98 298
98 299
98 306
98 321
98 323
98 331
98 347
98 356
98 365
98 375
98 382
98 450
99 117
99 119
99 122
99 143
99 148
99 172
99 199
99 202
99 229
99 233
99 243
99 256
99 431
99 434
100 114
100 132
100 137
100 161
100 164
100 165
100 184
100 227
100 242
100 413
101 104
101 109
101 110
101 120
101 142
101 154
101 191
101 211
101 375
102 109
102 114
102 145
102 152
102 164
102 195
102 201
102 221
102 222
102 224
102 226
102 228
102 237
102 238
102 262
102 274
102 284
102 296
102 299
102 314
102 322
102 331
102 347
102 350
102 354
102 356
102 366
102 382
102 421
102 429
102 432
102 433
103 128
103 166
103 243
103 248
104 110
104 120
104 124
104 154
104 158
104 177
104 191
104 371
105 107
105 118
105 376
106 129
106 163
106 171
106 219
106 273
106 314
106 322
106 373
106 446
107 111
107 156
107 157
107 376
108 121
108 136
108 187
108 188
108 231
108 236
108 370
109 110
109 142
109 146
109 153
109 191
109 195
109 197
109 206
109 210
109 211
109 222
109 224
109 226
109 261
109 262
109 298
109 299
109 306
109 321
109 327
109 350
109 356
109 375
109 382
109 429
109 433
110 120
110 142
110 154
110 158
110 177
110 191
110 375
111 112
111 142
111 156
111 157
111 194
111 376
111 381
112 157
112 194
112 197
112 206
112 262
112 306
112 429
112 450
113 117
113 119
113 135
113 193
113 196
113 202
113 215
113 233
113 245
113 256
113 270
113 372
113 382
113 384
114 132
114 145
114 152
114 161
114 164
114 165
114 201
114 221
114 224
114 225
114 227
114 228
114 238
114 296
114 299
114 382
114 413
115 192
115 212
115 307
115 430
116 406
117 122
117 129
117 143
117 148
117 171
117 172
117 199
117 202
117 214
117 233
117 245
117 256
117 273
117 274
117 314
117 331
117 339
117 347
117 366
117 370
117 382
117 431
117 434
117 447
118 392
118 408
119 122
119 128
119 135
119 149
119 166
119 193
119 202
119 233
119 243
119 245
119 256
119 372
119 384
120 124
120 154
120 177
120 191
120 239
120 371
120 375
121 160
121 182
121 236
121 386
122 128
122 134
122 148
122 172
122 174
122 202
122 233
122 256
122 387
123 162
123 181
123 380
123 385
123 391
124 265
124 371
124 398
125 139
125 146
125 147
125 151
125 153
125 181
125 195
125 209
125 249
125 298
125 299
125 304
125 323
125 335
125 383
125 401
126 163
126 171
126 443
127 132
127 169
127 183
127 213
127 397
128 166
128 193
128 202
128 233
128 243
128 256
129 141
129 143
129 171
129 172
129 187
129 210
129 214
129 236
129 273
129 274
129 314
129 331
129 370
129 447
130 131
130 135
130 149
130 193
130 384
131 133
131 135
131 150
131 372
131 384
132 145
132 152
132 161
132 165
132 169
132 183
132 213
132 228
132 263
133 138
133 150
133 169
133 213
133 216
133 374
133 396
133 400
134 148
134 174
134 203
134 387
134 399
135 149
135 150
135 193
135 196
135 202
135 215
135 216
135 233
135 245
135 270
135 372
135 384
136 188
136 231
137 161
137 165
137 175
137 184
137 263
137 388
138 150
138 185
138 389
138 395
138 396
138 400
139 146
139 151
139 173
139 181
139 249
139 257
139 401
140 155
140 168
140 242
140 251
140 264
140 390
140 407
141 170
141 171
141 182
141 236
142 191
142 197
142 222
142 224
142 226
142 261
142 334
142 375
142 381
142 429
143 148
143 172
143 187
143 214
143 273
143 370
143 434
143 447
144 178
144 192
145 152
145 183
145 213
145 216
145 222
145 223
145 228
145 237
145 299
145 336
145 349
145 374
145 382
145 432
146 147
146 151
146 153
146 181
146 195
146 200
146 206
146 249
146 298
146 299
146 323
146 401
147 155
147 227
147 242
147 249
147 251
147 304
147 323
147 383
148 172
148 174
148 202
148 370
148 447
149 193
149 384
150 185
150 215
150 216
150 372
150 374
150 396
151 153
151 181
151 195
151 249
151 401
152 161
152 164
152 165
152 183
152 201
152 213
152 228
152 237
152 263
152 299
152 382
152 432
153 181
153 195
153 197
153 200
153 206
153 211
153 261
153 298
153 299
153 323
153 327
153 375
154 191
155 164
155 242
155 383
156 381
157 194
157 307
157 430
158 191
159 177
159 181
159 385
160 219
160 236
161 164
161 165
161 184
161 201
161 227
161 228
161 242
161 388
161 413
162 177
162 380
162 385
163 218
163 273
163 322
163 339
163 373
163 438
163 446
164 165
164 184
164 201
164 225
164 227
164 228
164 238
164 242
164 296
164 323
164 383
164 388
164 413
165 184
165 228
165 263
166 248
166 394
167 408
168 390
168 407
169 176
169 183
169 213
170 171
170 180
171 210
171 273
171 300
171 314
171 322
171 331
171 339
171 415
172 214
172 370
172 447
173 249
173 257
173 401
173 412
174 203
174 447
175 402
176 397
177 191
177 375
177 385
179 234
181 200
181 249
181 257
181 385
181 401
182 186
182 236
183 213
183 216
183 228
183 374
183 382
184 242
184 388
184 402
184 413
185 389
186 386
186 393
187 188
187 236
187 370
187 447
188 231
188 370
189 199
189 229
189 275
189 278
189 331
189 409
190 197
190 211
190 260
190 261
191 211
191 375
192 212
192 307
192 430
193 202
193 215
193 233
193 245
193 256
193 270
193 372
193 384
193 434
194 307
195 197
195 201
195 206
195 207
195 209
195 224
195 296
195 298
195 299
195 304
195 321
195 323
195 335
195 342
195 347
195 365
195 383
196 215
196 232
196 233
196 245
196 322
196 347
196 364
196 366
196 382
196 420
197 206
197 211
197 222
197 224
197 261
197 262
197 299
197 321
197 327
197 356
197 375
197 450
198 286
198 300
199 229
199 233
199 256
199 331
199 434
200 206
201 224
201 238
201 296
201 299
201 323
201 335
201 432
202 233
202 245
202 256
202 434
203 387
203 399
205 208
205 217
205 340
206 222
206 261
206 298
206 299
206 327
206 450
207 209
207 290
207 334
207 335
208 210
208 217
208 226
208 245
208 306
208 321
208 322
208 340
208 382
208 414
209 299
209 304
209 323
209 335
210 218
210 224
210 226
210 273
210 274
210 278
210 303
210 306
210 314
210 321
210 322
210 331
210 347
210 350
210 354
210 356
210 365
210 433
211 261
211 375
212 430
213 216
213 228
213 374
213 382
214 285
214 314
214 370
214 447
215 245
215 270
215 372
215 374
215 382
215 384
216 270
216 372
216 374
216 382
216 396
217 230
217 245
217 372
217 374
217 382
218 224
218 226
218 273
218 274
218 278
218 314
218 322
218 331
218 339
218 347
218 350
218 365
218 438
219 220
219 373
219 446
221 225
221 238
221 284
221 421
222 224
222 226
222 238
222 261
222 262
222 284
222 306
222 314
222 321
222 322
222 327
222 347
222 350
222 356
222 382
222 421
222 429
222 433
223 237
223 297
223 349
223 361
223 416
224 226
224 238
224 261
224 262
224 273
224 274
224 284
224 296
224 299
224 306
224 314
224 321
224 322
224 331
224 334
224 339
224 342
224 347
224 350
224 354
224 356
224 365
224 366
224 382
224 421
224 429
224 433
224 450
225 238
225 240
225 413
226 261
226 262
226 273
226 284
226 292
226 306
226 314
226 321
226 322
226 331
226 334
226 347
226 350
226 354
226 356
226 365
226 366
226 420
226 429
226 433
227 242
227 296
227 299
227 413
228 237
228 263
231 370
232 292
232 347
232 364
232 366
232 368
232 420
233 245
233 256
233 270
233 372
233 382
233 384
233 434
236 370
237 349
237 432
238 284
238 296
238 299
238 382
238 421
240 413
241 310
242 413
243 253
243 256
244 246
244 253
244 256
244 428
244 431
244 434
245 270
245 271
245 322
245 347
245 366
245 372
245 374
245 382
245 384
245 431
245 434
246 252
246 287
246 425
246 428
247 258
249 257
249 304
249 401
249 412
250 311
250 317
250 369
250 424
251 383
251 407
252 287
252 425
253 256
254 312
254 338
254 352
256 431
256 434
257 401
258 272
261 262
261 375
261 429
262 306
262 350
262 429
262 433
262 450
264 390
265 371
265 398
266 276
266 346
266 358
267 279
268 301
268 337
269 291
269 360
270 271
270 372
270 374
270 382
270 384
270 434
271 274
271 322
271 382
272 277
273 300
273 314
273 321
273 322
273 331
273 339
273 347
273 354
273 365
273 366
273 382
273 415
274 278
274 299
274 303
274 314
274 321
274 331
274 336
274 350
274 354
274 382
275 278
275 409
276 305
276 358
277 309
278 331
278 409
278 411
280 326
280 357
282 314
282 322
282 365
283 328
284 419
284 421
284 429
284 433
285 314
285 341
286 300
287 425
287 428
287 441
288 313
288 320
288 345
289 306
289 344
289 359
289 417
290 334
290 410
290 429
290 439
291 348
291 360
292 347
292 365
292 366
292 368
292 420
293 352
293 362
294 331
294 350
294 366
295 353
295 357
296 299
296 323
296 342
297 350
297 361
297 416
297 417
298 299
298 323
299 314
299 322
299 323
299 331
299 335
299 354
299 382
301 309
302 343
302 348
303 314
303 316
303 331
303 336
304 323
304 383
306 314
306 321
306 322
306 331
306 334
306 347
306 350
306 356
306 365
306 382
306 429
306 433
307 430
310 363
311 369
311 424
312 352
313 320
313 329
314 321
314 322
314 331
314 339
314 341
314 347
314 350
314 354
314 356
314 365
314 369
314 382
314 415
315 319
317 369
318 355
319 325
320 329
321 322
321 331
321 340
321 347
321 350
321 354
321 356
321 365
321 366
321 382
321 416
321 429
321 433
322 339
322 347
322 350
322 354
322 356
322 365
322 366
322 382
323 335
323 383
324 326
325 343
327 375
329 330
330 356
330 417
331 339
331 347
331 350
331 354
331 356
331 360
331 365
331 366
331 382
331 409
331 420
333 412
334 410
334 429
334 439
338 420
339 347
339 382
339 415
339 437
339 438
340 414
340 418
341 369
341 424
343 348
344 359
345 351
346 358
347 350
347 354
347 356
347 365
347 366
347 368
347 382
347 420
350 354
350 356
350 365
350 366
350 382
350 416
350 429
350 433
354 360
354 365
354 366
354 382
356 365
356 382
356 416
356 429
356 432
356 433
360 411
362 367
365 366
365 382
365 420
366 382
366 420
368 420
369 424
370 447
371 398
372 374
372 382
372 384
372 396
373 446
374 382
374 396
377 403
378 404
378 451
379 405
380 385
380 391
382 416
382 429
382 432
382 433
386 393
387 399
388 402
389 395
389 400
392 408
395 400
396 400
406 426
409 411
409 435
410 429
410 439
410 440
411 435
411 436
411 448
414 418
416 417
416 432
416 433
417 445
418 449
419 423
419 433
421 433
423 433
425 428
425 441
427 450
427 451
429 433
429 439
429 450
435 436
437 438
