1 2
1 54
2 3
2 4
2 22
2 54
3 4
3 5
3 21
3 22
3 41
3 54
4 5
4 6
4 8
4 21
4 22
4 41
5 6
5 8
5 10
5 21
5 41
6 7
6 8
6 10
6 13
6 17
6 32
7 9
7 10
7 11
7 13
7 17
7 32
7 37
8 13
8 32
8 41
9 11
9 12
9 13
9 14
9 16
9 17
9 37
10 17
11 12
11 13
11 14
11 15
11 19
11 37
11 52
12 14
12 15
12 16
12 19
12 48
13 32
13 37
14 16
14 17
14 48
15 16
15 18
15 19
15 20
15 23
15 33
16 19
16 20
16 23
16 33
16 48
18 19
18 20
18 25
18 31
18 53
19 20
19 37
19 52
20 23
20 24
20 25
20 31
21 22
22 41
22 54
23 24
23 25
23 33
23 40
24 25
24 26
24 27
24 33
24 40
24 47
25 26
25 27
25 28
25 31
25 42
26 27
26 34
26 40
26 47
27 28
27 29
27 30
27 31
27 34
27 42
27 47
28 30
28 31
28 42
29 30
29 34
29 35
29 36
29 39
29 45
30 34
30 36
31 42
31 53
32 37
32 41
33 40
33 48
34 39
34 47
35 36
35 38
35 39
35 43
35 45
35 49
36 38
36 45
37 52
38 46
39 45
39 47
40 47
43 46
43 49
43 50
44 46
44 51
45 49
46 51
