1 2
1 3
1 4
1 5
1 6
1 7
1 9
1 10
1 11
1 12
1 14
1 18
1 19
1 38
1 47
1 50
1 56
1 63
1 71
1 72
1 78
1 125
1 130
1 139
1 150
1 218
1 219
1 220
1 221
1 222
1 224
1 226
2 3
2 5
2 6
2 9
2 10
2 11
2 17
2 19
2 50
2 52
2 71
2 72
2 78
2 125
2 130
2 186
2 222
3 4
3 5
3 7
3 8
3 11
3 19
3 21
3 23
3 40
3 50
3 72
3 78
3 125
3 186
3 222
4 7
4 15
4 21
4 22
4 37
4 40
4 41
4 72
4 78
4 139
4 204
4 222
5 6
5 9
5 10
5 12
5 16
5 18
5 25
5 50
5 63
5 71
5 130
5 218
5 225
6 12
6 13
6 18
6 47
6 50
6 63
6 80
6 130
6 155
6 218
6 219
7 14
7 15
7 20
7 37
7 38
7 41
7 56
7 72
7 78
7 139
7 150
7 220
7 222
7 224
8 11
8 23
8 24
8 29
8 40
8 57
8 59
8 72
8 222
9 10
9 17
9 19
9 26
9 39
9 50
9 52
9 71
9 75
9 125
10 16
10 25
10 43
10 48
10 50
10 63
10 71
10 130
11 19
11 23
11 40
11 59
11 72
11 125
11 186
12 13
12 31
12 47
12 80
12 206
12 218
12 219
13 18
13 27
13 36
13 54
13 130
13 154
13 155
13 218
14 34
14 38
14 56
14 69
14 78
14 150
14 220
14 221
14 224
15 21
15 22
15 28
15 37
15 68
15 72
15 78
15 139
15 222
16 25
16 35
16 44
16 63
16 130
16 225
17 19
17 26
17 30
17 39
17 52
17 55
17 125
18 27
18 54
18 63
18 91
18 130
18 208
18 218
19 39
19 50
19 55
19 125
20 32
20 33
20 38
20 41
20 65
20 73
20 111
20 139
21 22
21 37
21 40
21 49
21 66
21 72
21 78
21 139
21 204
21 222
22 28
22 37
22 42
22 49
22 66
22 72
23 24
23 29
23 46
23 59
23 152
23 158
24 29
24 40
24 53
24 57
24 61
24 127
24 129
24 152
24 158
25 35
25 43
25 44
25 48
25 71
25 120
26 30
26 39
26 45
26 58
26 75
26 84
26 103
26 105
27 36
27 54
27 81
27 91
27 145
27 154
28 37
28 42
28 49
28 60
28 68
28 140
28 196
29 46
29 53
29 59
29 61
29 82
29 83
29 152
29 158
30 45
30 55
30 74
30 79
30 103
30 117
30 141
30 198
31 47
31 51
31 80
31 133
31 218
31 219
32 33
32 38
32 65
32 94
32 111
32 142
33 41
33 65
33 70
33 73
33 136
33 143
33 179
34 38
34 69
34 95
34 146
34 150
34 221
35 44
35 48
35 64
35 90
35 110
35 114
36 76
36 102
36 119
36 154
36 155
37 68
37 78
37 139
37 140
37 222
38 41
38 78
38 111
38 150
38 220
38 224
39 50
39 52
39 58
39 75
40 57
40 72
40 222
41 73
41 78
41 139
41 143
42 49
42 60
42 62
42 67
42 100
42 107
43 48
43 71
43 120
43 168
44 63
44 64
44 90
44 99
44 110
44 225
45 58
45 74
45 79
45 84
45 103
45 105
45 183
45 209
46 53
46 59
46 83
46 96
46 137
46 158
46 194
47 108
47 218
47 219
48 64
48 77
48 114
48 120
48 168
49 66
49 67
49 122
49 171
50 52
50 63
50 71
50 130
51 80
51 92
52 58
52 75
53 61
53 82
53 83
53 93
53 152
53 158
53 187
54 91
54 130
54 145
54 208
55 117
55 125
55 141
56 109
56 150
56 184
56 220
56 221
56 224
56 226
57 127
57 129
58 75
58 84
58 105
59 137
59 186
59 194
60 62
60 68
60 107
60 121
60 196
61 82
61 89
61 129
61 152
61 158
61 172
62 67
62 86
62 100
62 107
62 161
63 130
63 203
63 225
64 77
64 87
64 90
64 101
64 114
65 70
65 88
65 94
65 97
65 179
66 72
66 122
66 171
66 204
67 100
67 122
67 134
67 181
68 140
68 196
69 95
69 112
69 146
69 221
69 223
70 73
70 88
70 97
70 136
70 143
70 175
70 179
72 78
72 139
72 204
72 222
73 139
73 143
73 182
74 79
74 103
74 117
74 128
74 198
75 105
75 201
76 102
76 119
76 154
77 87
77 114
77 115
77 120
77 138
78 139
78 150
78 220
78 222
78 224
79 103
79 123
79 147
79 183
79 209
80 133
80 206
80 218
80 219
81 91
81 106
81 118
81 154
82 85
82 152
82 158
82 172
82 187
83 93
83 96
83 158
83 187
84 98
84 105
84 159
84 183
85 148
85 172
85 189
85 202
86 107
86 135
86 161
86 178
87 101
87 114
87 115
87 116
87 149
88 94
88 97
88 126
88 179
89 129
89 165
90 99
90 101
90 110
91 106
91 145
91 154
92 104
93 96
93 132
93 160
93 187
94 126
94 142
94 179
94 199
95 112
95 131
95 146
95 223
96 169
96 194
97 124
97 136
97 179
97 180
98 151
98 183
98 188
98 209
99 101
99 110
100 113
100 122
100 134
100 161
101 114
101 116
102 119
102 155
103 117
103 147
103 183
104 207
105 159
106 145
106 153
107 121
107 157
109 184
110 225
111 142
112 197
112 223
113 161
113 177
114 115
114 120
115 149
115 190
116 156
117 128
117 141
117 198
119 195
120 138
120 168
120 216
121 157
121 196
122 134
122 171
123 147
123 170
123 192
123 209
124 174
124 180
126 144
127 129
128 191
128 198
129 158
130 208
132 160
132 162
132 164
133 206
134 181
135 178
136 143
136 175
137 186
137 194
138 205
139 222
140 196
142 199
143 182
145 208
145 215
146 150
146 176
147 170
147 183
147 209
148 189
148 202
148 210
149 167
149 190
150 220
150 224
151 188
152 158
155 218
157 193
159 185
160 164
160 187
161 177
162 164
162 213
162 214
163 170
163 192
164 213
167 190
168 216
170 192
172 189
172 202
174 180
175 212
177 211
179 180
183 188
183 209
188 209
189 202
189 210
195 200
203 225
213 214
218 219
220 221
220 224
220 226
221 223
221 224
