1 2
1 3
1 4
1 5
1 6
1 7
1 10
1 14
1 27
1 40
1 48
1 55
1 63
1 66
1 67
1 70
1 80
1 86
1 239
1 240
1 247
1 248
1 252
1 253
1 256
1 257
1 259
1 664
1 674
1 719
1 845
1 924
1 935
1 942
1 948
1 955
1 956
1 973
1 1029
1 1034
2 3
2 4
2 8
2 11
2 15
2 24
2 26
2 55
2 80
2 86
2 248
2 252
2 256
2 259
2 451
2 943
2 951
2 957
2 963
2 1017
3 7
3 9
3 13
3 24
3 26
3 27
3 40
3 66
3 80
3 86
3 248
3 252
3 259
3 845
3 924
3 933
3 936
3 952
3 957
3 1017
3 1029
4 5
4 10
4 11
4 17
4 19
4 48
4 52
4 55
4 67
4 80
4 86
4 239
4 248
4 249
4 256
4 259
4 943
4 946
4 955
4 961
4 971
4 973
5 6
5 10
5 12
5 14
5 25
5 48
5 57
5 67
5 131
5 239
5 257
5 259
5 528
5 896
5 932
5 942
5 955
5 973
6 14
6 18
6 25
6 29
6 57
6 67
6 114
6 147
6 257
6 674
6 896
6 932
6 939
6 942
6 978
6 1034
7 16
7 27
7 40
7 47
7 63
7 66
7 82
7 86
7 247
7 845
7 924
7 934
7 936
7 948
7 952
7 960
7 1020
7 1029
8 15
8 20
8 23
8 24
8 26
8 55
8 80
8 86
8 157
8 248
8 252
8 256
8 933
8 951
8 957
8 980
8 1000
8 1001
9 13
9 21
9 26
9 38
9 40
9 66
9 79
9 86
9 248
9 252
9 451
9 933
9 936
9 947
9 952
9 1014
9 1017
10 12
10 19
10 22
10 25
10 48
10 64
10 67
10 239
10 249
10 257
10 259
10 896
10 942
10 953
10 955
10 971
10 973
11 17
11 19
11 28
11 46
11 48
11 52
11 55
11 80
11 179
11 239
11 249
11 255
11 256
11 259
11 652
11 885
11 937
11 943
11 946
11 961
11 963
11 971
12 22
12 25
12 34
12 37
12 64
12 67
12 131
12 257
12 940
12 942
12 953
12 954
12 955
12 973
12 993
13 21
13 40
13 51
13 66
13 138
13 659
13 843
13 936
13 947
13 952
13 960
13 999
13 1014
13 1017
14 42
14 67
14 70
14 114
14 147
14 198
14 664
14 674
14 901
14 939
14 942
14 978
14 1034
15 20
15 23
15 24
15 41
15 55
15 84
15 152
15 248
15 252
15 256
15 259
15 937
15 945
15 946
15 951
15 989
15 1000
16 35
16 40
16 45
16 47
16 61
16 69
16 82
16 247
16 845
16 936
16 952
16 982
16 995
16 997
16 1020
17 19
17 28
17 31
17 33
17 46
17 60
17 165
17 255
17 652
17 885
17 943
17 958
17 961
17 971
18 29
18 36
18 57
18 58
18 114
18 151
18 608
18 674
18 932
18 942
18 972
18 978
19 28
19 31
19 48
19 60
19 165
19 182
19 249
19 502
19 885
19 928
19 943
19 953
19 958
19 961
19 971
20 23
20 24
20 30
20 39
20 41
20 152
20 237
20 256
20 478
20 951
20 980
20 1000
21 26
21 32
21 38
21 51
21 53
21 74
21 235
21 601
21 659
21 947
21 952
21 1014
21 1017
22 34
22 37
22 54
22 64
22 127
22 131
22 245
22 249
22 929
22 953
22 954
22 955
23 24
23 30
23 50
23 117
23 157
23 237
23 931
23 951
23 980
23 1001
24 26
24 50
24 86
24 157
24 218
24 252
24 931
24 933
24 951
24 957
24 1001
24 1017
25 67
25 85
25 131
25 257
25 260
25 528
25 932
25 940
25 942
25 954
25 955
25 993
26 38
26 79
26 86
26 248
26 252
26 451
26 933
26 951
26 952
26 987
26 1014
26 1017
27 44
27 63
27 178
27 240
27 247
27 253
27 258
27 719
27 845
27 934
27 935
27 948
27 983
27 1020
27 1029
28 46
28 52
28 56
28 165
28 179
28 255
28 256
28 501
28 652
28 937
28 946
28 961
28 979
28 1002
29 36
29 57
29 58
29 92
29 135
29 151
29 224
29 257
29 932
29 970
29 978
29 993
30 39
30 50
30 65
30 68
30 102
30 117
30 152
30 157
30 237
30 238
30 478
30 606
30 980
30 1000
31 33
31 46
31 49
31 60
31 81
31 120
31 165
31 502
31 885
31 949
31 958
31 961
32 51
32 53
32 71
32 76
32 110
32 140
32 235
32 601
32 659
32 1015
33 46
33 49
33 56
33 72
33 87
33 89
33 113
33 165
33 236
33 300
33 332
33 382
34 37
34 59
34 83
34 96
34 131
34 166
34 260
34 627
34 940
34 954
34 985
34 998
35 45
35 47
35 61
35 62
35 69
35 78
35 850
35 867
35 982
35 1009
36 43
36 112
36 114
36 151
36 608
36 972
36 978
37 54
37 59
37 83
37 115
37 131
37 166
37 660
37 954
37 985
37 1013
38 53
38 74
38 79
38 183
38 225
38 235
38 783
38 933
38 984
38 987
38 1014
38 1017
38 1026
39 41
39 68
39 73
39 95
39 102
39 141
39 152
39 237
39 238
39 478
39 606
39 980
39 992
39 1000
40 61
40 66
40 82
40 611
40 845
40 924
40 936
40 947
40 952
40 982
40 1029
41 55
41 73
41 84
41 95
41 152
41 181
41 214
41 256
41 937
41 945
41 946
41 989
41 992
41 1000
41 1019
42 111
42 147
42 193
42 198
42 531
42 666
42 939
42 941
43 92
43 109
43 112
43 151
43 499
43 950
43 968
44 63
44 77
44 168
44 251
44 258
44 552
44 934
44 983
44 994
44 1020
45 47
45 62
45 78
45 142
45 250
45 254
45 850
45 986
45 1009
46 56
46 113
46 165
46 179
46 236
46 255
46 382
46 652
46 885
46 961
46 990
47 61
47 247
47 250
47 254
47 934
47 936
47 982
47 986
47 1009
47 1020
48 60
48 182
48 239
48 249
48 259
48 502
48 885
48 928
48 953
48 955
48 971
48 973
49 81
49 89
49 120
49 165
49 186
49 332
49 357
49 382
49 949
49 958
49 1005
50 65
50 117
50 146
50 157
50 485
50 606
50 907
50 931
50 980
50 988
50 1001
50 1031
51 138
51 140
51 149
51 511
51 659
51 923
51 947
51 991
51 999
51 1015
52 80
52 179
52 220
52 255
52 256
52 501
52 652
52 937
52 946
52 961
52 963
52 1002
53 71
53 74
53 76
53 106
53 110
53 121
53 235
53 601
53 659
53 1014
53 1026
54 59
54 64
54 99
54 115
54 127
54 191
54 206
54 245
54 929
54 1013
55 80
55 84
55 248
55 256
55 259
55 937
55 943
55 945
55 946
55 961
55 1025
56 93
56 113
56 179
56 236
56 255
56 276
56 410
56 484
56 652
56 979
56 990
57 58
57 67
57 135
57 224
57 257
57 896
57 932
57 970
57 993
58 90
58 92
58 135
58 151
58 169
58 519
58 970
59 83
59 105
59 108
59 115
59 166
59 241
59 472
59 660
59 985
60 81
60 165
60 180
60 182
60 249
60 502
60 885
60 928
60 949
60 953
60 958
60 961
60 971
61 69
61 82
61 184
61 219
61 850
61 867
61 982
61 995
62 69
62 78
62 132
62 144
62 176
62 508
62 624
62 850
62 867
62 1004
62 1009
63 168
63 247
63 258
63 552
63 845
63 934
63 948
63 994
63 1020
64 127
64 206
64 239
64 249
64 602
64 929
64 953
64 955
64 971
65 68
65 88
65 91
65 102
65 117
65 125
65 185
65 237
65 238
65 478
65 481
65 606
65 980
66 86
66 138
66 252
66 843
66 936
66 947
66 952
66 957
66 960
66 1017
66 1029
67 239
67 257
67 259
67 674
67 896
67 932
67 942
67 955
67 973
67 1034
68 73
68 75
68 88
68 95
68 100
68 102
68 122
68 141
68 152
68 237
68 238
68 478
68 557
68 606
69 82
69 132
69 158
69 176
69 184
69 219
69 626
69 850
69 867
69 982
69 995
70 156
70 198
70 664
70 901
70 938
70 956
70 1034
71 103
71 106
71 110
71 121
71 136
71 235
71 244
71 278
71 379
71 488
71 601
71 769
71 1026
72 87
72 89
72 98
72 113
72 134
72 186
72 236
72 246
72 300
72 368
72 382
72 435
73 84
73 95
73 152
73 160
73 181
73 214
73 347
73 427
73 450
73 478
73 945
73 967
73 989
73 992
73 1000
73 1019
74 79
74 106
74 161
74 183
74 225
74 235
74 287
74 379
74 601
74 649
74 783
74 984
74 1014
74 1026
75 88
75 95
75 100
75 102
75 104
75 122
75 141
75 155
75 194
75 238
75 243
75 377
75 384
75 557
76 101
76 110
76 136
76 140
76 172
76 601
76 659
76 836
76 923
76 1015
76 1021
77 119
77 139
77 168
77 251
77 258
77 426
77 618
77 994
78 116
78 142
78 144
78 171
78 254
78 508
78 850
78 1004
78 1009
78 1024
79 183
79 225
79 248
79 252
79 451
79 783
79 933
79 951
79 987
79 1014
80 86
80 239
80 248
80 252
80 256
80 259
80 501
80 937
80 943
80 946
80 963
81 120
81 180
81 197
81 357
81 502
81 885
81 949
81 958
81 1005
82 184
82 219
82 611
82 924
82 936
82 947
82 952
82 982
82 995
83 96
83 166
83 260
83 411
83 627
83 660
83 954
83 985
83 998
84 181
84 214
84 256
84 943
84 945
84 946
84 1019
84 1025
85 131
85 232
85 257
85 260
85 528
85 627
85 932
85 940
85 942
85 962
86 248
86 252
86 256
86 259
86 933
86 951
86 952
86 957
86 1017
86 1029
87 89
87 93
87 98
87 113
87 230
87 236
87 246
87 276
87 300
87 368
87 382
87 435
87 484
87 607
87 990
88 91
88 100
88 102
88 104
88 129
88 141
88 185
88 238
88 243
88 338
88 481
88 557
88 606
89 94
89 113
89 120
89 134
89 165
89 186
89 300
89 332
89 382
89 435
89 873
90 92
90 97
90 151
90 169
90 196
90 269
90 363
90 499
90 519
91 125
91 148
91 185
91 262
91 338
91 447
91 481
91 591
91 604
91 780
91 907
92 97
92 151
92 499
92 519
92 950
93 113
93 179
93 202
93 236
93 276
93 410
93 483
93 484
93 652
93 979
93 990
93 1028
94 124
94 128
94 134
94 154
94 186
94 291
94 300
94 326
94 332
94 350
94 435
94 873
95 102
95 122
95 141
95 152
95 160
95 181
95 207
95 347
95 427
95 478
95 967
95 992
95 1019
96 143
96 166
96 260
96 303
96 411
96 509
96 627
96 975
96 998
97 174
97 265
97 269
97 363
97 383
97 499
97 1033
98 134
98 167
98 230
98 246
98 264
98 276
98 290
98 291
98 300
98 368
98 378
98 435
98 607
99 115
99 127
99 191
99 212
99 241
99 245
99 407
99 445
99 474
99 500
99 581
100 102
100 104
100 122
100 129
100 141
100 194
100 243
100 274
100 338
100 377
100 384
100 557
101 136
101 150
101 170
101 172
101 277
101 286
101 316
101 480
101 497
101 625
101 819
101 836
101 1021
102 117
102 129
102 141
102 238
102 478
102 481
102 606
103 110
103 121
103 136
103 150
103 278
103 286
103 409
103 488
103 522
103 625
103 746
103 769
103 836
104 129
104 133
104 194
104 217
104 243
104 274
104 308
104 318
104 324
104 338
104 377
104 384
104 557
104 734
105 108
105 115
105 126
105 166
105 189
105 241
105 315
105 341
105 472
105 474
105 581
105 660
106 110
106 121
106 161
106 235
106 244
106 287
106 379
106 385
106 601
106 1026
107 111
107 130
107 348
107 617
107 941
107 1027
108 137
108 143
108 166
108 173
108 315
108 341
108 358
108 411
108 472
108 660
108 981
109 112
109 175
109 345
109 349
109 950
109 968
110 121
110 136
110 172
110 488
110 601
110 769
110 836
111 193
111 198
111 348
111 617
111 666
111 941
111 959
112 114
112 151
112 345
112 608
112 944
112 972
113 165
113 236
113 276
113 300
113 382
113 484
113 652
113 990
114 147
114 198
114 608
114 932
114 939
114 972
114 978
115 127
115 191
115 241
115 245
115 407
115 472
115 474
115 660
115 1013
116 144
116 159
116 171
116 284
116 292
116 498
116 508
116 624
116 1004
116 1016
117 125
117 146
117 185
117 188
117 604
117 606
117 780
117 907
117 980
117 988
117 1031
118 132
118 176
118 177
118 208
118 223
118 292
118 373
118 386
118 465
118 495
118 613
118 624
118 632
119 139
119 168
119 213
119 560
119 561
119 618
119 715
119 717
120 124
120 197
120 301
120 332
120 357
120 630
120 873
120 949
120 1005
120 1012
121 123
121 244
121 278
121 287
121 321
121 379
121 385
121 467
121 488
121 601
121 769
121 1026
122 141
122 155
122 194
122 207
122 347
122 351
122 370
122 377
122 427
122 557
122 967
123 195
123 209
123 244
123 278
123 287
123 321
123 360
123 385
123 467
123 488
123 522
123 526
123 746
123 827
124 186
124 190
124 301
124 326
124 332
124 342
124 350
124 357
124 546
124 630
124 873
124 1005
124 1012
125 146
125 185
125 188
125 221
125 262
125 481
125 604
125 606
125 780
125 907
126 163
126 189
126 212
126 241
126 280
126 315
126 407
126 418
126 472
126 474
126 581
126 654
127 191
127 206
127 245
127 445
127 602
127 929
127 1013
128 134
128 153
128 154
128 264
128 291
128 299
128 354
128 378
128 389
128 594
128 646
129 133
129 185
129 217
129 243
129 274
129 275
129 318
129 324
129 338
129 447
129 481
129 600
130 164
130 344
130 348
130 941
130 1027
131 257
131 260
131 528
131 627
131 932
131 940
131 942
131 954
131 955
131 993
131 998
132 144
132 176
132 292
132 495
132 508
132 624
132 626
132 850
132 867
133 192
133 217
133 271
133 274
133 275
133 308
133 318
133 381
133 384
133 734
134 154
134 186
134 264
134 291
134 300
134 378
134 435
135 151
135 169
135 224
135 404
135 519
135 686
135 774
135 970
135 993
136 150
136 172
136 286
136 488
136 497
136 625
136 769
136 836
137 173
137 203
137 266
137 315
137 341
137 355
137 358
137 678
137 981
137 1030
138 149
138 511
138 659
138 843
138 936
138 947
138 952
138 960
138 991
138 997
138 999
139 213
139 251
139 412
139 426
139 460
139 618
140 149
140 162
140 172
140 367
140 659
140 836
140 923
140 999
140 1015
140 1021
141 152
141 194
141 347
141 370
141 377
141 427
141 478
141 967
142 171
142 254
142 462
142 508
142 930
142 1009
142 1024
143 166
143 187
143 303
143 358
143 411
143 975
143 981
143 1003
144 159
144 292
144 498
144 508
144 624
144 1004
144 1009
145 150
145 204
145 261
145 263
145 272
145 319
145 409
145 461
145 522
145 599
145 603
145 625
145 647
146 157
146 188
146 438
146 485
146 604
146 780
146 907
146 988
146 1001
146 1011
146 1031
147 193
147 198
147 531
147 674
147 939
147 972
147 978
148 185
148 200
148 262
148 282
148 324
148 337
148 338
148 447
148 591
148 600
148 633
148 639
149 162
149 172
149 367
149 511
149 659
149 923
149 999
149 1015
150 263
150 278
150 286
150 319
150 409
150 428
150 522
150 625
150 769
151 519
151 970
152 181
152 237
152 427
152 478
152 992
152 1000
152 1019
153 154
153 229
153 285
153 299
153 335
153 354
153 594
153 642
154 264
154 285
154 291
154 299
154 326
154 350
154 354
154 873
155 194
155 199
155 274
155 308
155 351
155 359
155 370
155 377
155 380
155 384
155 609
155 882
156 417
156 893
156 901
156 938
156 956
156 1034
157 218
157 485
157 931
157 951
157 957
157 980
157 988
157 1001
158 176
158 184
158 208
158 433
158 458
158 495
158 613
158 626
158 867
158 889
159 205
159 223
159 284
159 292
159 465
159 498
159 583
159 624
159 1016
160 181
160 207
160 214
160 347
160 427
160 443
160 450
160 967
160 992
160 1019
161 183
161 209
161 225
161 287
161 379
161 406
161 456
161 595
161 649
161 783
161 1026
162 172
162 277
162 367
162 521
162 819
162 923
162 1021
163 189
163 228
163 266
163 280
163 295
163 315
163 341
163 355
163 364
163 418
163 622
163 654
164 344
164 470
165 236
165 382
165 652
165 885
165 949
165 958
165 961
166 411
166 472
166 660
166 981
166 985
167 216
167 230
167 264
167 290
167 306
167 368
167 378
167 455
167 598
167 646
168 552
168 561
168 618
168 715
168 717
168 994
169 196
169 304
169 404
169 519
169 686
169 774
170 263
170 268
170 277
170 286
170 316
170 352
170 480
170 497
170 658
170 820
171 222
171 462
171 498
171 508
171 770
171 1008
171 1024
172 277
172 497
172 819
172 836
172 923
172 1015
172 1021
173 203
173 266
173 341
173 343
173 346
173 358
173 678
173 1030
174 265
174 356
174 363
174 383
174 503
174 1033
175 226
175 349
175 398
175 453
176 208
176 386
176 495
176 613
176 624
176 626
176 632
176 867
177 215
177 223
177 292
177 309
177 373
177 386
177 495
177 612
177 632
177 841
178 240
178 253
178 424
178 693
178 935
178 964
178 983
179 220
179 255
179 410
179 501
179 652
179 937
179 979
179 990
179 1002
179 1028
180 197
180 357
180 502
180 615
181 214
181 427
181 450
181 945
181 992
181 1019
182 249
182 502
182 928
182 953
182 955
182 973
183 225
183 235
183 406
183 649
183 783
183 984
183 987
183 1026
184 219
184 433
184 626
184 777
184 867
184 995
185 262
185 324
185 338
185 447
185 481
185 780
186 300
186 332
186 350
186 382
186 435
186 873
187 303
187 346
187 358
187 372
187 411
187 442
187 975
187 1003
188 221
188 262
188 438
188 486
188 604
188 780
188 907
188 1011
188 1031
189 241
189 295
189 315
189 341
189 355
189 418
189 472
189 581
189 654
190 210
190 301
190 326
190 342
190 350
190 387
190 517
190 546
190 629
190 630
190 873
190 1012
190 1032
191 206
191 245
191 445
191 474
191 500
192 233
192 267
192 271
192 275
192 318
192 365
192 542
193 198
193 281
193 531
193 677
193 941
193 978
194 274
194 308
194 351
194 370
194 377
194 384
194 557
195 211
195 272
195 278
195 321
195 339
195 360
195 409
195 428
195 522
195 526
195 599
195 746
195 827
196 304
196 363
196 404
196 444
196 519
197 231
197 301
197 357
197 615
197 630
197 875
198 666
198 674
198 938
198 939
198 1034
199 274
199 297
199 308
199 359
199 370
199 371
199 380
199 609
199 695
199 882
200 282
200 289
200 337
200 437
200 447
200 639
200 895
201 336
202 276
202 329
202 331
202 368
202 410
202 483
202 484
202 607
202 872
202 876
203 266
203 288
203 343
203 415
203 421
203 678
203 712
204 261
204 272
204 305
204 336
204 461
204 463
204 603
204 647
205 284
205 328
205 465
205 482
205 583
206 245
206 445
206 602
206 812
206 929
207 347
207 351
207 359
207 370
207 427
207 443
207 564
207 813
207 967
208 386
208 458
208 495
208 613
208 626
208 632
208 656
208 683
208 889
209 287
209 360
209 379
209 385
209 406
209 456
209 467
209 582
209 595
209 762
209 853
210 285
210 326
210 354
210 387
210 510
210 546
210 584
211 272
211 305
211 339
211 428
211 464
211 562
211 681
212 241
212 407
212 445
212 474
212 493
212 500
212 581
212 863
213 334
213 412
213 560
213 561
213 618
213 619
213 673
213 717
214 450
214 877
214 945
214 1019
214 1025
215 273
215 309
215 373
215 459
215 672
215 680
215 841
216 227
216 264
216 270
216 306
216 389
216 455
216 646
217 242
217 275
217 318
217 324
217 337
217 338
217 447
217 600
217 734
218 485
218 839
218 931
218 957
218 1001
218 1017
219 433
219 611
219 777
219 982
219 995
220 410
220 501
220 849
220 979
220 1002
220 1028
221 262
221 438
221 486
221 490
221 591
221 604
221 780
221 1011
222 284
222 462
222 498
222 576
222 770
222 1008
223 292
223 309
223 465
223 583
223 624
224 257
224 686
224 774
224 896
224 970
224 993
225 451
225 649
225 783
225 860
225 987
227 293
227 306
227 492
227 742
228 234
228 280
228 295
228 364
228 395
228 572
228 622
228 654
229 307
229 325
229 335
229 391
229 505
229 642
229 781
230 276
230 290
230 306
230 368
230 598
230 607
230 876
231 301
231 342
231 615
231 630
231 768
231 875
232 260
232 528
232 627
232 855
232 940
232 962
233 267
233 294
233 365
233 369
233 657
233 773
234 295
234 333
234 395
234 535
234 572
234 622
234 675
235 379
235 601
235 984
235 1014
235 1026
236 246
236 382
236 484
236 652
236 979
236 990
237 238
237 478
237 606
237 980
237 1000
238 243
238 481
238 557
238 606
239 249
239 259
239 602
239 955
239 971
240 253
240 258
240 693
240 719
240 935
240 983
241 407
241 472
241 474
241 581
241 654
241 660
242 384
242 557
242 600
242 734
243 338
243 481
243 557
244 278
244 287
244 379
244 385
244 488
244 601
244 746
244 827
245 445
245 929
245 1013
246 368
246 382
246 435
246 484
246 876
247 250
247 253
247 845
247 927
247 934
247 948
247 976
247 986
247 1020
247 1029
248 252
248 256
248 259
248 451
248 933
248 951
248 1017
249 602
249 885
249 928
249 929
249 953
249 955
249 971
249 973
250 254
250 927
250 934
250 976
250 986
250 1020
251 258
251 426
251 966
251 1006
252 256
252 451
252 931
252 933
252 951
252 952
252 957
252 1014
252 1017
253 258
253 935
253 948
253 969
253 983
254 927
254 930
254 986
254 1024
255 256
255 652
255 937
255 943
255 945
255 946
255 961
255 979
255 989
255 1002
256 259
256 937
256 943
256 945
256 946
256 963
256 989
256 1000
256 1002
257 528
257 896
257 932
257 940
257 942
257 954
257 955
257 970
257 993
258 934
258 966
258 969
258 983
258 1006
259 943
259 946
259 973
259 1025
260 627
260 940
260 962
260 998
261 263
261 313
261 319
261 352
261 414
261 480
261 539
261 569
261 605
261 834
262 282
262 447
262 591
262 604
262 633
262 780
263 286
263 319
263 352
263 409
263 480
263 497
263 625
263 834
264 270
264 291
264 299
264 378
264 389
264 455
264 594
264 646
265 269
265 283
265 298
265 383
265 974
266 288
266 315
266 341
266 355
266 364
266 415
266 421
266 678
267 275
267 294
267 318
267 337
267 408
267 437
267 452
267 542
267 597
267 747
268 302
268 316
268 658
268 820
269 383
269 499
269 950
269 968
269 974
270 279
270 299
270 307
270 325
270 389
270 448
270 455
270 505
270 594
270 642
270 646
270 868
271 274
271 297
271 308
271 318
271 327
271 365
271 381
271 668
271 734
272 278
272 305
272 321
272 409
272 428
272 461
272 522
272 562
272 599
272 603
272 647
272 746
273 309
273 312
273 465
273 475
273 482
273 575
273 583
273 644
273 725
274 297
274 308
274 377
274 384
275 318
275 324
275 337
275 338
275 408
275 437
275 447
275 542
275 597
275 600
276 368
276 410
276 483
276 484
276 607
276 876
276 990
277 316
277 497
277 819
277 836
277 923
277 1021
278 321
278 409
278 428
278 488
278 522
278 599
278 746
278 769
279 307
279 325
279 366
279 448
279 491
279 505
279 556
279 570
279 589
279 642
279 866
279 868
280 295
280 395
280 418
280 504
280 581
280 622
280 654
281 296
281 941
281 1027
282 289
282 494
282 591
282 633
282 639
282 895
282 925
283 298
283 320
283 454
283 529
284 328
284 440
284 498
284 1016
285 310
285 326
285 335
285 354
285 361
285 510
285 546
285 584
286 319
286 480
286 497
286 625
287 360
287 379
287 385
287 456
287 467
287 1026
288 317
288 353
288 415
288 421
288 538
288 678
288 712
289 323
289 494
289 639
289 740
289 815
289 871
289 895
289 925
290 306
290 368
290 439
290 598
290 607
290 833
290 876
291 299
291 300
291 326
291 378
291 435
291 455
291 594
292 309
292 465
292 624
293 492
293 567
293 716
293 720
293 741
293 808
293 828
293 846
294 311
294 397
294 408
294 452
294 542
294 645
294 657
294 747
294 753
294 796
295 395
295 418
295 504
295 572
295 622
295 654
296 536
296 1027
297 308
297 327
297 365
297 514
298 320
298 529
299 307
299 325
299 389
299 455
299 594
299 642
299 646
300 332
300 382
300 435
300 873
301 342
301 357
301 517
301 630
301 1012
302 489
302 658
302 832
303 372
303 442
303 509
303 975
303 1003
303 1022
304 363
304 404
304 444
304 566
304 676
304 718
305 336
305 388
305 428
305 461
305 463
305 562
305 603
305 647
306 439
306 492
306 598
306 742
306 833
307 325
307 505
307 589
307 642
307 646
308 381
308 384
308 557
308 734
308 882
309 465
309 482
309 583
310 335
310 361
310 391
310 441
310 506
310 510
310 584
310 759
310 791
311 397
311 468
311 551
311 645
311 657
311 669
312 475
312 507
312 532
312 575
312 725
313 314
313 330
313 413
313 414
313 473
313 539
313 569
313 579
313 739
314 330
314 473
314 549
314 579
314 653
314 811
315 341
315 355
315 364
315 678
316 497
316 658
316 819
316 820
317 353
317 392
317 394
317 415
317 525
317 538
317 655
317 859
318 324
318 437
318 542
319 352
319 461
319 480
319 569
319 834
320 449
320 454
320 529
320 571
321 360
321 409
321 428
321 467
321 522
321 526
321 746
321 769
322 328
322 390
322 419
322 563
323 590
323 800
323 815
323 871
323 895
323 925
324 337
324 338
324 437
324 447
324 600
325 366
325 389
325 448
325 505
325 556
325 570
325 594
325 642
325 646
325 868
326 332
326 350
326 354
326 546
326 873
327 362
327 365
327 381
327 432
327 668
328 390
328 419
328 440
329 331
329 410
329 483
329 665
329 872
330 473
330 539
330 579
330 653
331 483
331 665
331 872
332 350
332 357
332 630
332 873
332 1005
332 1012
333 395
333 535
333 568
333 572
333 622
333 675
333 792
334 374
334 412
334 518
334 619
334 1007
335 354
335 361
335 391
335 510
335 642
335 781
335 791
336 388
336 463
336 487
336 614
336 647
336 689
336 738
336 824
336 842
336 881
337 338
337 408
337 437
337 447
337 597
337 600
338 447
338 481
338 600
339 360
339 434
339 464
339 476
339 526
339 573
339 582
339 641
339 681
339 827
339 852
340 399
340 470
340 540
340 690
340 870
341 355
341 472
341 678
342 387
342 517
342 629
342 630
342 1012
343 346
343 396
343 585
343 712
344 348
344 470
344 540
345 349
345 944
346 358
346 585
347 351
347 370
347 427
347 443
347 967
348 617
349 398
350 354
350 546
350 873
350 1012
351 359
351 370
351 377
351 609
351 813
351 882
351 967
352 414
352 480
352 539
352 569
352 605
352 834
353 364
353 392
353 394
353 415
353 421
353 469
353 538
353 814
353 859
353 864
354 361
354 510
354 546
354 584
354 594
355 364
355 421
355 654
355 678
356 363
356 401
356 444
356 446
356 503
356 1033
357 630
357 949
357 958
357 1005
358 411
358 981
358 1030
359 370
359 380
359 609
359 813
359 882
360 385
360 434
360 467
360 526
360 582
360 641
360 827
361 391
361 420
361 441
361 506
361 510
361 584
361 781
361 791
362 365
362 369
362 430
362 432
362 514
362 527
362 553
362 623
362 638
362 685
362 773
362 899
363 383
363 444
363 1033
364 415
364 421
364 469
364 678
364 864
365 369
365 381
365 432
365 514
365 668
365 773
366 491
366 505
366 534
366 554
366 556
366 570
366 589
366 637
366 866
367 511
367 521
367 923
368 484
368 598
368 607
368 876
369 430
369 432
369 514
369 527
369 553
369 685
369 773
369 879
370 377
370 609
370 813
370 967
371 380
371 512
371 555
371 679
371 687
371 695
371 857
372 376
372 442
372 496
372 1003
373 386
373 459
373 612
373 632
373 656
373 841
374 516
374 518
374 619
374 643
375 393
375 416
375 420
375 441
375 506
375 513
375 635
375 874
375 887
376 496
377 967
378 389
378 435
378 594
378 646
379 385
379 406
379 1026
380 555
380 609
380 695
380 882
381 384
381 668
381 734
382 435
383 499
383 974
383 1033
384 557
384 734
385 434
385 467
385 827
386 495
386 612
386 613
386 632
386 656
387 403
387 515
387 517
387 629
387 759
387 1032
388 463
388 487
388 559
388 614
388 647
388 689
388 824
389 448
389 594
389 642
389 646
390 419
390 523
390 563
390 795
391 420
391 441
391 506
391 781
391 791
391 874
392 394
392 415
392 436
392 469
392 538
392 814
392 859
392 864
393 416
393 420
393 506
393 513
393 586
393 596
393 635
393 791
393 887
394 436
394 525
394 538
394 543
394 655
394 814
394 837
394 859
395 504
395 572
395 622
396 402
396 471
396 585
396 712
397 452
397 551
397 645
397 657
397 694
397 747
397 753
397 796
398 453
399 400
399 520
399 690
399 870
400 520
400 577
400 690
401 446
401 503
401 537
401 663
402 471
402 545
402 869
403 515
403 578
403 684
403 759
403 816
404 686
404 718
404 774
405 453
405 565
405 711
406 456
406 595
406 649
406 762
407 418
407 474
407 581
407 654
408 437
408 452
408 597
408 634
408 747
409 428
409 461
409 488
409 522
409 599
409 625
409 647
409 746
410 483
410 979
410 1028
411 472
411 660
411 975
411 981
412 460
412 618
412 619
412 1007
413 414
413 473
413 539
413 569
413 579
413 739
413 880
414 539
414 569
414 579
414 605
414 739
414 834
415 421
415 469
415 538
415 864
416 420
416 441
416 513
416 635
416 781
416 798
416 874
416 887
417 422
417 616
417 667
417 893
418 504
418 581
418 654
419 440
420 441
420 506
420 586
420 635
420 781
420 791
420 874
420 887
421 538
421 678
421 864
422 530
422 616
422 667
423 457
423 460
423 651
423 965
424 425
424 693
424 964
424 996
425 760
425 996
426 460
426 618
426 965
426 966
426 1006
427 443
427 450
427 967
427 1019
428 461
428 522
428 562
428 647
429 457
429 588
429 631
430 527
430 533
430 623
430 636
430 638
430 685
430 779
430 879
430 899
431 466
431 726
431 807
432 553
432 668
432 793
432 809
433 458
433 626
433 777
433 867
433 889
433 995
434 464
434 526
434 573
434 582
434 641
434 827
434 852
436 543
436 661
436 814
436 837
436 859
437 447
437 452
437 542
438 485
438 486
438 1011
438 1031
439 492
439 742
439 828
439 833
440 498
441 506
441 791
441 874
442 496
442 1003
443 450
443 564
443 813
443 1019
444 566
444 676
445 474
445 500
445 863
446 503
446 537
446 663
447 591
447 600
448 556
448 731
449 454
449 571
450 1019
451 933
451 951
451 987
452 542
452 645
452 747
452 796
453 711
455 646
456 595
456 649
456 762
456 853
457 588
457 651
458 495
458 656
458 683
458 763
458 889
459 592
459 672
459 680
459 841
460 965
460 1006
460 1007
461 463
461 522
461 562
461 647
462 770
462 1008
462 1024
463 487
463 647
463 824
464 476
464 544
464 573
464 641
464 681
464 682
464 852
465 482
465 583
465 624
466 487
466 559
466 614
466 726
466 842
467 526
467 582
468 551
468 593
468 669
468 830
469 814
469 864
470 540
470 870
471 585
472 660
472 985
473 579
473 653
473 811
473 880
474 500
474 581
475 482
475 507
475 575
475 583
475 644
475 725
475 844
476 526
476 573
476 582
476 641
477 491
477 547
477 637
477 802
477 891
478 606
479 790
480 497
480 605
480 625
480 834
481 600
481 606
482 583
482 644
482 725
483 979
484 876
484 990
485 839
485 931
485 1001
485 1011
485 1031
486 490
487 559
487 614
487 738
487 824
488 522
488 599
488 601
488 746
488 769
489 799
489 832
490 737
491 534
491 570
491 589
491 637
491 866
491 891
492 567
492 741
492 742
492 828
492 833
492 846
493 500
493 648
493 805
493 863
494 633
494 639
494 740
494 925
495 613
495 624
495 626
495 632
495 656
495 867
497 625
497 836
498 508
498 1016
499 519
499 950
499 968
500 863
501 849
501 937
501 963
501 1002
502 885
502 928
502 958
503 537
504 572
504 622
504 654
504 675
505 556
505 570
505 589
505 642
506 586
506 791
506 874
507 532
507 575
507 644
507 703
507 725
507 844
508 850
508 1004
508 1009
508 1024
509 627
509 962
509 975
509 1022
510 546
510 584
511 843
512 555
512 679
512 687
512 782
512 857
513 635
513 861
514 527
514 773
515 517
515 629
516 518
516 643
516 755
516 858
517 629
518 619
518 643
520 577
520 690
521 574
522 599
522 746
522 769
523 563
523 580
523 662
523 795
524 537
524 621
524 663
525 538
525 543
525 655
526 582
526 641
526 827
527 623
527 638
527 685
527 773
527 879
528 932
528 940
528 942
530 616
531 674
531 677
531 978
532 550
532 703
532 790
532 844
533 548
533 636
533 685
533 721
533 779
533 786
534 554
534 570
534 589
534 637
535 568
535 572
535 675
535 729
535 792
537 663
538 859
539 569
539 579
539 605
539 739
539 834
543 655
543 661
543 837
543 912
544 573
544 681
544 682
544 692
544 724
544 727
545 640
545 671
545 869
547 728
547 802
547 865
548 636
548 697
548 721
548 786
549 653
549 696
549 698
549 811
549 854
550 703
550 790
551 645
551 669
551 694
551 743
551 796
552 715
552 845
552 934
552 1020
553 638
553 691
553 793
553 809
553 899
554 556
554 570
554 670
554 709
554 731
555 687
556 570
556 642
556 731
557 734
558 636
558 691
558 778
558 899
559 614
560 561
560 673
560 717
561 715
561 717
561 764
562 647
563 580
563 795
564 732
564 813
565 894
566 676
566 708
566 718
567 716
567 720
567 741
567 808
568 729
568 792
570 589
570 637
571 650
572 622
572 675
573 641
573 692
573 852
575 583
575 725
576 770
576 822
576 1008
578 684
578 816
579 653
579 739
580 587
580 662
581 654
582 641
583 725
584 759
586 635
587 662
587 829
588 631
588 651
590 710
590 800
590 835
590 871
591 633
591 639
591 780
592 672
592 680
593 669
593 705
593 801
594 642
594 646
595 649
595 735
595 762
595 853
595 906
596 628
596 635
596 883
597 600
597 634
598 742
598 833
598 876
599 603
599 746
601 659
601 1026
602 812
602 929
602 971
603 610
603 647
603 689
604 633
604 780
604 907
605 739
605 834
606 907
606 980
607 876
608 939
608 944
608 972
609 882
610 689
610 738
610 881
611 777
611 924
611 952
611 995
612 632
612 672
612 841
613 626
613 632
613 656
613 867
613 889
614 726
614 738
614 824
614 842
615 875
616 667
617 666
617 941
617 959
618 717
619 673
619 775
620 803
620 912
621 888
623 636
623 638
623 685
623 899
624 867
625 836
626 867
626 995
627 940
627 962
627 975
627 998
628 797
628 883
630 1005
630 1012
631 825
632 656
633 639
634 747
634 753
635 797
635 798
635 861
635 883
635 887
638 899
639 740
639 925
640 671
642 646
643 755
644 725
645 657
645 694
645 796
646 868
648 761
648 805
648 863
649 783
652 937
652 961
652 979
652 990
652 1002
653 696
653 811
653 880
655 837
655 859
656 683
656 763
658 820
659 923
659 947
659 999
659 1015
660 985
661 837
662 795
662 829
664 956
664 1034
665 736
665 872
666 938
666 959
667 893
668 734
668 793
669 743
669 801
669 830
670 709
670 787
670 892
671 847
671 869
672 680
672 730
672 841
673 717
673 775
674 978
675 792
675 918
676 708
676 718
679 687
679 695
679 756
679 857
680 730
680 757
680 841
681 682
682 727
682 794
683 733
683 763
683 766
683 889
684 776
684 816
685 779
685 879
685 899
686 774
687 695
687 722
687 756
687 782
687 857
688 738
688 750
688 789
688 902
688 921
689 738
689 750
689 881
690 870
691 778
691 809
691 899
692 724
692 852
693 784
693 964
694 747
694 796
695 882
696 698
696 758
696 811
696 854
697 786
697 851
699 913
700 701
700 904
700 911
700 914
701 778
702 792
702 878
702 918
703 790
703 844
704 724
706 716
706 720
706 804
708 718
708 886
709 731
709 892
710 800
710 835
713 897
715 717
715 764
716 720
719 935
720 804
721 779
721 786
722 756
722 767
722 782
722 884
723 787
723 913
726 842
727 794
727 838
728 865
730 748
732 813
732 856
733 763
733 766
733 772
735 762
735 765
735 823
735 853
735 906
738 750
738 842
738 881
740 871
740 925
741 742
741 808
741 846
742 833
742 846
743 751
743 753
745 788
745 790
747 753
748 754
749 775
749 862
750 881
750 921
751 810
751 920
752 789
752 900
755 858
756 782
756 857
756 884
757 817
759 816
761 805
762 853
762 906
763 766
763 889
765 823
765 906
766 772
767 782
767 905
768 875
770 1008
771 826
775 862
776 785
779 879
780 907
781 791
781 874
781 887
782 857
782 884
783 987
786 851
787 892
789 902
791 887
792 918
793 809
797 798
797 818
797 883
798 887
800 871
801 830
802 865
805 863
807 831
807 898
808 846
809 899
811 854
811 880
814 859
814 864
815 871
815 895
815 925
818 883
819 820
819 1021
821 825
826 848
833 876
836 923
836 1021
837 859
843 936
843 960
843 997
845 934
845 948
845 1020
845 1029
850 867
850 982
850 1004
850 1009
853 906
866 868
871 925
874 887
885 928
885 958
885 961
885 971
886 917
895 925
896 955
901 938
901 956
901 1034
902 921
904 911
904 914
907 980
907 988
907 1011
907 1031
911 914
923 999
923 1015
923 1021
924 936
924 952
927 930
927 976
928 929
928 953
928 958
929 953
929 971
929 1013
930 1018
931 933
931 951
931 957
931 984
931 987
931 988
931 1001
931 1014
931 1017
932 940
932 942
932 970
932 978
932 993
933 951
933 957
933 984
933 987
933 1001
933 1014
933 1017
934 948
934 986
934 994
934 1020
935 964
935 977
935 983
936 947
936 952
936 960
936 982
936 997
936 1029
937 943
937 945
937 946
937 961
937 963
937 989
937 1000
937 1002
938 959
938 1034
939 972
939 978
940 954
940 962
940 970
940 993
940 998
941 1027
942 955
942 973
942 978
943 945
943 946
943 961
943 971
943 1025
945 946
945 989
945 992
945 1000
945 1019
946 961
946 989
946 1000
946 1025
947 952
947 982
947 991
947 997
947 999
948 976
948 1020
948 1029
949 958
949 1005
950 968
951 980
951 987
951 1001
951 1017
952 982
952 1014
952 1017
953 955
953 971
953 973
954 955
954 985
954 993
954 998
955 973
956 1034
957 1017
958 1005
960 997
960 1029
961 971
962 1022
963 1002
964 996
965 1006
965 1010
966 969
966 983
966 1006
968 974
969 983
970 993
972 978
975 1003
977 1023
979 990
979 1002
979 1028
980 988
980 1000
980 1001
981 1030
982 995
982 997
984 987
984 1014
984 1026
985 998
986 994
986 1020
987 1014
988 1001
988 1031
989 992
989 1000
991 997
991 999
992 1000
992 1019
993 998
994 1020
999 1015
1001 1031
1002 1028
1004 1009
1005 1012
1008 1024
1011 1031
1012 1032
1014 1017
1015 1021
