10.162213325500488;10.348759651184082
6.167897701263428;6.806689739227295
6.016980171203613;6.373301982879639
5.604744911193848;5.81489372253418
5.539365768432617;5.819301605224609
5.29571533203125;5.3159637451171875
5.243757247924805;6.833593368530273
5.181874752044678;5.584512233734131
5.069864273071289;5.793571949005127
4.637998580932617;4.948172092437744
4.47987699508667;4.509228229522705
4.442875385284424;4.529961585998535
4.42591667175293;4.700778007507324
4.204288482666016;4.53090238571167
4.11934757232666;4.553302764892578
4.110268592834473;4.335287570953369
4.078923225402832;4.792296409606934
4.078397274017334;4.519279479980469
4.058457851409912;4.0604047775268555
4.057044982910156;4.105997085571289
4.053707599639893;4.61617374420166
4.047377586364746;4.214547157287598
4.039183139801025;4.116391181945801
4.001171112060547;4.039571285247803
3.9245104789733887;5.608023643493652
3.898667573928833;3.999713897705078
3.882368564605713;4.127217769622803
3.8748040199279785;4.2173333168029785
3.8434386253356934;3.9574475288391113
3.8380930423736572;4.702155113220215
3.8319149017333984;4.186192512512207
3.813915967941284;4.015296936035156
3.7825045585632324;4.475256443023682
3.781670093536377;3.861572504043579
3.777085542678833;3.9827516078948975
3.766892194747925;4.389498710632324
3.747382402420044;3.9964089393615723
3.7434675693511963;3.814365863800049
3.7192766666412354;3.867635488510132
3.707369089126587;4.068679332733154
3.696688652038574;4.467070579528809
3.664745330810547;3.683185338973999
3.647836685180664;3.707369089126587
3.6214518547058105;4.186827182769775
3.6180715560913086;4.91154670715332
3.612365961074829;3.772348642349243
3.5986521244049072;3.6321356296539307
3.5891401767730713;3.876563787460327
3.5637288093566895;3.7537436485290527
3.561397075653076;4.088613510131836
3.5338311195373535;3.90043044090271
3.5147886276245117;3.6778860092163086
3.5059354305267334;4.156454086303711
3.497068166732788;3.7411210536956787
3.4796009063720703;3.54641056060791
3.4674150943756104;3.707369089126587
3.4674150943756104;3.936021089553833
3.4437084197998047;3.9925131797790527
3.3499715328216553;3.569275140762329
3.317657470703125;3.6867313385009766
3.3004207611083984;4.018801689147949
3.2833449840545654;3.7298390865325928
3.2438912391662598;3.3498775959014893
3.2342331409454346;3.5988662242889404
3.2266135215759277;3.344367742538452
3.2266135215759277;3.370288372039795
3.2188239097595215;3.4242334365844727
3.210017204284668;3.6643941402435303
3.204972982406616;3.7570624351501465
3.2003707885742188;4.600649356842041
3.180002212524414;3.251070976257324
3.1777594089508057;3.420761823654175
3.157390832901001;3.813802480697632
3.150198221206665;3.2054150104522705
3.1463942527770996;3.340991258621216
3.0859715938568115;3.2444076538085938
3.0781443119049072;3.221036195755005
3.0726027488708496;3.1226253509521484
3.0592668056488037;4.554879665374756
3.0544450283050537;3.204726219177246
3.026339530944824;3.157390832901001
3.016695261001587;3.189589023590088
3.0154988765716553;3.360414743423462
3.0121514797210693;3.379147529602051
2.990468740463257;3.3194167613983154
2.9720611572265625;3.0740044116973877
2.9681873321533203;3.2260184288024902
2.953016519546509;3.013470411300659
2.9488208293914795;3.456174373626709
2.9376637935638428;3.577883243560791
2.9294252395629883;2.9878909587860107
2.9160571098327637;3.429542064666748
2.902056932449341;3.0767107009887695
2.8826653957366943;2.9149417877197266
2.8708693981170654;3.1683855056762695
2.847543239593506;2.9130280017852783
2.8455731868743896;2.9041330814361572
2.815476179122925;3.2607412338256836
2.812648057937622;3.166870594024658
2.7917072772979736;2.8619277477264404
2.778244972229004;3.2560579776763916
2.773099660873413;2.992549180984497
2.75642728805542;2.889788866043091
2.746164560317993;3.586195945739746
2.721869707107544;2.8539466857910156
2.7163825035095215;3.1504368782043457
2.703352451324463;2.980785846710205
2.703173875808716;2.7244842052459717
2.6963417530059814;3.4616875648498535
2.693495035171509;2.8496463298797607
2.691574811935425;2.9483890533447266
2.6870555877685547;2.9253668785095215
2.6868345737457275;2.9262197017669678
2.6786837577819824;3.040102958679199
2.675874710083008;2.9731123447418213
2.673534631729126;2.7835614681243896
2.672997236251831;3.1683855056762695
2.6654231548309326;2.8294944763183594
2.6571662425994873;3.0704970359802246
2.655620574951172;2.9076058864593506
2.654900074005127;2.6561570167541504
2.650880813598633;2.663966655731201
2.6455907821655273;3.2607412338256836
2.6418731212615967;2.798210620880127
2.635547399520874;2.7208988666534424
2.6310818195343018;3.5621259212493896
2.6233415603637695;2.7274391651153564
2.6218156814575195;3.404359817504883
2.6127467155456543;2.764832019805908
2.6028552055358887;2.941488265991211
2.5914981365203857;2.797368049621582
2.5866239070892334;3.157390832901001
2.560196876525879;3.7140426635742188
2.5548038482666016;2.5990195274353027
2.545543909072876;2.564953327178955
2.535818099975586;2.6149189472198486
2.530376434326172;3.197469472885132
2.5267045497894287;2.527278423309326
2.5211172103881836;2.664018154144287
2.517049551010132;3.2739689350128174
2.5152034759521484;3.2035574913024902
2.5061519145965576;3.195402145385742
2.5057387351989746;2.8230974674224854
2.493828296661377;2.5000157356262207
2.4903109073638916;2.944930076599121
2.488020181655884;2.9349701404571533
2.4828145503997803;2.5990195274353027
2.4774069786071777;3.214158058166504
2.4678425788879395;2.4774069786071777
2.464958667755127;2.4802873134613037
2.464958667755127;2.743288993835449
2.4645488262176514;2.728196382522583
2.463768720626831;2.5147016048431396
2.449052095413208;2.7593369483947754
2.444793462753296;2.46714186668396
2.435253381729126;2.549034595489502
2.434262275695801;3.325618267059326
2.434027671813965;2.4365572929382324
2.4152040481567383;2.6510815620422363
2.4100916385650635;2.7692155838012695
2.40922212600708;4.036016941070557
2.4069128036499023;2.6765875816345215
2.4068048000335693;3.14011287689209
2.400252103805542;2.8698999881744385
2.39998459815979;2.9393696784973145
2.399324893951416;2.400252103805542
2.394289255142212;2.711055278778076
2.393812417984009;3.8248531818389893
2.393066883087158;2.876354455947876
2.3919167518615723;3.3182060718536377
2.3780322074890137;2.589339017868042
2.37294602394104;3.038177013397217
2.3662362098693848;3.5930657386779785
2.362255811691284;2.3885107040405273
2.346320867538452;3.151684284210205
2.345909833908081;2.7269790172576904
2.345423936843872;2.885183811187744
2.345423936843872;2.564953327178955
2.338322162628174;2.8425674438476562
2.3281850814819336;3.3262712955474854
2.325007438659668;2.877849578857422
2.3231279850006104;2.6561570167541504
2.3208069801330566;2.5990195274353027
2.310854196548462;2.9438841342926025
2.3090665340423584;2.392300844192505
2.3084378242492676;2.5342531204223633
2.30767822265625;2.9200356006622314
2.2982711791992188;2.6499578952789307
2.29437518119812;2.3935041427612305
2.294297933578491;4.068679332733154
2.2936995029449463;2.382993221282959
2.2905964851379395;2.9438841342926025
2.284099817276001;2.5950028896331787
2.2819435596466064;3.21105694770813
2.281095027923584;3.0160226821899414
2.2782866954803467;2.293720006942749
2.266495704650879;2.2945854663848877
2.2632880210876465;2.487945795059204
2.261796474456787;2.497791051864624
2.261796474456787;2.6634719371795654
2.2580454349517822;2.2765097618103027
2.256701707839966;3.1480579376220703
2.2494423389434814;2.9344708919525146
2.2413506507873535;2.5143723487854004
2.238691806793213;2.284099817276001
2.2369353771209717;2.2842719554901123
2.2350261211395264;2.2829649448394775
2.231928825378418;2.729808807373047
2.231548309326172;3.229764461517334
2.2290194034576416;2.738846778869629
2.224241018295288;2.2544631958007812
2.220013380050659;2.885183811187744
2.219511032104492;2.2288296222686768
2.2131412029266357;2.425834894180298
2.211712121963501;2.5796890258789062
2.2027504444122314;2.3259034156799316
2.2024054527282715;2.4234488010406494
2.2009432315826416;2.35092830657959
2.19388747215271;2.5477232933044434
2.1931354999542236;4.041428565979004
2.181858777999878;2.2086243629455566
2.1769752502441406;3.3259799480438232
2.162825584411621;3.1604795455932617
2.162461996078491;2.3721790313720703
2.1623525619506836;2.6243419647216797
2.1611227989196777;2.4998841285705566
2.1581032276153564;2.1957759857177734
2.156749725341797;2.915475606918335
2.149780511856079;2.2876498699188232
2.1479384899139404;2.1617326736450195
2.1474525928497314;2.9188930988311768
2.147144317626953;2.5144896507263184
2.1419570446014404;2.2571237087249756
2.1405413150787354;2.1852941513061523
2.1335608959198;2.527164936065674
2.127380132675171;2.930021286010742
2.1261703968048096;2.217522144317627
2.1219065189361572;2.5132391452789307
2.1219065189361572;2.2459487915039062
2.120469093322754;2.314746856689453
2.119687080383301;2.40680193901062
2.116640329360962;2.3288965225219727
2.116640329360962;2.2413506507873535
2.116640329360962;2.4464688301086426
2.1156251430511475;2.671332836151123
2.1143829822540283;2.811936140060425
2.1143829822540283;2.3554985523223877
2.1143829822540283;2.1757476329803467
2.1143829822540283;2.321141481399536
2.1143829822540283;2.199066162109375
2.1132142543792725;2.2440812587738037
2.1132142543792725;2.165611982345581
2.112943172454834;2.7069573402404785
2.1118268966674805;2.319272994995117
2.111711025238037;2.7134690284729004
2.110805034637451;2.2687807083129883
2.110805034637451;2.7974562644958496
2.110805034637451;2.470365524291992
2.110805034637451;2.3991317749023438
2.1085293292999268;2.2517454624176025
2.1085293292999268;2.3824374675750732
2.1085293292999268;2.271536111831665
2.1074564456939697;2.2147715091705322
2.1074564456939697;2.3496859073638916
2.107267379760742;2.276167869567871
2.1064178943634033;2.5211172103881836
2.103133201599121;2.283493757247925
2.103133201599121;2.227947950363159
2.101158380508423;2.2669641971588135
2.100677013397217;2.207073211669922
2.100583553314209;2.2519960403442383
2.098642587661743;2.87496280670166
2.098642587661743;2.286919116973877
2.097432851791382;2.1294755935668945
2.096881151199341;2.4804773330688477
2.0968596935272217;2.6300249099731445
2.09546160697937;2.448817729949951
2.0920538902282715;2.5589113235473633
2.0903079509735107;2.1290509700775146
2.088592767715454;2.6262900829315186
2.088592767715454;2.5493810176849365
2.088216781616211;2.470998764038086
2.086792230606079;2.246973991394043
2.086786985397339;3.022162675857544
2.0856003761291504;2.145867109298706
2.0813517570495605;2.6510684490203857
2.079456329345703;2.474735736846924
2.0773234367370605;2.6783275604248047
2.068403959274292;2.2529470920562744
2.067140579223633;2.3119688034057617
2.0650794506073;2.708451271057129
2.063223123550415;2.2508137226104736
2.0625216960906982;2.0884318351745605
2.06164813041687;2.3336453437805176
2.060765266418457;2.097432851791382
2.0565295219421387;2.5226187705993652
2.0549697875976562;2.2624776363372803
2.0549697875976562;2.865537643432617
2.0549697875976562;2.2449188232421875
2.0500521659851074;2.4865684509277344
2.049224853515625;2.110805034637451
2.044870615005493;2.1000072956085205
2.037889003753662;2.1775312423706055
2.0378549098968506;2.3718695640563965
2.027456283569336;2.1049704551696777
2.026040554046631;2.470998764038086
2.024096965789795;2.2594544887542725
2.023003339767456;2.9170026779174805
2.023003339767456;2.7926993370056152
2.0191938877105713;2.1143829822540283
2.017394542694092;2.10746169090271
2.0169970989227295;2.721236228942871
2.015625476837158;2.430823564529419
2.0142109394073486;2.588096857070923
2.0139589309692383;2.7114007472991943
2.012971878051758;3.7054266929626465
2.005742073059082;2.1988959312438965
2.005673885345459;2.0323543548583984
2.004235029220581;2.037889003753662
2.0009007453918457;2.321141481399536
1.994568109512329;2.1379759311676025
1.9940751791000366;2.078247547149658
1.9883346557617188;2.3283960819244385
1.9868420362472534;2.1747140884399414
1.986499309539795;2.5207486152648926
1.9858531951904297;2.7570769786834717
1.982478380203247;2.1817288398742676
1.968988060951233;2.0370066165924072
1.9682501554489136;2.2860238552093506
1.9682501554489136;2.1733405590057373
1.9666938781738281;2.083157777786255
1.9655929803848267;2.303317070007324
1.9655667543411255;1.993295669555664
1.9655667543411255;2.6510684490203857
1.9651864767074585;2.0167441368103027
1.9646248817443848;2.0237011909484863
1.9641205072402954;2.277543544769287
1.9640891551971436;2.0610861778259277
1.9640891551971436;2.3991317749023438
1.9633995294570923;2.202207565307617
1.9633995294570923;2.0732057094573975
1.9621180295944214;2.2917137145996094
1.9604376554489136;1.9770933389663696
1.960052728652954;2.147067070007324
1.9596048593521118;2.1001248359680176
1.9576669931411743;2.396409511566162
1.9571871757507324;2.1537508964538574
1.9571871757507324;2.0141239166259766
1.9571871757507324;2.2154123783111572
1.9571871757507324;1.9871010780334473
1.9571871757507324;1.9871010780334473
1.9540739059448242;2.0872273445129395
1.9512659311294556;2.4950668811798096
1.9508585929870605;1.9640891551971436
1.9508585929870605;2.1871514320373535
1.9490941762924194;2.2994399070739746
1.939490795135498;1.9794338941574097
1.939040184020996;2.329570770263672
1.9355212450027466;2.004915475845337
1.9355212450027466;2.116535186767578
1.9355212450027466;2.0021228790283203
1.9355212450027466;2.38812255859375
1.9326510429382324;2.5921573638916016
1.9326510429382324;2.0304956436157227
1.9269269704818726;2.596515655517578
1.9250714778900146;1.9576855897903442
1.9229483604431152;2.670198440551758
1.9229483604431152;1.9753148555755615
1.9202909469604492;2.0272762775421143
1.9157218933105469;1.9878838062286377
1.9142100811004639;2.0974533557891846
1.9142100811004639;2.805264472961426
1.912408709526062;2.9289698600769043
1.9092592000961304;2.098215341567993
1.9073909521102905;2.5269863605499268
1.9064619541168213;2.0702967643737793
1.9013636112213135;2.005270004272461
1.901033639907837;2.1199421882629395
1.8963031768798828;1.930324673652649
1.8935316801071167;2.0389723777770996
1.8926599025726318;1.9396249055862427
1.8913789987564087;2.210346221923828
1.8873181343078613;2.362335205078125
1.8836588859558105;2.2517454624176025
1.8824361562728882;1.8863860368728638
1.8814034461975098;2.1261703968048096
1.8801509141921997;1.8858922719955444
1.8749226331710815;1.968041181564331
1.8711546659469604;2.0467820167541504
1.867964267730713;2.0981342792510986
1.8663063049316406;2.3177616596221924
1.8654770851135254;2.090113401412964
1.8647414445877075;2.6448028087615967
1.8639602661132812;2.83526349067688
1.8567724227905273;2.3239657878875732
1.8549740314483643;2.1085293292999268
1.8528530597686768;1.8530850410461426
1.84946608543396;2.0386388301849365
1.8493170738220215;2.03773832321167
1.848738193511963;2.024825096130371
1.8448902368545532;2.0093069076538086
1.8432132005691528;3.0059399604797363
1.8380236625671387;2.2529470920562744
1.8369290828704834;1.8393597602844238
1.8369290828704834;1.9211244583129883
1.835123896598816;2.002009391784668
1.8344509601593018;2.139059066772461
1.8342702388763428;1.8904980421066284
1.8322501182556152;1.9053854942321777
1.8265470266342163;1.8559081554412842
1.826460361480713;2.016730785369873
1.8251124620437622;1.9012190103530884
1.8229907751083374;2.5497493743896484
1.8222547769546509;1.9142100811004639
1.821656346321106;1.8334369659423828
1.8203413486480713;1.999518632888794
1.8192369937896729;2.2576656341552734
1.818393588066101;1.8369290828704834
1.8177399635314941;1.842442512512207
1.817402720451355;1.9182777404785156
1.814857006072998;2.0920538902282715
1.8128769397735596;2.0905439853668213
1.809298038482666;2.133481025695801
1.8086726665496826;1.930324673652649
1.8080024719238281;1.9298064708709717
1.8053306341171265;1.8315918445587158
1.8051865100860596;2.765949010848999
1.8028024435043335;2.0702285766601562
1.797775149345398;2.413207769393921
1.797775149345398;1.9655929803848267
1.7959020137786865;1.9893485307693481
1.7958471775054932;1.8578962087631226
1.7936004400253296;2.0123817920684814
1.7915915250778198;2.0500521659851074
1.7904545068740845;1.8688206672668457
1.7890214920043945;2.5177483558654785
1.7835100889205933;2.1085293292999268
1.7813506126403809;2.162290096282959
1.7811137437820435;1.946885585784912
1.779702067375183;1.9655929803848267
1.779702067375183;1.9322136640548706
1.7756896018981934;2.2625887393951416
1.7751877307891846;1.789363145828247
1.7741278409957886;1.9288628101348877
1.7738178968429565;1.804077386856079
1.7672102451324463;2.2493746280670166
1.7672102451324463;2.231043815612793
1.7658029794692993;2.0960183143615723
1.7656686305999756;1.9655929803848267
1.7642830610275269;1.8274648189544678
1.7637856006622314;1.9576669931411743
1.7636536359786987;1.7924716472625732
1.7633965015411377;2.186929941177368
1.7628586292266846;1.950869083404541
1.7627817392349243;1.9181350469589233
1.7627817392349243;1.9396803379058838
1.7593443393707275;1.958198070526123
1.758798360824585;1.9640891551971436
1.758798360824585;2.2599680423736572
1.758798360824585;1.9640891551971436
1.757866382598877;2.021376848220825
1.7569938898086548;1.9640891551971436
1.7560006380081177;2.182929039001465
1.7558904886245728;2.316948175430298
1.7540146112442017;2.0144872665405273
1.7534468173980713;2.0433452129364014
1.7522764205932617;1.8128111362457275
1.7506487369537354;2.088801622390747
1.7506487369537354;1.8058807849884033
1.749674916267395;1.999196171760559
1.7485913038253784;1.9466707706451416
1.7472962141036987;2.473041296005249
1.7470370531082153;2.0752573013305664
1.7457934617996216;1.828468918800354
1.7444325685501099;2.6489176750183105
1.744315505027771;1.7569938898086548
1.7422899007797241;2.144760847091675
1.7421551942825317;1.9621180295944214
1.7419062852859497;1.7743030786514282
1.7396167516708374;1.9481273889541626
1.739281415939331;1.9268885850906372
1.7389249801635742;2.1432340145111084
1.7334635257720947;1.779702067375183
1.7334635257720947;1.9943679571151733
1.7325685024261475;1.8685789108276367
1.7280359268188477;1.9818193912506104
1.7273056507110596;1.8484547138214111
1.7265554666519165;2.099139451980591
1.7238495349884033;1.8393990993499756
1.7225801944732666;2.678779125213623
1.722033143043518;1.7592113018035889
1.722033143043518;1.7483514547348022
1.721184492111206;2.084185838699341
1.7204149961471558;2.109264612197876
1.7198736667633057;2.2643320560455322
1.7187129259109497;2.300811290740967
1.7163742780685425;1.7480918169021606
1.714064359664917;1.9655667543411255
1.711906909942627;1.8743797540664673
1.71157705783844;1.9855879545211792
1.7109348773956299;1.7478045225143433
1.710121750831604;2.29280161857605
1.7071614265441895;2.3032491207122803
1.705859899520874;1.7639421224594116
1.7022565603256226;2.070800542831421
1.7019166946411133;1.7650293111801147
1.699065923690796;2.0807507038116455
1.699065923690796;2.1391377449035645
1.699065923690796;2.231043815612793
1.6987156867980957;1.7931914329528809
1.696195363998413;1.8626995086669922
1.691524863243103;2.068150043487549
1.6866050958633423;2.666602849960327
1.6851015090942383;1.8365200757980347
1.6835062503814697;1.6845943927764893
1.6833603382110596;1.8369290828704834
1.6833603382110596;1.9088289737701416
1.6823196411132812;1.6991111040115356
1.6819968223571777;1.789928674697876
1.681578278541565;2.1993799209594727
1.681578278541565;1.7281018495559692
1.6800603866577148;2.5734879970550537
1.6800603866577148;1.8232841491699219
1.6800603866577148;1.9043915271759033
1.6800603866577148;1.7734336853027344
1.6800603866577148;1.8266206979751587
1.6789195537567139;2.3213577270507812
1.6789195537567139;2.015796661376953
1.6789195537567139;1.7692265510559082
1.677187442779541;1.9542365074157715
1.6727923154830933;1.8171651363372803
1.6712714433670044;1.684633731842041
1.6712714433670044;1.684633731842041
1.6712652444839478;2.2173614501953125
1.6712344884872437;2.1074564456939697
1.6689072847366333;1.7136192321777344
1.6673200130462646;2.0274131298065186
1.6671909093856812;1.6950479745864868
1.6668950319290161;1.679778814315796
1.6667966842651367;1.7776297330856323
1.66609787940979;1.763083815574646
1.66609787940979;2.1085293292999268
1.66609787940979;1.7666529417037964
1.66609787940979;1.6760621070861816
1.66609787940979;1.6760621070861816
1.6656595468521118;1.82377028465271
1.6648566722869873;2.553734302520752
1.6642563343048096;1.7910857200622559
1.6638354063034058;1.6960234642028809
1.6638354063034058;1.8393597602844238
1.6638354063034058;1.94618558883667
1.6638354063034058;1.9816731214523315
1.6638354063034058;1.872406244277954
1.662709355354309;1.7012158632278442
1.662709355354309;1.6893948316574097
1.662709355354309;1.9554486274719238
1.662709355354309;2.1524059772491455
1.662083625793457;2.0160505771636963
1.6618269681930542;2.9229791164398193
1.6606040000915527;2.231043815612793
1.6600382328033447;1.7362905740737915
1.65626859664917;1.9639570713043213
1.655102014541626;1.9894521236419678
1.6544147729873657;1.6950557231903076
1.6521409749984741;1.8232841491699219
1.6507210731506348;2.4853997230529785
1.6494532823562622;2.10746169090271
1.6477231979370117;1.8354642391204834
1.6470059156417847;1.790917992591858
1.6468486785888672;1.9481273889541626
1.6466727256774902;1.7930593490600586
1.645625114440918;1.6656595468521118
1.645625114440918;1.8111076354980469
1.643481969833374;1.6671909093856812
1.6426997184753418;1.7650264501571655
1.6407794952392578;1.8718376159667969
1.6402846574783325;1.7019166946411133
1.639673113822937;1.6906461715698242
1.6390928030014038;2.3400025367736816
1.6385784149169922;2.9769413471221924
1.6372581720352173;1.9818193912506104
1.6368324756622314;1.6412041187286377
1.6357451677322388;1.7586312294006348
1.6330493688583374;1.960985779762268
1.6324374675750732;1.7226920127868652
1.6323026418685913;1.8046576976776123
1.6320481300354004;2.3382270336151123
1.6320481300354004;1.8393597602844238
1.6311403512954712;1.873611569404602
1.6307529211044312;1.843564748764038
1.6305803060531616;1.66609787940979
1.6301019191741943;2.2149198055267334
1.6270301342010498;1.9655667543411255
1.6213583946228027;1.7901123762130737
1.6193504333496094;1.6656595468521118
1.6168943643569946;1.6916143894195557
1.6155681610107422;1.7265660762786865
1.615343451499939;1.676314353942871
1.6138248443603516;1.6789195537567139
1.611881971359253;1.6325595378875732
1.608892798423767;1.8409838676452637
1.6088318824768066;1.7485913038253784
1.6068050861358643;1.891674280166626
1.6059213876724243;1.6667966842651367
1.6057692766189575;1.9576669931411743
1.6024105548858643;3.014758348464966
1.6020020246505737;2.3819119930267334
1.601359486579895;1.7803913354873657
1.600430965423584;1.6673645973205566
1.596313714981079;1.9290755987167358
1.596313714981079;1.9290755987167358
1.5884654521942139;1.8712890148162842
1.5869516134262085;1.7470977306365967
1.5838559865951538;2.0938804149627686
1.5838559865951538;1.7733159065246582
1.5808840990066528;2.497605800628662
1.5808665752410889;1.8801217079162598
1.580542802810669;1.780676245689392
1.5801411867141724;1.9710437059402466
1.580047369003296;2.3376219272613525
1.578406810760498;1.8494060039520264
1.577660322189331;1.6138498783111572
1.575887680053711;1.6502182483673096
1.575887680053711;1.5935707092285156
1.5749069452285767;1.7004510164260864
1.5736910104751587;2.1996819972991943
1.571509838104248;1.7235527038574219
1.5694512128829956;1.5743556022644043
1.5694167613983154;1.8362407684326172
1.5694167613983154;1.8362407684326172
1.5685445070266724;1.6782772541046143
1.5681172609329224;1.9311151504516602
1.5637314319610596;1.675083875656128
1.5632880926132202;1.6353970766067505
1.5630532503128052;2.512214183807373
1.5610383749008179;1.5841310024261475
1.5610383749008179;1.7637856006622314
1.5586861371994019;1.6012893915176392
1.5583200454711914;1.9940751791000366
1.5577753782272339;1.6935080289840698
1.5576773881912231;1.591302514076233
1.5566704273223877;1.6511386632919312
1.5561871528625488;2.4116909503936768
1.5545165538787842;1.6379539966583252
1.5531479120254517;2.041753053665161
1.5527188777923584;1.9231934547424316
1.5524451732635498;1.9084017276763916
1.5490283966064453;1.8633198738098145
1.5475820302963257;1.9358606338500977
1.5473827123641968;1.6099072694778442
1.5465912818908691;1.572291374206543
1.5464558601379395;1.6977288722991943
1.5464268922805786;1.6057692766189575
1.5452802181243896;1.737770676612854
1.5437511205673218;1.6321460008621216
1.5436718463897705;1.9773259162902832
1.5433011054992676;1.7134249210357666
1.5422582626342773;1.9832512140274048
1.5381852388381958;2.199066162109375
1.5374850034713745;1.961930751800537
1.5361452102661133;1.7086560726165771
1.5334751605987549;1.552464485168457
1.5306882858276367;1.6732909679412842
1.53009831905365;1.6651601791381836
1.5256733894348145;1.8191930055618286
1.52176833152771;2.005488157272339
1.520119309425354;1.6426997184753418
1.520119309425354;1.7238495349884033
1.5180020332336426;1.9988511800765991
1.5177499055862427;2.4783082008361816
1.5172617435455322;1.8765720129013062
1.5164202451705933;1.5615102052688599
1.512258529663086;2.1916565895080566
1.5115612745285034;1.6887551546096802
1.509194254875183;1.6476949453353882
1.5090272426605225;1.6533833742141724
1.5076639652252197;1.748060941696167
1.5076639652252197;1.552724003791809
1.5055687427520752;2.2149198055267334
1.504457712173462;1.5113792419433594
1.504357933998108;1.5119450092315674
1.5041216611862183;1.6800603866577148
1.502834677696228;1.5164343118667603
1.5010263919830322;1.5683133602142334
1.500207781791687;1.6775023937225342
1.496254801750183;2.1531405448913574
1.495133399963379;1.8801788091659546
1.4951139688491821;1.5655834674835205
1.4926977157592773;1.5164343118667603
1.4911965131759644;1.5043975114822388
1.4903600215911865;1.613593578338623
1.4879456758499146;1.6176228523254395
1.485923171043396;1.5150630474090576
1.4856879711151123;2.005270004272461
1.485660433769226;1.6803877353668213
1.4852354526519775;1.5687569379806519
1.482659935951233;1.693117380142212
1.4820528030395508;1.8681429624557495
1.477973461151123;1.5240920782089233
1.477647304534912;1.4833025932312012
1.4765702486038208;1.5164343118667603
1.47625732421875;1.554793119430542
1.4759933948516846;1.486894965171814
1.4751665592193604;1.5798144340515137
1.4751405715942383;1.9016133546829224
1.4750192165374756;2.039687395095825
1.474514365196228;1.9123748540878296
1.4719918966293335;1.8232837915420532
1.4715300798416138;1.9471328258514404
1.471427321434021;1.5561459064483643
1.4658983945846558;1.6892122030258179
1.4651020765304565;1.5441441535949707
1.4641823768615723;1.5107831954956055
1.4633355140686035;1.486299991607666
1.4626855850219727;1.9818508625030518
1.4607365131378174;1.931452751159668
1.456382393836975;1.810646414756775
1.45378577709198;1.7789274454116821
1.4498745203018188;1.5187370777130127
1.4473859071731567;1.5053995847702026
1.4471359252929688;1.8191579580307007
1.4440269470214844;1.9655667543411255
1.4437072277069092;1.6204811334609985
1.4422394037246704;1.5205636024475098
1.4397236108779907;1.827181339263916
1.4386868476867676;1.7598872184753418
1.4376224279403687;1.9117265939712524
1.4373661279678345;1.621312141418457
1.4366364479064941;1.4803029298782349
1.4357872009277344;1.4794361591339111
1.4349088668823242;1.499720573425293
1.4345628023147583;1.614546775817871
1.4333497285842896;1.793502926826477
1.4310435056686401;1.4351426362991333
1.4304001331329346;1.4922518730163574
1.4277327060699463;1.6502182483673096
1.4266290664672852;1.5164343118667603
1.4266290664672852;1.5164343118667603
1.4253307580947876;1.4358973503112793
1.4226046800613403;1.5164343118667603
1.4223322868347168;1.8263603448867798
1.4205886125564575;1.8216336965560913
1.4203424453735352;1.6786903142929077
1.42001211643219;1.4582918882369995
1.42001211643219;1.4582918882369995
1.419748067855835;1.4586751461029053
1.4197173118591309;1.4922518730163574
1.4192510843276978;1.7782987356185913
1.4178482294082642;1.49905526638031
1.4174751043319702;1.652696967124939
1.4137663841247559;1.4780608415603638
1.4137663841247559;1.6739749908447266
1.4136412143707275;1.6953606605529785
1.4132269620895386;1.6913061141967773
1.4132177829742432;1.515809178352356
1.4117200374603271;1.4199364185333252
1.4100100994110107;1.4592418670654297
1.4082597494125366;1.4472405910491943
1.4041420221328735;1.4789299964904785
1.4040616750717163;1.6265119314193726
1.4032377004623413;1.792921781539917
1.4018350839614868;1.6785037517547607
1.4017664194107056;1.408737063407898
1.401375651359558;1.611878514289856
1.401375651359558;1.5959141254425049
1.401375651359558;1.7303497791290283
1.401375412940979;1.6769472360610962
1.4002994298934937;1.4440269470214844
1.400158166885376;1.572291374206543
1.399638056755066;1.4827861785888672
1.3989616632461548;1.5645177364349365
1.3984885215759277;1.4017245769500732
1.3981239795684814;1.6102415323257446
1.3980036973953247;1.4709426164627075
1.3974324464797974;1.6052049398422241
1.3968027830123901;1.5244382619857788
1.395907998085022;1.417160153388977
1.393863320350647;1.5851904153823853
1.3919353485107422;1.5475820302963257
1.3918970823287964;1.5999597311019897
1.3918970823287964;2.060765266418457
1.3911943435668945;1.6346187591552734
1.390956997871399;1.6854304075241089
1.390409231185913;1.5874745845794678
1.3903225660324097;1.674233078956604
1.3866629600524902;1.4677214622497559
1.3863979578018188;1.644060492515564
1.3861502408981323;1.7478129863739014
1.3861502408981323;1.4770793914794922
1.3816930055618286;1.398317575454712
1.3809382915496826;1.7578774690628052
1.3807340860366821;1.701596736907959
1.3737491369247437;1.4671908617019653
1.37345552444458;1.4129586219787598
1.37345552444458;1.401432752609253
1.3727110624313354;1.5838559865951538
1.3708823919296265;1.6471266746520996
1.370585560798645;1.3712660074234009
1.3666808605194092;1.4087529182434082
1.3658151626586914;1.505981683731079
1.3637032508850098;1.6767023801803589
1.3630074262619019;1.4911596775054932
1.3616405725479126;1.4427073001861572
1.3596689701080322;1.5504124164581299
1.3591606616973877;1.4908154010772705
1.3587309122085571;1.4154952764511108
1.358530044555664;1.435501217842102
1.3573249578475952;1.3762240409851074
1.3530253171920776;1.577660322189331
1.3516881465911865;1.3997650146484375
1.3512240648269653;1.5051021575927734
1.3512240648269653;1.820284366607666
1.3508559465408325;1.358530044555664
1.3501834869384766;1.3948907852172852
1.3493232727050781;1.480480670928955
1.3476064205169678;2.22997784614563
1.3473347425460815;1.8081309795379639
1.3467795848846436;1.7264777421951294
1.346465826034546;1.5632660388946533
1.3456846475601196;1.4078648090362549
1.3455941677093506;1.8063945770263672
1.3441733121871948;1.3514559268951416
1.3433473110198975;1.5477253198623657
1.3431856632232666;1.552464485168457
1.3426034450531006;1.758798360824585
1.3422881364822388;1.5348553657531738
1.3410478830337524;1.3735536336898804
1.340652585029602;1.909010410308838
1.3384199142456055;1.7303497791290283
1.3375244140625;1.3851181268692017
1.3362705707550049;1.6783831119537354
1.3362705707550049;1.4318419694900513
1.335923194885254;1.495308518409729
1.332726001739502;1.7533916234970093
1.3322639465332031;2.266282796859741
1.3306920528411865;1.435341238975525
1.3303937911987305;1.3463174104690552
1.3301501274108887;1.5504124164581299
1.3275433778762817;1.5262964963912964
1.3261991739273071;1.6841014623641968
1.3240669965744019;1.3594131469726562
1.3239948749542236;1.7949508428573608
1.3239948749542236;1.390956997871399
1.3233495950698853;1.4714142084121704
1.3225339651107788;1.4587618112564087
1.3214969635009766;1.6573868989944458
1.3207910060882568;1.3903214931488037
1.3186308145523071;1.6379539966583252
1.3180128335952759;1.3244438171386719
1.3160077333450317;1.4785881042480469
1.316004753112793;1.3573249578475952
1.3146028518676758;1.4170873165130615
1.3117334842681885;1.3576953411102295
1.3111708164215088;1.51876699924469
1.3105533123016357;1.5396490097045898
1.3102967739105225;1.4079548120498657
1.307774543762207;1.5821491479873657
1.3069299459457397;1.4405375719070435
1.3069074153900146;1.485780954360962
1.3054620027542114;1.3824787139892578
1.3053227663040161;1.3530253171920776
1.3044487237930298;1.342042088508606
1.3038233518600464;1.5043975114822388
1.3038233518600464;1.4763916730880737
1.3025838136672974;1.4268052577972412
1.3011637926101685;1.9221367835998535
1.3005030155181885;1.413103699684143
1.299964427947998;1.3281843662261963
1.299006700515747;1.5447845458984375
1.2982763051986694;1.4553948640823364
1.2982763051986694;1.7560006380081177
1.2980111837387085;1.7470370531082153
1.2980111837387085;1.5311907529830933
1.2972062826156616;1.9714369773864746
1.2972062826156616;1.3841522932052612
1.2970342636108398;1.4352545738220215
1.2926431894302368;1.5208892822265625
1.2919634580612183;1.387028694152832
1.2919634580612183;1.387028694152832
1.2898370027542114;1.3493250608444214
1.2890220880508423;1.6468640565872192
1.2890220880508423;1.6468640565872192
1.288487195968628;1.5851904153823853
1.28691565990448;1.37345552444458
1.2864006757736206;1.3233495950698853
1.2856817245483398;1.3214694261550903
1.2854101657867432;1.3514559268951416
1.2845373153686523;1.572291374206543
1.2844595909118652;1.9181180000305176
1.281365990638733;1.297632098197937
1.2808468341827393;1.4265719652175903
1.2803407907485962;1.5344065427780151
1.2787246704101562;1.4075955152511597
1.277825117111206;2.8529186248779297
1.2776442766189575;1.482071042060852
1.274542212486267;1.312329649925232
1.2732547521591187;1.464709997177124
1.2721831798553467;1.619376540184021
1.2721242904663086;1.3167566061019897
1.271430253982544;1.4319003820419312
1.2688853740692139;1.283236026763916
1.2688430547714233;1.7910274267196655
1.2679575681686401;1.499089241027832
1.2673935890197754;1.403115153312683
1.2672405242919922;1.2881765365600586
1.2666555643081665;1.50108802318573
1.2662577629089355;1.4654264450073242
1.2662577629089355;1.6657215356826782
1.266013741493225;1.2711058855056763
1.2649439573287964;1.3946683406829834
1.2636981010437012;1.3952163457870483
1.2636905908584595;1.5415215492248535
1.2636102437973022;1.6709675788879395
1.2634190320968628;1.552464485168457
1.2630717754364014;1.3131555318832397
1.260153889656067;1.2650864124298096
1.260153889656067;1.4484481811523438
1.2593469619750977;1.6722973585128784
1.2586699724197388;1.4524881839752197
1.2579371929168701;1.645625114440918
1.2554570436477661;1.4593617916107178
1.251805305480957;1.4563196897506714
1.251161813735962;1.8783067464828491
1.2492928504943848;1.721632480621338
1.2471413612365723;1.5563288927078247
1.2467329502105713;1.2955652475357056
1.246700406074524;1.9435195922851562
1.246125340461731;1.348070740699768
1.2422301769256592;1.2711575031280518
1.238640308380127;1.270612359046936
1.2377616167068481;1.3973435163497925
1.2355905771255493;1.9716758728027344
1.235482096672058;2.0495026111602783
1.235206127166748;1.403782844543457
1.2342700958251953;1.2377504110336304
1.2337989807128906;1.3968837261199951
1.2332394123077393;2.306696891784668
1.2317779064178467;1.484310269355774
1.2307164669036865;1.3221166133880615
1.2302422523498535;1.5482144355773926
1.2274219989776611;1.3667950630187988
1.2265193462371826;1.277033805847168
1.2257698774337769;1.3445848226547241
1.2237876653671265;1.6490164995193481
1.2234158515930176;1.4279831647872925
1.222372055053711;1.5817745923995972
1.2203669548034668;1.321589708328247
1.2196463346481323;1.4446611404418945
1.2175211906433105;1.7864652872085571
1.2162898778915405;1.325569748878479
1.2160320281982422;1.2257698774337769
1.2157328128814697;1.495666742324829
1.2156487703323364;1.265668511390686
1.2141587734222412;1.2694233655929565
1.2137713432312012;1.3079962730407715
1.2137713432312012;2.019700050354004
1.2137713432312012;1.2437705993652344
1.2136162519454956;1.5280866622924805
1.2089990377426147;1.3660287857055664
1.2057652473449707;1.5798144340515137
1.202681303024292;1.2344506978988647
1.20219087600708;1.2845373153686523
1.2010947465896606;1.582148790359497
1.201027750968933;1.356479287147522
1.1994479894638062;1.265825629234314
1.1984583139419556;1.5450026988983154
1.1967428922653198;1.2093305587768555
1.1964870691299438;1.468571424484253
1.1959232091903687;1.273578405380249
1.195704698562622;1.340652585029602
1.192834734916687;1.238640308380127
1.192490816116333;1.871535062789917
1.1915557384490967;1.5227004289627075
1.190826177597046;1.192513108253479
1.1906236410140991;1.1937087774276733
1.1883739233016968;1.9828546047210693
1.1868760585784912;1.2811435461044312
1.1857523918151855;1.9594303369522095
1.184975504875183;1.1920783519744873
1.1846225261688232;1.4598488807678223
1.1845746040344238;1.2342700958251953
1.1844534873962402;1.4861477613449097
1.184169888496399;1.7257680892944336
1.1840368509292603;1.5679948329925537
1.181266188621521;1.3462960720062256
1.1805317401885986;1.533085823059082
1.1798771619796753;1.2595207691192627
1.1795355081558228;1.4275684356689453
1.1795355081558228;1.3559648990631104
1.1787530183792114;1.282281517982483
1.1784878969192505;1.2482701539993286
1.1782342195510864;1.3355133533477783
1.178001046180725;1.2442028522491455
1.1777092218399048;1.5716229677200317
1.1764646768569946;1.1836398839950562
1.1764646768569946;1.577660322189331
1.1764646768569946;1.594480037689209
1.1764227151870728;1.3413399457931519
1.1752480268478394;1.5751534700393677
1.1748085021972656;1.188785195350647
1.1744390726089478;1.460355520248413
1.1735587120056152;1.2931643724441528
1.172694206237793;1.1946372985839844
1.170753002166748;1.1920013427734375
1.170478343963623;1.3976305723190308
1.1704761981964111;1.2358757257461548
1.1695969104766846;1.2055952548980713
1.1687592267990112;1.4040342569351196
1.168641209602356;1.2257698774337769
1.168073058128357;1.558024525642395
1.1672013998031616;1.4373661279678345
1.1672013998031616;1.3132874965667725
1.1664241552352905;1.5504124164581299
1.1657788753509521;1.4265719652175903
1.1657788753509521;1.4891891479492188
1.1647659540176392;1.3816763162612915
1.1645073890686035;1.4853039979934692
1.162711501121521;1.3428748846054077
1.1625432968139648;1.6543116569519043
1.1625432968139648;1.3761677742004395
1.1622374057769775;1.7767003774642944
1.1622374057769775;1.8270235061645508
1.1622109413146973;1.572291374206543
1.1622109413146973;1.2039501667022705
1.1622109413146973;1.1726611852645874
1.1602346897125244;1.663275122642517
1.1589711904525757;1.172448992729187
1.1582168340682983;1.263824462890625
1.157312035560608;1.8234052658081055
1.1572866439819336;1.3494913578033447
1.156472086906433;1.2284430265426636
1.156472086906433;1.5826956033706665
1.1561834812164307;1.5296497344970703
1.1561834812164307;1.552464485168457
1.1561834812164307;1.460355520248413
1.1554442644119263;1.1885499954223633
1.1544992923736572;1.1618664264678955
1.1540007591247559;1.207696557044983
1.1529960632324219;1.2921580076217651
1.1526851654052734;1.5139693021774292
1.1491338014602661;1.2288495302200317
1.1482326984405518;1.1980236768722534
1.1476635932922363;1.5208892822265625
1.145937442779541;1.4652119874954224
1.1441285610198975;1.2467329502105713
1.1424797773361206;1.2919634580612183
1.1420634984970093;1.2136162519454956
1.1416664123535156;1.1420634984970093
1.1407897472381592;1.2026358842849731
1.1407709121704102;1.3214694261550903
1.140756368637085;1.212719202041626
1.1402122974395752;1.1687592267990112
1.1402122974395752;1.514158010482788
1.1387358903884888;1.1420084238052368
1.1374166011810303;1.3000861406326294
1.1372172832489014;1.1424825191497803
1.13718843460083;1.2245694398880005
1.136478066444397;1.1766138076782227
1.1359193325042725;1.3207910060882568
1.1355301141738892;1.1760767698287964
1.1335813999176025;1.6202510595321655
1.1311589479446411;1.2237876653671265
1.128857135772705;1.347640872001648
1.1286096572875977;1.191797137260437
1.1273713111877441;1.1987360715866089
1.1273713111877441;1.2586699724197388
1.1273090839385986;1.3460886478424072
1.1267907619476318;1.169374704360962
1.1258091926574707;1.7914360761642456
1.1255357265472412;1.2449548244476318
1.1250351667404175;1.246772050857544
1.1246700286865234;1.2213772535324097
1.1246700286865234;1.4270380735397339
1.1243388652801514;1.4761369228363037
1.1243388652801514;1.4319015741348267
1.1243388652801514;1.4352545738220215
1.1243362426757812;1.2653815746307373
1.1239970922470093;1.6304292678833008
1.1239970922470093;1.2084523439407349
1.1239970922470093;1.1812583208084106
1.1239970922470093;1.6710931062698364
1.1239970922470093;1.471530795097351
1.1236482858657837;1.205122709274292
1.1229923963546753;1.8789551258087158
1.1196718215942383;1.1520692110061646
1.1191966533660889;1.360005497932434
1.1175014972686768;1.7088485956192017
1.1172538995742798;1.2535887956619263
1.1162889003753662;1.4396097660064697
1.1162889003753662;1.6065013408660889
1.1162889003753662;1.4396097660064697
1.1162889003753662;1.134964108467102
1.1162889003753662;1.7637856006622314
1.1162889003753662;1.2066030502319336
1.1152520179748535;1.573560357093811
1.1152520179748535;1.3028886318206787
1.1152520179748535;1.4518452882766724
1.1152520179748535;1.5900750160217285
1.1152520179748535;1.6833200454711914
1.1144015789031982;1.7421551942825317
1.1144015789031982;1.2110477685928345
1.1144015789031982;1.2342700958251953
1.1141530275344849;1.124994158744812
1.1124998331069946;1.3530253171920776
1.1123683452606201;1.4902031421661377
1.1122883558273315;1.443559169769287
1.111952781677246;1.1649776697158813
1.111952781677246;1.1649776697158813
1.1114550828933716;1.1656126976013184
1.110902190208435;1.5344065427780151
1.110902190208435;1.1907551288604736
1.110902190208435;1.1913940906524658
1.1106418371200562;1.4841301441192627
1.1105378866195679;1.1681387424468994
1.109400749206543;1.164843201637268
1.109400749206543;1.2100156545639038
1.108005166053772;1.7847158908843994
1.107622742652893;1.1243362426757812
1.1068617105484009;1.2257698774337769
1.1050735712051392;1.29616379737854
1.1050735712051392;1.1946861743927002
1.1046626567840576;1.1622109413146973
1.1034637689590454;1.1282073259353638
1.1034637689590454;1.2850970029830933
1.1034637689590454;1.3441733121871948
1.1034637689590454;1.437256932258606
1.1034637689590454;1.3514559268951416
1.1025066375732422;1.1217788457870483
1.1025066375732422;1.1960651874542236
1.1025066375732422;1.1420634984970093
1.1019340753555298;1.225892424583435
1.1016074419021606;1.4465948343276978
1.100578784942627;1.1166064739227295
1.0993226766586304;1.6635098457336426
1.0987887382507324;1.3506793975830078
1.0986430644989014;1.1144872903823853
1.097388505935669;1.223740577697754
1.0951213836669922;1.3042033910751343
1.0950305461883545;1.3216639757156372
1.0942846536636353;1.1090224981307983
1.0942846536636353;1.2507489919662476
1.0915801525115967;1.159366488456726
1.0915801525115967;1.10003662109375
1.0915801525115967;1.2160006761550903
1.091109037399292;1.5778290033340454
1.0906046628952026;1.1310044527053833
1.0905568599700928;1.1357717514038086
1.089861273765564;1.183149814605713
1.0887713432312012;1.1610093116760254
1.0859700441360474;1.1228539943695068
1.0855348110198975;1.0905568599700928
1.0855259895324707;1.2324000597000122
1.0853149890899658;1.8344509601593018
1.0853149890899658;1.886921763420105
1.0853149890899658;1.1114550828933716
1.08505380153656;1.0973131656646729
1.084579586982727;1.3953338861465454
1.084579586982727;1.271681308746338
1.084579586982727;1.5221058130264282
1.0842885971069336;1.4851419925689697
1.083481788635254;1.1552603244781494
1.0827091932296753;1.1246700286865234
1.082364559173584;1.1741113662719727
1.081799864768982;1.3090115785598755
1.080833077430725;1.2106752395629883
1.080217957496643;1.1964870691299438
1.080217957496643;1.1964870691299438
1.080217957496643;1.2857438325881958
1.0798962116241455;1.1798771619796753
1.079488754272461;1.3000861406326294
1.0794262886047363;1.1031192541122437
1.0791486501693726;1.2854191064834595
1.0777944326400757;1.1419543027877808
1.0773890018463135;1.1122883558273315
1.0773564577102661;1.084579586982727
1.0773564577102661;1.23023521900177
1.0772541761398315;1.5228344202041626
1.0772541761398315;1.499749779701233
1.0772541761398315;1.1478391885757446
1.0772541761398315;1.377018928527832
1.0772384405136108;1.4235236644744873
1.075994849205017;1.084579586982727
1.075649380683899;1.0941120386123657
1.0751988887786865;1.421390175819397
1.0748841762542725;1.1725984811782837
1.0746673345565796;1.0851130485534668
1.0741032361984253;1.2465773820877075
1.0737215280532837;1.1752480268478394
1.0722897052764893;1.1633220911026
1.0715032815933228;1.3468509912490845
1.0713211297988892;1.1769851446151733
1.0708603858947754;1.0855956077575684
1.0701662302017212;1.4520931243896484
1.0692881345748901;1.2160320281982422
1.0690518617630005;1.2606757879257202
1.068639874458313;1.1511057615280151
1.0663546323776245;1.1172538995742798
1.0638867616653442;1.103325605392456
1.0638867616653442;1.0799006223678589
1.0629760026931763;1.071779489517212
1.0620838403701782;1.2289265394210815
1.0592834949493408;1.626578688621521
1.0592697858810425;1.403115153312683
1.0581907033920288;1.16884446144104
1.0581907033920288;1.2448307275772095
1.0575332641601562;1.1048638820648193
1.057186245918274;1.3253971338272095
1.056327223777771;1.076742172241211
1.0549397468566895;1.2597697973251343
1.0549242496490479;1.3697340488433838
1.054672122001648;1.1554442644119263
1.0543097257614136;1.0653409957885742
1.05202054977417;1.5280866622924805
1.0490926504135132;1.3144145011901855
1.0490045547485352;1.1795673370361328
1.0487014055252075;1.3668216466903687
1.0474177598953247;1.1036256551742554
1.0464777946472168;1.3235722780227661
1.0439292192459106;1.2155214548110962
1.039611577987671;1.0474177598953247
1.0382086038589478;1.2732547521591187
1.0381642580032349;1.1610093116760254
1.038150429725647;1.41176176071167
1.038150429725647;1.0474177598953247
1.038150429725647;1.0474177598953247
1.037937045097351;1.1618664264678955
1.0375672578811646;1.2177298069000244
1.0373581647872925;1.2342411279678345
1.0373581647872925;1.608062744140625
1.036914348602295;1.5826194286346436
1.036914348602295;1.5280866622924805
1.036914348602295;1.2355905771255493
1.036914348602295;1.0688596963882446
1.036900281906128;1.1591652631759644
1.0344206094741821;1.089861273765564
1.0339986085891724;1.2525676488876343
1.0306546688079834;1.1201903820037842
1.0289530754089355;1.1984583139419556
1.0274837017059326;1.4854525327682495
1.0253220796585083;1.0772541761398315
1.025173306465149;1.1549841165542603
1.0248366594314575;1.3433473110198975
1.0248366594314575;1.3306937217712402
1.0248366594314575;1.2777756452560425
1.0247365236282349;1.365431308746338
1.0245412588119507;1.0302213430404663
1.0245412588119507;1.1319682598114014
1.023641586303711;1.0490926504135132
1.023641586303711;1.2778071165084839
1.023443579673767;1.3375080823898315
1.0233871936798096;1.0256835222244263
1.0233871936798096;1.0752606391906738
1.023168921470642;1.1544917821884155
1.0220071077346802;1.0699440240859985
1.0214139223098755;1.0478758811950684
1.0214139223098755;1.506421446800232
1.02090585231781;1.1933164596557617
1.020475149154663;1.2166755199432373
1.0201506614685059;1.3834171295166016
1.019729733467102;1.0906046628952026
1.0197278261184692;1.128334879875183
1.019602656364441;1.0611664056777954
1.0194882154464722;1.1227585077285767
1.0194882154464722;1.172448992729187
1.0194882154464722;1.351427674293518
1.0192832946777344;1.4376224279403687
1.018049716949463;1.1398870944976807
1.018049716949463;1.2456916570663452
1.0177805423736572;1.2087278366088867
1.0175402164459229;1.1051605939865112
1.0165715217590332;1.360005497932434
1.0159486532211304;1.1274629831314087
1.0159486532211304;1.1274629831314087
1.0159486532211304;1.0448203086853027
1.0159486532211304;1.4810434579849243
1.0156903266906738;1.0491403341293335
1.0152056217193604;1.2779765129089355
1.0151456594467163;1.428196668624878
1.0151456594467163;1.3787180185317993
1.0151456594467163;1.111884593963623
1.014350414276123;1.1602904796600342
1.0143187046051025;1.084579586982727
1.01375412940979;1.273578405380249
1.01375412940979;1.7813506126403809
1.0133825540542603;1.1233545541763306
1.0133825540542603;1.095060110092163
1.0129626989364624;1.0193355083465576
1.0129626989364624;1.3562612533569336
1.0129626989364624;1.0193355083465576
1.01210618019104;1.3248369693756104
1.01210618019104;1.1964870691299438
1.012105941772461;1.1226781606674194
1.0118274688720703;1.246732473373413
1.0104094743728638;1.080217957496643
1.0102814435958862;1.1752145290374756
1.0101224184036255;1.084579586982727
1.009444236755371;1.2020177841186523
1.0091354846954346;1.446495771408081
1.0085946321487427;1.0106168985366821
1.008518099784851;1.1066488027572632
1.008518099784851;1.1508147716522217
1.008504867553711;1.0324918031692505
1.0081470012664795;1.321995496749878
1.0081470012664795;1.9389116764068604
1.0053465366363525;1.4564650058746338
1.0053465366363525;1.1413486003875732
1.004275918006897;1.012277603149414
1.0030486583709717;1.0078953504562378
1.0024789571762085;1.0596905946731567
1.000890851020813;1.1656126976013184
1.000330924987793;1.8550139665603638
0.9984251856803894;1.1554442644119263
0.9984251856803894;1.48910653591156
0.997848629951477;1.0778343677520752
0.9976128339767456;1.5722568035125732
0.9974890351295471;1.2735830545425415
0.9972020387649536;1.4262075424194336
0.9967697858810425;1.0546478033065796
0.9967697858810425;1.0489997863769531
0.996023952960968;1.1052916049957275
0.9959680438041687;1.080217957496643
0.9956780672073364;1.4224014282226562
0.9951951503753662;1.3002060651779175
0.9951951503753662;1.070767879486084
0.9949933886528015;1.2157328128814697
0.9949933886528015;1.0596905946731567
0.9949933886528015;1.156673789024353
0.9949555993080139;1.400894045829773
0.9949555993080139;1.0973131656646729
0.9935478568077087;0.9950879216194153
0.9918936491012573;1.1291258335113525
0.9917224049568176;1.1246700286865234
0.9914724230766296;1.0076738595962524
0.9900451302528381;1.068639874458313
0.9885313510894775;1.1946861743927002
0.9885313510894775;1.3253986835479736
0.9885313510894775;1.0984481573104858
0.9884731769561768;1.4476349353790283
0.9874746203422546;1.3749459981918335
0.9874746203422546;1.3095124959945679
0.9872459769248962;1.083481788635254
0.9872063398361206;1.2192414999008179
0.9871003031730652;1.0337302684783936
0.9865185618400574;0.9965773820877075
0.9857075810432434;1.1239970922470093
0.9852222204208374;0.9874746203422546
0.9852222204208374;1.068639874458313
0.9841136336326599;1.1511057615280151
0.9836902618408203;1.2136162519454956
0.9825971126556396;0.9934574365615845
0.9822753071784973;1.2087262868881226
0.981438398361206;1.012662410736084
0.9792386889457703;1.2317779064178467
0.9790233373641968;1.1554442644119263
0.9790233373641968;0.9836902618408203
0.9790233373641968;1.1621270179748535
0.9790233373641968;1.0688596963882446
0.9790233373641968;1.036914348602295
0.9789918661117554;1.2472606897354126
0.9769827723503113;1.0496693849563599
0.97676682472229;1.1152520179748535
0.9760692715644836;1.062638759613037
0.9754780530929565;1.3025838136672974
0.975248396396637;1.111884593963623
0.9745232462882996;1.0362060070037842
0.9745232462882996;1.1323972940444946
0.9739869832992554;1.2697957754135132
0.9739485383033752;0.9965924620628357
0.9730570912361145;1.1633220911026
0.972211480140686;1.0915801525115967
0.9712017774581909;1.036914348602295
0.9712017774581909;0.9872063398361206
0.9712017774581909;1.0417070388793945
0.9712017774581909;0.9790758490562439
0.9709805250167847;1.0487014055252075
0.9708906412124634;1.2801045179367065
0.9706442952156067;1.1068617105484009
0.9702120423316956;1.0421626567840576
0.968823254108429;0.9712858200073242
0.9679622650146484;1.1339505910873413
0.9662792682647705;1.4144055843353271
0.9662361741065979;1.050772786140442
0.9639195799827576;1.2606571912765503
0.9637952446937561;1.1415430307388306
0.9637952446937561;1.279775619506836
0.962476372718811;0.9712017774581909
0.9613977670669556;1.3892847299575806
0.9613709449768066;0.9832892417907715
0.9611603617668152;1.1795355081558228
0.9597875475883484;0.9598000049591064
0.9590718150138855;1.4368058443069458
0.9587422013282776;1.0478957891464233
0.9587351083755493;0.9898911118507385
0.9580404162406921;1.3111708164215088
0.9578342437744141;0.9794805645942688
0.9577141404151917;1.2585891485214233
0.9575023651123047;1.0330603122711182
0.9574812650680542;0.9905370473861694
0.957036554813385;1.153128981590271
0.9563761353492737;1.037498116493225
0.9555379152297974;1.4219571352005005
0.9553199410438538;1.2377504110336304
0.9551151990890503;0.9574812650680542
0.953981339931488;1.1746231317520142
0.9536241888999939;1.1061893701553345
0.9531163573265076;1.0163803100585938
0.9531163573265076;0.9712017774581909
0.9528909921646118;0.9949555993080139
0.9528909921646118;1.2157328128814697
0.9521449208259583;1.0030486583709717
0.9516765475273132;1.2975736856460571
0.9514560699462891;1.07210373878479
0.9505671262741089;1.1554442644119263
0.9495380520820618;0.9562963247299194
0.949133038520813;1.1402122974395752
0.949133038520813;1.1622109413146973
0.9484567642211914;0.9739869832992554
0.9484447240829468;1.4515957832336426
0.9484408497810364;1.2157328128814697
0.9454451203346252;1.2973988056182861
0.9450773000717163;1.5494730472564697
0.9445915818214417;0.9530792832374573
0.9444655179977417;1.0107423067092896
0.9443933367729187;0.9473105669021606
0.94367516040802;1.0487014055252075
0.9434977173805237;1.1441285610198975
0.9434977173805237;0.9739869832992554
0.9434977173805237;1.196358323097229
0.9434348344802856;1.019602656364441
0.9412055611610413;1.2982763051986694
0.9404155611991882;1.0091400146484375
0.9398061633110046;1.2731835842132568
0.9391427040100098;1.098427414894104
0.9385204911231995;1.0266344547271729
0.9385204911231995;0.9476475715637207
0.9371458292007446;1.019602656364441
0.9367839097976685;0.9587351083755493
0.9367839097976685;0.9607008695602417
0.9367839097976685;0.9634525775909424
0.9360492825508118;1.120880365371704
0.9351387023925781;1.0218627452850342
0.9337625503540039;1.1274629831314087
0.9335289597511292;1.4487262964248657
0.9335289597511292;1.1246700286865234
0.9322088360786438;0.9431039690971375
0.9318749904632568;1.068639874458313
0.9318749904632568;1.217352032661438
0.9318749904632568;1.217352032661438
0.9318749904632568;1.217352032661438
0.9318749904632568;1.1731911897659302
0.931549072265625;1.4373661279678345
0.931549072265625;1.1681387424468994
0.931549072265625;0.9705608487129211
0.931549072265625;1.1123683452606201
0.9312450885772705;1.1166948080062866
0.9312450885772705;1.1166948080062866
0.9270771741867065;1.1456207036972046
0.9270002841949463;1.9202909469604492
0.9265660047531128;1.0215253829956055
0.9241985082626343;0.9641860127449036
0.9235581755638123;1.577660322189331
0.9228646755218506;1.0177805423736572
0.9226922392845154;1.1234767436981201
0.9224306344985962;1.080217957496643
0.9220226407051086;0.9427004456520081
0.9199323654174805;1.1984474658966064
0.9197378158569336;1.1051605939865112
0.9195165634155273;1.385688066482544
0.9172680974006653;1.1941311359405518
0.9172634482383728;1.026611566543579
0.9167783260345459;0.9172824621200562
0.9164037704467773;0.9340490698814392
0.9160845279693604;1.3924126625061035
0.9156750440597534;1.2137713432312012
0.9148843288421631;1.023168921470642
0.913743793964386;0.9754040241241455
0.9136719107627869;1.159366488456726
0.9131543636322021;0.9216078519821167
0.9120916724205017;0.9627644419670105
0.9118045568466187;1.0450738668441772
0.9110656380653381;1.1766138076782227
0.9110656380653381;0.9893526434898376
0.9099301695823669;1.0000100135803223
0.9099301695823669;0.9845860004425049
0.9099301695823669;1.4745057821273804
0.9090138077735901;1.1061893701553345
0.9085686802864075;1.1964532136917114
0.9085574746131897;0.9514906406402588
0.9076935648918152;1.0259454250335693
0.9063025116920471;1.1572339534759521
0.9059549570083618;1.0247365236282349
0.9052677750587463;1.3452106714248657
0.9043341279029846;0.9094758033752441
0.9043341279029846;0.9874746203422546
0.9043341279029846;0.9700753688812256
0.9043341279029846;1.677187442779541
0.9043341279029846;1.1124998331069946
0.9043341279029846;1.0617389678955078
0.9043341279029846;0.9094758033752441
0.9043285250663757;1.08505380153656
0.9042455554008484;1.1301357746124268
0.9042455554008484;1.1162889003753662
0.9038674831390381;0.9519813060760498
0.9033226370811462;0.9680960178375244
0.9021123647689819;1.132794976234436
0.9008738398551941;1.0322067737579346
0.9008738398551941;1.4240554571151733
0.9008738398551941;0.9106131792068481
0.9002322554588318;0.9846338033676147
0.9002322554588318;0.9340859651565552
0.8987585306167603;1.0692881345748901
0.898339033126831;0.9560338854789734
0.8979074358940125;1.4481759071350098
0.8963178992271423;1.4583783149719238
0.8960781693458557;0.9134328961372375
0.8956839442253113;0.9486377239227295
0.8953813910484314;1.4582017660140991
0.8949070572853088;0.9075706601142883
0.8935454487800598;0.9056987166404724
0.8935357332229614;0.9896761775016785
0.8930428624153137;0.9884731769561768
0.8930428624153137;0.9893526434898376
0.8930428624153137;1.2655655145645142
0.8930428624153137;1.0215253829956055
0.8930428624153137;0.9160845279693604
0.8930428624153137;0.9598000049591064
0.8930428624153137;1.11652672290802
0.8930428624153137;0.9893526434898376
0.8930428624153137;1.3913730382919312
0.8930428624153137;0.9598000049591064
0.8930428624153137;1.3360964059829712
0.8930428624153137;0.9160845279693604
0.8930428624153137;1.0215253829956055
0.8928689360618591;1.2545571327209473
0.892661452293396;0.9537351131439209
0.89217209815979;0.9938774108886719
0.8920037746429443;1.085187554359436
0.891503095626831;1.0245412588119507
0.8912760019302368;0.9876593351364136
0.88926762342453;0.9569624662399292
0.88926762342453;0.9245009422302246
0.88926762342453;0.9561675190925598
0.88926762342453;0.9043269753456116
0.88926762342453;0.9245009422302246
0.88926762342453;0.9043269753456116
0.88926762342453;1.0942846536636353
0.88926762342453;0.924599289894104
0.88926762342453;0.9245009422302246
0.88926762342453;0.9245009422302246
0.8878865838050842;0.9008738398551941
0.8878188133239746;0.988369345664978
0.8865119218826294;1.071820616722107
0.8861761689186096;0.8928689360618591
0.8861761689186096;0.9564505815505981
0.8861761689186096;1.2151212692260742
0.8861761689186096;0.9564505815505981
0.8861761689186096;1.4922518730163574
0.8861761689186096;1.0490926504135132
0.8861761689186096;1.451094150543213
0.8861761689186096;1.2545571327209473
0.8861761689186096;0.9698625802993774
0.8861761689186096;1.0690518617630005
0.8861761689186096;1.0638867616653442
0.8861761689186096;1.1273713111877441
0.8861761689186096;1.0337376594543457
0.8861761689186096;1.0362060070037842
0.8861761689186096;1.1003377437591553
0.8861761689186096;0.9832892417907715
0.8861761689186096;0.9485521912574768
0.8858731389045715;0.9976128339767456
0.8855048418045044;0.9705608487129211
0.8855048418045044;1.1681387424468994
0.8855048418045044;1.037937045097351
0.8852912783622742;0.9110656380653381
0.8847619891166687;1.0277217626571655
0.8840392231941223;0.9075706601142883
0.8831619620323181;1.0715032815933228
0.8820651173591614;0.8944301605224609
0.88169264793396;1.1687592267990112
0.88169264793396;0.9689728021621704
0.8809154033660889;1.0844806432724
0.8801667094230652;0.9397713541984558
0.8801343441009521;0.9150705337524414
0.8800631165504456;1.2595653533935547
0.8797012567520142;1.084579586982727
0.8790229558944702;0.9096282124519348
0.8790229558944702;0.8945465683937073
0.8790229558944702;0.8945465683937073
0.8789801001548767;1.018049716949463
0.8777106404304504;1.5464558601379395
0.8777106404304504;1.0194882154464722
0.8775315284729004;1.2317779064178467
0.876699686050415;0.8947528600692749
0.8763007521629333;1.046399712562561
0.8763007521629333;0.9852222204208374
0.8762437701225281;0.9059349298477173
0.8760287761688232;1.2910420894622803
0.8760187029838562;0.9268157482147217
0.8735254406929016;0.8978345990180969
0.8714108467102051;1.0214139223098755
0.8709879517555237;0.8930428624153137
0.8700234889984131;1.0112072229385376
0.8697842359542847;0.962713360786438
0.8692370653152466;1.4498745203018188
0.8688217401504517;0.8928689360618591
0.8688217401504517;0.8928689360618591
0.8684351444244385;0.9409865736961365
0.8684351444244385;1.1752480268478394
0.8682047724723816;0.8932098746299744
0.8682047724723816;0.9030029773712158
0.867112934589386;1.0853149890899658
0.866824746131897;0.9754780530929565
0.866824746131897;0.9160845279693604
0.866824746131897;0.9160845279693604
0.866824746131897;1.1917792558670044
0.8668191432952881;0.9318749904632568
0.8668191432952881;0.9318749904632568
0.8668191432952881;0.9318749904632568
0.8668191432952881;1.1162889003753662
0.8668191432952881;1.0158305168151855
0.8668191432952881;0.9043341279029846
0.8664698004722595;1.0855348110198975
0.8660964965820312;1.169094204902649
0.8651206493377686;1.068039059638977
0.8647934794425964;1.11652672290802
0.8644716143608093;0.9408649206161499
0.8635052442550659;0.8714080452919006
0.8635052442550659;0.9779145121574402
0.8629135489463806;1.0653409957885742
0.8616044521331787;1.0312477350234985
0.8616044521331787;0.9876593351364136
0.8616044521331787;1.3084344863891602
0.8616044521331787;0.9824193716049194
0.8616044521331787;0.9876593351364136
0.8612394332885742;1.0432699918746948
0.8610028624534607;0.9817612171173096
0.8610028624534607;1.120473027229309
0.8610028624534607;1.020833969116211
0.8610028624534607;0.9267004132270813
0.8610028624534607;0.9267004132270813
0.8610028624534607;1.080833077430725
0.8605551719665527;0.9431039690971375
0.8602347373962402;0.8923622965812683
0.8602347373962402;0.946349024772644
0.8602347373962402;1.0303961038589478
0.8598482012748718;0.8605551719665527
0.8576555252075195;1.0847841501235962
0.8556350469589233;0.8644716143608093
0.8556000590324402;0.8850586414337158
0.8556000590324402;1.0144745111465454
0.8548237681388855;1.1162889003753662
0.8514756560325623;0.8710194230079651
0.8514239192008972;1.2448307275772095
0.8514239192008972;0.9633130431175232
0.8511537909507751;1.111952781677246
0.8474607467651367;0.949133038520813
0.8474607467651367;0.8606483340263367
0.8474607467651367;1.572291374206543
0.8474607467651367;0.949133038520813
0.8471998572349548;0.9708516597747803
0.8454881310462952;2.038552761077881
0.8454881310462952;0.941597044467926
0.8450222611427307;1.0522767305374146
0.8448147773742676;0.9008738398551941
0.843923032283783;0.857427179813385
0.8432011604309082;1.2240830659866333
0.8431612253189087;0.9710930585861206
0.8428726196289062;0.8651206493377686
0.8418093919754028;0.8803623914718628
0.8406636118888855;0.9186923503875732
0.8404600024223328;1.2854191064834595
0.8404600024223328;0.9484408497810364
0.8404126763343811;0.8445361852645874
0.8404126763343811;0.8445361852645874
0.8399389386177063;0.8404600024223328
0.8397604823112488;0.8594148755073547
0.8392356038093567;0.8441013097763062
0.8387758731842041;1.0337376594543457
0.8383351564407349;1.1327815055847168
0.8367776274681091;0.8547629117965698
0.8365100622177124;0.9360492825508118
0.8362385630607605;1.1836398839950562
0.8362385630607605;1.0214139223098755
0.8357762098312378;0.9874746203422546
0.8357762098312378;0.9784539341926575
0.8345423936843872;1.1274629831314087
0.8345423936843872;0.9337625503540039
0.8341203331947327;0.9899365305900574
0.8334961533546448;1.1003854274749756
0.8309385776519775;0.9763849377632141
0.8309219479560852;1.0297094583511353
0.8304085731506348;1.1066488027572632
0.8287144303321838;0.8930428624153137
0.8274356126785278;0.9001829624176025
0.827404260635376;1.023443579673767
0.8267911076545715;1.0257949829101562
0.8267911076545715;0.9138244986534119
0.8267911076545715;0.9355859756469727
0.8262770771980286;0.8716382384300232
0.8257213830947876;0.9450773000717163
0.8243470191955566;0.9292286038398743
0.8240542411804199;1.0490926504135132
0.8240542411804199;0.843232274055481
0.8235405683517456;1.0201506614685059
0.8231110572814941;1.0640469789505005
0.8229125738143921;1.1687592267990112
0.8229125738143921;0.891658365726471
0.8218367099761963;0.9836902618408203
0.8209173679351807;0.8610028624534607
0.8201481103897095;0.8690040707588196
0.8201481103897095;0.8690040707588196
0.819697916507721;1.0445060729980469
0.819697916507721;1.0193355083465576
0.819697916507721;0.9884731769561768
0.8195804953575134;1.1003854274749756
0.8195804953575134;0.8562337756156921
0.8191083669662476;1.1398870944976807
0.8189989328384399;0.8287144303321838
0.8188304901123047;0.9240033626556396
0.818330705165863;0.9154320955276489
0.8178516030311584;1.0037977695465088
0.8178516030311584;0.8610028624534607
0.8176220655441284;1.2157328128814697
0.8174979090690613;1.0310949087142944
0.8170081973075867;0.8682047724723816
0.8165889978408813;0.876699686050415
0.8163911700248718;0.9484567642211914
0.8162866830825806;0.81725013256073
0.8139367699623108;0.8511537909507751
0.8133186101913452;0.8274356126785278
0.8127182722091675;0.8170081973075867
0.8127182722091675;1.0772384405136108
0.8114225268363953;0.8770725131034851
0.8114187717437744;1.156472086906433
0.8098798394203186;0.88926762342453
0.8097342848777771;0.9572364091873169
0.8093780875205994;0.9043341279029846
0.8088492751121521;0.8496332764625549
0.8088492751121521;0.8496332764625549
0.8088172078132629;1.1327815055847168
0.806513786315918;1.0133957862854004
0.8061331510543823;1.2545571327209473
0.8060969710350037;1.0487014055252075
0.8060969710350037;0.9235193729400635
0.8059437274932861;0.8902612328529358
0.8057564496994019;1.2514270544052124
0.8055511713027954;0.8947912454605103
0.8054990768432617;0.9043341279029846
0.8048251271247864;1.121830940246582
0.8047717213630676;0.94334876537323
0.8041136264801025;0.8178516030311584
0.8041136264801025;0.8178516030311584
0.8037946820259094;0.9561675190925598
0.8036242723464966;1.0177805423736572
0.8021440505981445;1.100299596786499
0.8021440505981445;0.9642639756202698
0.8011825680732727;0.8930428624153137
0.8011825680732727;1.083778738975525
0.8011825680732727;0.8930428624153137
0.8011825680732727;1.0382086038589478
0.8006222248077393;1.084579586982727
0.8005014061927795;0.8884420394897461
0.8000791668891907;0.8461668491363525
0.7993299961090088;0.8244509696960449
0.7993299961090088;0.8279596567153931
0.7988888621330261;1.5276318788528442
0.7976101040840149;1.0106583833694458
0.7976028919219971;0.9681527018547058
0.79757159948349;0.876699686050415
0.7959331274032593;0.799903929233551
0.7942582964897156;0.9474165439605713
0.7931985855102539;0.8690040707588196
0.7930883169174194;0.8454881310462952
0.7914657592773438;0.8789767622947693
0.7901990413665771;1.0315688848495483
0.7900800108909607;0.949133038520813
0.7892044186592102;0.8567442893981934
0.7881631851196289;0.8175125122070312
0.7862110733985901;0.8035146594047546
0.7854379415512085;0.8271862864494324
0.7850224375724792;0.797340452671051
0.7848880290985107;0.823868453502655
0.7848880290985107;1.2428867816925049
0.7838907837867737;0.8621883988380432
0.7818512916564941;0.7921635508537292
0.7816274166107178;0.9474165439605713
0.7816274166107178;0.8175125122070312
0.7808424830436707;0.8437892198562622
0.778805673122406;1.050998330116272
0.7782870531082153;0.8861761689186096
0.7774562835693359;1.028017282485962
0.7774562835693359;1.0880218744277954
0.7768687605857849;1.084579586982727
0.776677131652832;0.8399232029914856
0.7766150832176208;0.8511537909507751
0.7766150832176208;0.8511537909507751
0.776404082775116;1.0369906425476074
0.7745031118392944;0.88926762342453
0.7741398215293884;1.0313721895217896
0.7729339003562927;0.833580493927002
0.7727243900299072;0.8410137295722961
0.7727243900299072;1.1415430307388306
0.7726951241493225;0.7772642970085144
0.7718275785446167;1.6360985040664673
0.7715042233467102;1.0577737092971802
0.7681669592857361;0.8063151836395264
0.7671347856521606;1.019602656364441
0.7671347856521606;1.343194842338562
0.7671347856521606;0.9240033626556396
0.7671347856521606;0.8188304901123047
0.7669442296028137;0.88169264793396
0.7669442296028137;0.9043269753456116
0.7665610909461975;0.7902147173881531
0.7665610909461975;0.7969048619270325
0.7665610909461975;0.7969048619270325
0.7665610909461975;0.8029692769050598
0.7665610909461975;0.8963178992271423
0.7665610909461975;0.8031266927719116
0.7665610909461975;1.1964844465255737
0.7644603252410889;0.818737268447876
0.7641538977622986;1.0481921434402466
0.7637256979942322;1.2165343761444092
0.7626919150352478;0.8003302812576294
0.7626919150352478;0.7816274166107178
0.7626919150352478;0.7816274166107178
0.7626919150352478;0.8003302812576294
0.762039840221405;0.7969048619270325
0.762039840221405;0.7665610909461975
0.762039840221405;0.7665610909461975
0.762039840221405;0.8280701637268066
0.7600111961364746;0.9002322554588318
0.7600111961364746;0.8449578881263733
0.7600111961364746;0.7901990413665771
0.7596096396446228;0.7996336221694946
0.7587835788726807;0.7590821385383606
0.7587835788726807;0.7800680994987488
0.7587835788726807;0.8548798561096191
0.7585328817367554;0.7774562835693359
0.7579419612884521;1.2467329502105713
0.7579419612884521;0.7586022019386292
0.7579419612884521;0.7586022019386292
0.7579419612884521;0.7586022019386292
0.7579419612884521;0.7916253805160522
0.7579419612884521;0.7586022019386292
0.7579419612884521;0.7586022019386292
0.7579419612884521;0.7586022019386292
0.7569141387939453;0.7628270983695984
0.7569141387939453;0.7628270983695984
0.7569141387939453;1.0441670417785645
0.7549760341644287;1.1976207494735718
0.7545725703239441;0.9227886199951172
0.7545725703239441;0.7680302262306213
0.7545725703239441;0.8605483174324036
0.7545725703239441;0.94367516040802
0.7545725703239441;0.8236423134803772
0.7543469071388245;0.8345423936843872
0.7543469071388245;0.8495012521743774
0.7518529295921326;0.938060998916626
0.7509922981262207;0.9032966494560242
0.7500665187835693;0.754571795463562
0.7494752407073975;0.9043341279029846
0.7494752407073975;0.9482452273368835
0.7489725351333618;1.0699872970581055
0.7483991980552673;0.7841817140579224
0.748204231262207;0.8519593477249146
0.747846782207489;0.9476475715637207
0.7472745180130005;0.7507318258285522
0.7456513047218323;0.7850224375724792
0.7416109442710876;0.8449578881263733
0.7414425611495972;0.8628820776939392
0.7403908967971802;0.9754780530929565
0.7373847365379333;0.938715934753418
0.7358754277229309;0.9505320191383362
0.7350126504898071;0.7976101040840149
0.7327877879142761;0.7419514656066895
0.732184886932373;0.7543529272079468
0.7313011288642883;0.7317230701446533
0.7309368848800659;0.79757159948349
0.7280997633934021;0.7660582661628723
0.7275683283805847;1.0159486532211304
0.726021409034729;0.7579419612884521
0.7254580855369568;0.8860326409339905
0.7254580855369568;0.7307353615760803
0.7254580855369568;0.8860326409339905
0.7237006425857544;0.7510972619056702
0.7223299741744995;0.8243470191955566
0.7213770747184753;0.7587835788726807
0.7204070091247559;0.7572057247161865
0.7196928262710571;0.7227298021316528
0.7196773290634155;1.071319818496704
0.7190139293670654;1.109400749206543
0.7190139293670654;0.7520943880081177
0.7190139293670654;0.7520943880081177
0.7190139293670654;0.79757159948349
0.7190139293670654;0.8861761689186096
0.7183771133422852;1.1777342557907104
0.7175369262695312;0.9376619458198547
0.7138943672180176;0.7279133796691895
0.7138087153434753;1.0186512470245361
0.7119361758232117;0.760357677936554
0.7119361758232117;1.0014338493347168
0.7119361758232117;0.7543529272079468
0.7114198803901672;1.0247365236282349
0.7110761404037476;1.0249602794647217
0.7104076147079468;0.7532456517219543
0.7070715427398682;0.7583039402961731
0.7064258456230164;0.7609059810638428
0.705927312374115;0.7525423765182495
0.7040497660636902;0.7324967980384827
0.7039037942886353;0.8445361852645874
0.7018917202949524;0.9836902618408203
0.7018072009086609;0.7234868407249451
0.7017276287078857;0.8429142832756042
0.7017276287078857;0.723881185054779
0.7016282677650452;0.7816274166107178
0.7000278234481812;1.0247365236282349
0.7000278234481812;1.1677801609039307
0.7000278234481812;1.2453526258468628
0.6985489726066589;0.7520943880081177
0.6984601020812988;0.7018917202949524
0.6970154643058777;0.8217083811759949
0.6952451467514038;0.8716427087783813
0.6952061057090759;0.9249383211135864
0.6952061057090759;0.9292286038398743
0.6952061057090759;1.0149171352386475
0.694732129573822;0.7733123302459717
0.6946983933448792;0.7900800108909607
0.6944165825843811;0.8690040707588196
0.6944165825843811;0.8690040707588196
0.6928339004516602;0.9510592818260193
0.6925877332687378;0.7303436994552612
0.6925877332687378;0.7331879138946533
0.6920726299285889;0.7162436842918396
0.6918380260467529;1.036914348602295
0.6918380260467529;0.7349061965942383
0.6918380260467529;0.7349061965942383
0.6918380260467529;0.8091851472854614
0.6917121410369873;0.802970826625824
0.6892557144165039;0.7332489490509033
0.6887261271476746;0.7303436994552612
0.6881626844406128;0.9852222204208374
0.6881626844406128;0.7187381982803345
0.6874766945838928;0.7138087153434753
0.6867664456367493;0.6917141079902649
0.6860830187797546;0.7559738159179688
0.6855868697166443;0.7969048619270325
0.6844723224639893;0.7138087153434753
0.6844723224639893;0.8504917025566101
0.6844723224639893;0.7231442928314209
0.6830456852912903;0.8862928748130798
0.6830456852912903;0.9186923503875732
0.6830456852912903;0.88926762342453
0.6821176409721375;0.8809154033660889
0.6809325814247131;0.7644603252410889
0.6789313554763794;0.7437495589256287
0.6785141229629517;0.732184886932373
0.6765674948692322;0.8651268482208252
0.6760173439979553;0.7234075665473938
0.6753875017166138;0.7077175974845886
0.6741942763328552;0.9029011726379395
0.6738020777702332;0.8963178992271423
0.6737794280052185;0.6809186935424805
0.6733432412147522;0.7579419612884521
0.6728248596191406;0.8245682120323181
0.6707873344421387;0.9451563358306885
0.6707762479782104;0.8765501379966736
0.6701326966285706;0.7447875738143921
0.6700237989425659;1.0201506614685059
0.6690331697463989;0.8388645052909851
0.6678929924964905;0.6912989020347595
0.6676487326622009;0.9006642699241638
0.6638286113739014;0.7671347856521606
0.6638286113739014;0.8188304901123047
0.6631096601486206;0.7300028204917908
0.6631096601486206;1.3834171295166016
0.6631096601486206;0.7202672958374023
0.6626222133636475;0.7068254947662354
0.6606063842773438;0.6931154727935791
0.6606063842773438;0.6690924167633057
0.6606063842773438;0.732184886932373
0.6606063842773438;0.7732020020484924
0.6606063842773438;0.732184886932373
0.6606063842773438;0.732184886932373
0.6605148315429688;0.8917444944381714
0.6568195223808289;0.7489725351333618
0.6562785506248474;0.7491242289543152
0.6561071276664734;0.6830456852912903
0.65607088804245;0.8240542411804199
0.6557655930519104;0.7900800108909607
0.6557589769363403;0.8108595013618469
0.6550150513648987;0.7041492462158203
0.6540908217430115;0.8399191498756409
0.6537655591964722;0.6811688542366028
0.6527457237243652;0.7489725351333618
0.6527457237243652;1.08505380153656
0.6527457237243652;0.6552218794822693
0.6522435545921326;0.6545620560646057
0.6518408060073853;0.7237006425857544
0.6518380641937256;0.7099707126617432
0.6493351459503174;0.8605483174324036
0.6493351459503174;0.9227886199951172
0.6487982273101807;0.7423021197319031
0.6469494700431824;0.7423021197319031
0.6460238695144653;0.8803623914718628
0.6459892988204956;0.6527457237243652
0.6409668326377869;0.6668955087661743
0.6371750831604004;0.6642135977745056
0.6368570923805237;0.7799538373947144
0.6356657147407532;0.7727243900299072
0.6356657147407532;0.7671347856521606
0.6334758400917053;0.6952505111694336
0.6316867470741272;0.9186923503875732
0.6308950185775757;0.8216771483421326
0.6306641101837158;0.6724218726158142
0.6295835971832275;0.7645751237869263
0.6285315752029419;0.7017507553100586
0.6277239322662354;0.6368570923805237
0.6277239322662354;0.6368570923805237
0.6264166831970215;0.6305919885635376
0.6264166831970215;0.7412354946136475
0.6258596181869507;0.7600294947624207
0.6258596181869507;0.7125758528709412
0.6258596181869507;0.9587422013282776
0.6258596181869507;0.7275683283805847
0.6246743202209473;0.8616044521331787
0.6246743202209473;0.6815851926803589
0.6230835914611816;0.8144822716712952
0.6230835914611816;0.8809154033660889
0.6230835914611816;0.6728248596191406
0.6230835914611816;0.6946035623550415
0.6202327013015747;0.7026888132095337
0.6201050877571106;0.6623107194900513
0.6182333827018738;0.645275890827179
0.6181297302246094;0.6426353454589844
0.6179816126823425;0.8231110572814941
0.6174566745758057;0.843923032283783
0.6167770624160767;0.7808424830436707
0.6151220202445984;0.6998573541641235
0.6150477528572083;0.7774562835693359
0.6142458319664001;0.7204723954200745
0.6142458319664001;0.6273859739303589
0.6142458319664001;0.6150477528572083
0.6142458319664001;0.6150477528572083
0.6142458319664001;0.6150477528572083
0.6142458319664001;0.6150477528572083
0.6129913926124573;0.6139276623725891
0.6120244860649109;0.6469494700431824
0.611598789691925;0.7397128343582153
0.609190821647644;0.65607088804245
0.6077579259872437;1.0596905946731567
0.6067956686019897;0.7213770747184753
0.6038234829902649;0.6093962788581848
0.6029937863349915;0.6226782202720642
0.5995705127716064;0.6431888937950134
0.5963788032531738;0.6260122060775757
0.5959066152572632;0.5997294783592224
0.5948196649551392;0.6493351459503174
0.5933504104614258;0.6183243989944458
0.5902663469314575;0.6149836778640747
0.586174726486206;0.6432704329490662
0.5856919884681702;0.6766858696937561
0.581171452999115;0.6038234829902649
0.5800943374633789;0.9277679324150085
0.5800579786300659;0.8727054595947266
0.5799820423126221;0.6928244829177856
0.5784631967544556;0.6926719546318054
0.57668137550354;0.5971390604972839
0.57668137550354;0.6014631390571594
0.5763464570045471;0.590756356716156
0.5759120583534241;0.7077175974845886
0.572506308555603;0.8674461245536804
0.572456419467926;0.7131962180137634
0.5672552585601807;0.6947635412216187
0.5672552585601807;0.8674461245536804
0.566893458366394;0.57231205701828
0.566893458366394;0.57231205701828
0.5647276043891907;0.5699563026428223
0.5647276043891907;0.6255890130996704
0.560957133769989;0.7579419612884521
0.5606546998023987;0.6779161095619202
0.5595707297325134;0.6008532047271729
0.5578505396842957;0.5649892091751099
0.5567981004714966;0.7299538850784302
0.556494951248169;0.6941594481468201
0.5552201271057129;0.6086933016777039
0.5516625046730042;0.8861761689186096
0.5509541034698486;0.5545589923858643
0.5505726337432861;0.6489549279212952
0.5458625555038452;0.7349061965942383
0.5458625555038452;0.6955884695053101
0.5398372411727905;0.6257021427154541
0.5392325520515442;0.6079877614974976
0.5392325520515442;0.6596606969833374
0.5371648669242859;0.5457812547683716
0.5266236662864685;0.6216264963150024
0.5258941650390625;0.5915939211845398
0.5253360867500305;0.5992119312286377
0.5248112082481384;0.5458919405937195
0.5242078900337219;0.5254606008529663
0.5210110545158386;0.8043093085289001
0.5192234516143799;0.5339969396591187
0.5109890699386597;0.7774562835693359
0.5085810422897339;0.5644901990890503
0.5056869983673096;0.5560176968574524
0.5048445463180542;0.6634225845336914
0.5034257769584656;0.6599534153938293
0.49547526240348816;0.5209349393844604
0.49408671259880066;0.5048445463180542
0.49313920736312866;0.5152909159660339
0.49313920736312866;0.5152909159660339
0.4895381033420563;0.5543386936187744
0.48925742506980896;0.6631096601486206
0.488802969455719;0.5426600575447083
0.4876362979412079;0.6552218794822693
0.4850689768791199;0.5061525106430054
0.48460590839385986;0.5038472414016724
0.4840174615383148;0.510750412940979
0.4811016321182251;0.5537407398223877
0.47777998447418213;0.5558083057403564
0.47143810987472534;0.5823295712471008
0.47010669112205505;0.4912627935409546
0.4632079303264618;0.6007609963417053
0.44973206520080566;0.49925369024276733
0.44318386912345886;0.5865306258201599
0.435792475938797;0.4606374502182007
0.43074238300323486;0.5061525106430054
0.43001288175582886;0.44675618410110474
0.42953982949256897;0.43792983889579773
0.42857763171195984;0.46408841013908386
0.426410973072052;0.4422416388988495
0.42321717739105225;0.46381741762161255
0.42213305830955505;0.5129135251045227
0.419590562582016;0.4358338713645935
0.41895541548728943;0.5590811967849731
0.410835325717926;0.5539349913597107
0.410835325717926;0.5539349913597107
0.410835325717926;0.5539349913597107
0.410835325717926;0.47939327359199524
0.410835325717926;0.44392237067222595
0.40907251834869385;0.5012743473052979
0.40827685594558716;0.410835325717926
0.4079718589782715;0.5099353194236755
0.3988962471485138;0.41773730516433716
0.39176785945892334;0.39494407176971436
0.38650426268577576;0.39267054200172424
0.38196101784706116;0.45703044533729553
0.3786194324493408;0.393027663230896
0.3786194324493408;0.39070260524749756
0.37590348720550537;0.487309992313385
0.3755617141723633;0.5259124636650085
0.3728940188884735;0.5341054201126099
0.3692060112953186;0.42046603560447693
0.3682500720024109;0.4384593069553375
0.3649326264858246;0.3920990526676178
0.3632940351963043;0.4157401919364929
0.3602694869041443;0.5590893030166626
0.34574487805366516;0.35732972621917725
0.34469228982925415;0.34662115573883057
0.3430079519748688;0.37073713541030884
0.3364681303501129;0.3521418571472168
0.33370792865753174;0.40853098034858704
0.33102384209632874;0.41192516684532166
0.33074048161506653;0.39383798837661743
0.32289665937423706;0.35500630736351013
0.3130680322647095;0.34160715341567993
0.3130680322647095;0.4098660945892334
0.31290584802627563;0.5039601922035217
0.3115081191062927;0.3331303596496582
0.30348941683769226;0.3181754946708679
0.2904702425003052;0.32769763469696045
0.2660951614379883;0.3121746778488159
0.22463522851467133;0.24983654916286469
0.22430860996246338;0.22723478078842163
0.21755093336105347;0.2514200210571289
