9.292330741882324;9.292990684509277
7.95457649230957;8.735837936401367
7.865637302398682;9.07553768157959
6.99517297744751;7.126764297485352
6.887386798858643;7.028045654296875
6.5164995193481445;7.817773342132568
6.428553104400635;7.706369876861572
6.2738142013549805;6.877828598022461
6.117520332336426;6.549689292907715
6.0496649742126465;6.4168381690979
5.9831767082214355;6.198419094085693
5.678353309631348;5.972405910491943
5.497704029083252;5.680873870849609
5.486389636993408;7.245398044586182
5.425809383392334;5.907200336456299
5.376834392547607;6.156606674194336
5.284637451171875;5.525070667266846
5.120879173278809;6.930908203125
5.087609767913818;5.21199369430542
5.0836501121521;5.435135841369629
4.977248191833496;6.1757683753967285
4.870596885681152;4.910487651824951
4.689079284667969;4.796025276184082
4.662548065185547;5.7418694496154785
4.650566577911377;4.982102394104004
4.540642738342285;4.950076580047607
4.511579990386963;4.619281768798828
4.481482028961182;4.483712673187256
4.481482028961182;5.304413318634033
4.467541694641113;4.849826335906982
4.4202375411987305;5.026617527008057
4.309978485107422;4.378981590270996
4.211456775665283;4.699082851409912
4.203564643859863;5.055884838104248
4.1726975440979;4.551369667053223
4.155417442321777;4.248410701751709
4.096118927001953;4.330418586730957
4.054136276245117;4.884435653686523
4.049288749694824;4.278790473937988
4.031584739685059;6.17165470123291
3.987454414367676;4.002880096435547
3.9281165599823;4.182450294494629
3.820704698562622;5.081153392791748
3.8008065223693848;3.926720380783081
3.775709629058838;4.426311492919922
3.7423465251922607;4.034007549285889
3.6699044704437256;4.716271877288818
3.6696391105651855;3.6915814876556396
3.648658275604248;3.846129894256592
3.5985357761383057;4.58256721496582
3.5944983959198;3.69081449508667
3.5530200004577637;3.6043670177459717
3.5348904132843018;3.727621078491211
3.5317769050598145;3.911165714263916
3.5273587703704834;3.994817018508911
3.5257668495178223;3.8732478618621826
3.517054796218872;3.6100242137908936
3.5061228275299072;4.496480464935303
3.4707138538360596;3.6414756774902344
3.460866928100586;3.49031925201416
3.4578425884246826;3.548558235168457
3.4558005332946777;3.642390012741089
3.4518282413482666;3.457148551940918
3.4273767471313477;3.466235399246216
3.409083127975464;4.191407680511475
3.386932134628296;3.6735527515411377
3.3830528259277344;4.452363014221191
3.360961675643921;3.921308994293213
3.331648349761963;3.4967892169952393
3.2897515296936035;3.4508161544799805
3.2778656482696533;3.517054796218872
3.2404186725616455;4.4947896003723145
3.2372443675994873;3.5473649501800537
3.1969354152679443;4.133850574493408
3.14943528175354;4.711702823638916
3.1468636989593506;3.2404186725616455
3.1261866092681885;3.5318169593811035
3.126039743423462;3.5209765434265137
3.1249632835388184;4.107500076293945
3.1009774208068848;4.085450649261475
3.0928378105163574;4.035345077514648
3.061605215072632;4.507012367248535
3.058138608932495;3.9867374897003174
3.0553295612335205;4.146307945251465
3.0170841217041016;3.6223983764648438
2.9600298404693604;3.0835604667663574
2.945378303527832;3.0117130279541016
2.942875623703003;3.515450954437256
2.9411063194274902;4.397299289703369
2.8987557888031006;3.792816638946533
2.884237051010132;3.0215697288513184
2.8655216693878174;2.9752283096313477
2.8400352001190186;3.2559738159179688
2.8244149684906006;4.373351097106934
2.813753843307495;5.041225433349609
2.8114335536956787;2.9183292388916016
2.7686569690704346;3.181081533432007
2.7593092918395996;3.829820156097412
2.7548093795776367;3.4592275619506836
2.7548093795776367;3.4600090980529785
2.7397754192352295;3.374185562133789
2.7369158267974854;2.8678934574127197
2.7253689765930176;3.648658275604248
2.7201056480407715;3.5625927448272705
2.699894905090332;3.5317769050598145
2.687790870666504;2.7554707527160645
2.674184799194336;2.8578238487243652
2.674184799194336;3.8847339153289795
2.6554501056671143;3.5473649501800537
2.6349360942840576;4.389298439025879
2.623305320739746;3.7416343688964844
2.6230685710906982;2.7755625247955322
2.6230685710906982;2.9812567234039307
2.595700263977051;3.2914910316467285
2.5944581031799316;2.8361730575561523
2.5932865142822266;2.9675345420837402
2.560621738433838;2.7268550395965576
2.5590834617614746;2.8900725841522217
2.5590834617614746;2.804025411605835
2.5590834617614746;2.84791898727417
2.5590834617614746;3.4257705211639404
2.5590834617614746;2.84791898727417
2.5343360900878906;2.6979737281799316
2.5123496055603027;2.657827854156494
2.5123496055603027;3.9431216716766357
2.5123496055603027;2.677091360092163
2.507917642593384;2.9738078117370605
2.507917642593384;2.804025411605835
2.463243007659912;3.20876407623291
2.4479730129241943;2.456089735031128
2.4246764183044434;2.4949264526367188
2.4222490787506104;2.596388339996338
2.412033796310425;2.4313299655914307
2.4099879264831543;3.453913688659668
2.394684076309204;3.0765037536621094
2.3611948490142822;2.4866552352905273
2.3611948490142822;2.567152261734009
2.3457298278808594;2.943155527114868
2.3247416019439697;2.5590834617614746
2.2733278274536133;2.502629041671753
2.2733278274536133;2.6207454204559326
2.265716791152954;2.5586423873901367
2.2641987800598145;2.9411063194274902
2.2597098350524902;2.2811989784240723
2.223559617996216;2.2811989784240723
2.223559617996216;3.0329782962799072
2.2148544788360596;2.3274993896484375
2.2103683948516846;2.3005754947662354
2.1776859760284424;2.3096425533294678
2.140934944152832;2.560621738433838
2.137362241744995;2.2733278274536133
2.122166395187378;2.8369524478912354
2.1013028621673584;2.137362241744995
2.068330764770508;2.106449842453003
2.067483901977539;2.1611759662628174
2.064753293991089;2.203700065612793
2.0371768474578857;2.2297861576080322
2.006382703781128;2.3575189113616943
1.9951043128967285;2.0286967754364014
1.9881411790847778;2.2811989784240723
1.9848171472549438;2.4174723625183105
1.9691014289855957;2.447118043899536
1.9604945182800293;2.4099879264831543
1.851359248161316;2.182441473007202
1.851359248161316;2.42488431930542
1.8307944536209106;2.1163136959075928
1.8162951469421387;2.1321089267730713
1.7060189247131348;1.819229245185852
1.6557896137237549;1.7383346557617188
1.5783116817474365;1.6409292221069336
1.5783116817474365;1.7689075469970703
1.5669981241226196;2.033327102661133
1.437443733215332;1.6750891208648682
